-----------------------------------------------------------------
[16348] 2020/09/16 08:08:07.880 >> Host srvsolace-tp.capital.com.tw
[16348] 2020/09/16 08:08:09.979 連線
[16304] 2020/09/16 08:12:25.046 >> Host srvsolace-tp.capital.com.tw
[16304] 2020/09/16 08:12:27.145 連線
[16304] 2020/09/16 08:13:25.392 -----------------------------------------------------------------
[6088] 2020/09/16 08:14:40.787 >> Host srvsolace-bq2.capital.com.tw
[6088] 2020/09/16 08:14:43.062 連線
[6088] 2020/09/16 08:23:15.589 -----------------------------------------------------------------
[5392] 2020/09/16 08:40:21.128 >> Host srvsolace-bq.capital.com.tw
[5392] 2020/09/16 08:40:23.587 連線
[5392] 2020/09/16 08:59:34.902 -----------------------------------------------------------------
[3432] 2020/09/16 08:59:41.689 >> Host srvsolace-tp.capital.com.tw
[3432] 2020/09/16 08:59:43.878 連線
[3432] 2020/09/16 10:14:53.126 -----------------------------------------------------------------
[21004] 2020/09/16 10:17:16.017 >> Host srvsolace-bq.capital.com.tw
[21004] 2020/09/16 10:17:18.098 連線
[21004] 2020/09/16 13:06:41.051 -----------------------------------------------------------------
[5880] 2020/09/16 14:07:44.719 >> Host srvsolace-bq.capital.com.tw
[5880] 2020/09/16 14:07:49.100 連線
[5880] 2020/09/16 14:08:23.404 -----------------------------------------------------------------
[3392] 2020/09/16 14:44:24.657 >> Host srvsolace-tp.capital.com.tw
[3392] 2020/09/16 14:44:29.037 連線
[3392] 2020/09/16 14:47:34.672 -----------------------------------------------------------------
[7268] 2020/09/16 15:50:27.601 >> Host srvsolace-tp.capital.com.tw
[7268] 2020/09/16 15:50:29.819 連線
[10136] 2020/09/16 15:52:47.813 >> Host srvsolace-tp.capital.com.tw
[10136] 2020/09/16 15:52:49.988 連線
[10136] 2020/09/16 15:54:16.608 -----------------------------------------------------------------
