-----------------------------------------------------------------
[644] 2020/10/02 01:17:50.875 >> Host srvsolace-tp.capital.com.tw
[644] 2020/10/02 01:17:53.093 連線
[644] 2020/10/02 01:21:34.454 -----------------------------------------------------------------
[19376] 2020/10/02 01:26:03.229 >> Host srvsolace-bq2.capital.com.tw
[19376] 2020/10/02 01:26:05.471 連線
[19376] 2020/10/02 01:32:05.081 -----------------------------------------------------------------
[12820] 2020/10/02 01:32:22.018 >> Host srvsolace-tp.capital.com.tw
[12820] 2020/10/02 01:32:24.287 連線
[18220] 2020/10/02 01:37:50.711 >> Host srvsolace-bq2.capital.com.tw
[18220] 2020/10/02 01:37:52.950 連線
[19248] 2020/10/02 01:48:38.376 >> Host srvsolace-bq2.capital.com.tw
[19248] 2020/10/02 01:48:40.634 連線
[12960] 2020/10/02 01:53:04.613 >> Host srvsolace-bq2.capital.com.tw
[12960] 2020/10/02 01:53:06.867 連線
[12960] 2020/10/02 01:58:05.925 -----------------------------------------------------------------
[6252] 2020/10/02 01:58:52.304 >> Host srvsolace-bq2.capital.com.tw
[6252] 2020/10/02 01:58:54.546 連線
[6252] 2020/10/02 01:59:55.945 -----------------------------------------------------------------
[12536] 2020/10/02 09:44:42.551 >> Host srvsolace-bq.capital.com.tw
[12536] 2020/10/02 09:44:44.833 連線
[16304] 2020/10/02 10:54:51.837 >> Host srvsolace-tp.capital.com.tw
[16304] 2020/10/02 10:54:54.082 連線
