-----------------------------------------------------------------
[11320] 2020/09/15 21:50:08.985 SKQuoteLib_EnterMonitor IP¡Gsrvsolace-tp.capital.com.tw
[11320] 2020/09/15 21:50:09.133 OnSessionConnect¡ACode: 0
[11320] 2020/09/15 21:50:09.478 market(0)  Ready!
[11320] 2020/09/15 21:50:09.483 market(1)  Ready!
[11320] 2020/09/15 21:50:09.513 market(2)  Ready!
[11320] 2020/09/15 21:50:09.526 market(3)  Ready!
[11320] 2020/09/15 21:50:09.526 market(4)  Ready!
[11320] 2020/09/15 21:50:09.526 market(2)  Ready!
[11320] 2020/09/15 21:50:09.526 market(3)  Ready!
[11320] 2020/09/15 21:50:10.168 Market Info is OK!
[11320] 2020/09/15 21:50:10.363 Catalog info is OK!
[11320] 2020/09/15 21:50:15.072  SKQuoteLib_RequestTicks ( 2 , TX00 )
[11320] 2020/09/15 21:50:15.072 Return PageNo¡G 0 
[11320] 2020/09/15 21:58:27.568 -----------------------------------------------------------------
[34440] 2020/09/15 21:59:33.221 SKQuoteLib_EnterMonitor IP¡Gsrvsolace-tp.capital.com.tw
[34440] 2020/09/15 21:59:33.346 OnSessionConnect¡ACode: 0
[34440] 2020/09/15 21:59:33.649 market(0)  Ready!
[34440] 2020/09/15 21:59:33.661 market(1)  Ready!
[34440] 2020/09/15 21:59:33.666 market(2)  Ready!
[34440] 2020/09/15 21:59:33.696 market(2)  Ready!
[34440] 2020/09/15 21:59:33.709 market(3)  Ready!
[34440] 2020/09/15 21:59:33.709 market(4)  Ready!
[34440] 2020/09/15 21:59:33.709 market(3)  Ready!
[34440] 2020/09/15 21:59:34.336 Market Info is OK!
[34440] 2020/09/15 21:59:34.527 Catalog info is OK!
[34440] 2020/09/15 21:59:39.075  SKQuoteLib_RequestTicks ( 2 , TX00 )
[34440] 2020/09/15 21:59:39.075 Return PageNo¡G 0 
[34440] 2020/09/15 22:09:59.814 -----------------------------------------------------------------
[1688] 2020/09/15 22:10:44.976 SKQuoteLib_EnterMonitor IP¡Gsrvsolace-bq2.capital.com.tw
[1688] 2020/09/15 22:10:45.112 OnSessionConnect¡ACode: 0
[1688] 2020/09/15 22:10:45.368 market(0)  Ready!
[1688] 2020/09/15 22:10:45.379 market(1)  Ready!
[1688] 2020/09/15 22:10:45.379 market(2)  Ready!
[1688] 2020/09/15 22:10:45.417 market(2)  Ready!
[1688] 2020/09/15 22:10:45.417 market(3)  Ready!
[1688] 2020/09/15 22:10:45.417 market(4)  Ready!
[1688] 2020/09/15 22:10:45.417 market(3)  Ready!
[1688] 2020/09/15 22:10:45.998 Market Info is OK!
[1688] 2020/09/15 22:10:46.194 Catalog info is OK!
[1688] 2020/09/15 22:10:58.808  SKQuoteLib_RequestTicks ( 2 , 2363 )
[1688] 2020/09/15 22:10:58.808 Return PageNo¡G 0 
[1688] 2020/09/15 22:12:23.709 -----------------------------------------------------------------
