-----------------------------------------------------------------
[2272] 2020/09/11 08:19:35.384 >> Host srvsolace-bq.capital.com.tw
[2272] 2020/09/11 08:19:37.584 連線
[2272] 2020/09/11 08:19:43.002 -----------------------------------------------------------------
[16392] 2020/09/11 08:20:49.279 >> Host srvsolace-bq.capital.com.tw
[16392] 2020/09/11 08:20:51.436 連線
[16392] 2020/09/11 08:21:50.014 -----------------------------------------------------------------
[25720] 2020/09/11 08:27:48.095 >> Host srvsolace-bq.capital.com.tw
[25720] 2020/09/11 08:27:50.299 連線
[24216] 2020/09/11 08:29:27.043 >> Host srvsolace-tp.capital.com.tw
[24216] 2020/09/11 08:29:29.267 連線
[24216] 2020/09/11 08:32:43.221 -----------------------------------------------------------------
[26036] 2020/09/11 08:36:27.144 >> Host srvsolace-tp.capital.com.tw
[26036] 2020/09/11 08:36:29.368 連線
[26036] 2020/09/11 08:53:18.255 -----------------------------------------------------------------
[14244] 2020/09/11 08:56:47.003 >> Host srvsolace-bq.capital.com.tw
[14244] 2020/09/11 08:56:49.144 連線
[14244] 2020/09/11 09:35:01.574 -----------------------------------------------------------------
[15952] 2020/09/11 09:39:05.342 >> Host srvsolace-bq.capital.com.tw
[15952] 2020/09/11 09:39:07.602 連線
[15952] 2020/09/11 09:39:30.103 -----------------------------------------------------------------
[21248] 2020/09/11 09:40:09.876 >> Host srvsolace-bq.capital.com.tw
[21248] 2020/09/11 09:40:12.061 連線
[18776] 2020/09/11 10:51:24.151 >> Host srvsolace-bq2.capital.com.tw
[18776] 2020/09/11 10:51:26.517 連線
[18776] 2020/09/11 11:17:12.199 -----------------------------------------------------------------
[18944] 2020/09/11 11:53:05.595 >> Host srvsolace-bq2.capital.com.tw
[18944] 2020/09/11 11:53:07.830 連線
[18944] 2020/09/11 11:53:14.520 -----------------------------------------------------------------
[2180] 2020/09/11 11:54:06.741 >> Host srvsolace-tp.capital.com.tw
[2180] 2020/09/11 11:54:09.015 連線
[8252] 2020/09/11 13:02:38.729 >> Host srvsolace-bq2.capital.com.tw
[8252] 2020/09/11 13:02:40.835 連線
[8252] 2020/09/11 13:26:18.737 -----------------------------------------------------------------
[19424] 2020/09/11 13:26:44.061 >> Host srvsolace-bq2.capital.com.tw
[19424] 2020/09/11 13:26:46.305 連線
[18412] 2020/09/11 14:35:27.491 >> Host srvsolace-bq.capital.com.tw
[18412] 2020/09/11 14:35:29.655 連線
[15960] 2020/09/11 14:39:26.531 >> Host srvsolace-tp.capital.com.tw
[15960] 2020/09/11 14:39:28.683 連線
[15960] 2020/09/11 14:39:57.925 -----------------------------------------------------------------
[11332] 2020/09/11 14:42:21.233 >> Host srvsolace-tp.capital.com.tw
[11332] 2020/09/11 14:42:23.332 連線
[11332] 2020/09/11 14:46:05.352 -----------------------------------------------------------------
[21476] 2020/09/11 14:55:50.509 >> Host srvsolace-bq2.capital.com.tw
[21476] 2020/09/11 14:55:52.638 連線
[20880] 2020/09/11 14:57:36.211 >> Host srvsolace-bq2.capital.com.tw
[20880] 2020/09/11 14:57:38.314 連線
[20880] 2020/09/11 15:00:26.256 -----------------------------------------------------------------
[20696] 2020/09/11 15:02:30.284 >> Host srvsolace-bq.capital.com.tw
[20696] 2020/09/11 15:02:32.185 連線
[20696] 2020/09/11 15:03:06.163 -----------------------------------------------------------------
[18616] 2020/09/11 15:03:55.104 >> Host srvsolace-bq.capital.com.tw
[18616] 2020/09/11 15:03:57.148 連線
[13232] 2020/09/11 15:21:23.780 >> Host srvsolace-tp.capital.com.tw
[13232] 2020/09/11 15:21:25.772 連線
[13232] 2020/09/11 15:24:26.200 -----------------------------------------------------------------
[5468] 2020/09/11 15:24:29.918 >> Host srvsolace-bq2.capital.com.tw
[5468] 2020/09/11 15:24:32.007 連線
[7044] 2020/09/11 15:28:12.620 >> Host srvsolace-bq.capital.com.tw
[7044] 2020/09/11 15:28:14.734 連線
[2976] 2020/09/11 15:29:37.275 >> Host srvsolace-bq2.capital.com.tw
[2976] 2020/09/11 15:29:39.357 連線
[8508] 2020/09/11 15:37:30.534 >> Host srvsolace-tp.capital.com.tw
[8508] 2020/09/11 15:37:32.602 連線
[21084] 2020/09/11 15:39:17.791 >> Host srvsolace-tp.capital.com.tw
[21084] 2020/09/11 15:39:19.742 連線
[21084] 2020/09/11 15:39:49.948 -----------------------------------------------------------------
[39572] 2020/09/11 17:54:14.574 >> Host srvsolace-bq.capital.com.tw
[39572] 2020/09/11 17:54:31.073 連線
[39572] 2020/09/11 17:55:34.658 -----------------------------------------------------------------
[39400] 2020/09/11 20:34:44.941 >> Host srvsolace-bq.capital.com.tw
[39400] 2020/09/11 20:34:47.717 連線
[28452] 2020/09/11 20:38:20.739 >> Host srvsolace-tp.capital.com.tw
[28452] 2020/09/11 20:38:23.323 連線
[5500] 2020/09/11 20:40:50.010 >> Host srvsolace-tp.capital.com.tw
[5500] 2020/09/11 20:40:52.319 連線
[37764] 2020/09/11 20:55:01.164 >> Host srvsolace-bq.capital.com.tw
[37764] 2020/09/11 20:55:16.971 連線
[37764] 2020/09/11 21:19:02.149 -----------------------------------------------------------------
[1056] 2020/09/11 21:24:26.386 >> Host srvsolace-bq2.capital.com.tw
[1056] 2020/09/11 21:24:29.660 連線
[1056] 2020/09/11 21:25:52.784 -----------------------------------------------------------------
[26984] 2020/09/11 21:26:18.268 >> Host srvsolace-tp.capital.com.tw
[26984] 2020/09/11 21:26:21.014 連線
[26984] 2020/09/11 21:27:14.877 -----------------------------------------------------------------
[12964] 2020/09/11 21:27:33.323 >> Host srvsolace-tp.capital.com.tw
[12964] 2020/09/11 21:27:35.693 連線
[12964] 2020/09/11 21:29:55.714 -----------------------------------------------------------------
[41980] 2020/09/11 21:35:13.392 >> Host srvsolace-bq2.capital.com.tw
[41980] 2020/09/11 21:35:15.945 連線
[41980] 2020/09/11 21:36:32.776 -----------------------------------------------------------------
[12140] 2020/09/11 21:36:48.995 >> Host srvsolace-bq2.capital.com.tw
[12140] 2020/09/11 21:36:51.778 連線
[12140] 2020/09/11 21:42:01.019 -----------------------------------------------------------------
[39272] 2020/09/11 21:46:55.705 >> Host srvsolace-bq2.capital.com.tw
[39272] 2020/09/11 21:46:58.433 連線
[3220] 2020/09/11 23:20:27.830 >> Host srvsolace-bq2.capital.com.tw
[3220] 2020/09/11 23:20:30.403 連線
[3220] 2020/09/11 23:25:35.783 -----------------------------------------------------------------
[22812] 2020/09/11 23:32:51.082 >> Host srvsolace-tp.capital.com.tw
[22812] 2020/09/11 23:32:53.466 連線
[22812] 2020/09/11 23:34:59.628 -----------------------------------------------------------------
[35140] 2020/09/11 23:35:36.107 >> Host srvsolace-bq2.capital.com.tw
[35140] 2020/09/11 23:35:38.435 連線
[35140] 2020/09/11 23:36:49.515 -----------------------------------------------------------------
[28048] 2020/09/11 23:40:29.434 >> Host srvsolace-tp.capital.com.tw
[28048] 2020/09/11 23:40:31.907 連線
[28048] 2020/09/11 23:41:04.826 -----------------------------------------------------------------
[8124] 2020/09/11 23:43:43.123 >> Host srvsolace-tp.capital.com.tw
[8124] 2020/09/11 23:43:45.673 連線
[8124] 2020/09/11 23:55:25.725 -----------------------------------------------------------------
