-----------------------------------------------------------------
[17928] 2020/09/10 08:27:57.079 >> Host srvsolace-bq.capital.com.tw
[17928] 2020/09/10 08:27:59.604 連線
[1640] 2020/09/10 08:46:47.426 >> Host srvsolace-bq2.capital.com.tw
[1640] 2020/09/10 08:46:49.934 連線
[25688] 2020/09/10 09:26:33.504 >> Host srvsolace-tp.capital.com.tw
[25688] 2020/09/10 09:26:35.941 連線
[25688] 2020/09/10 09:26:54.251 -----------------------------------------------------------------
[26768] 2020/09/10 09:27:35.502 >> Host srvsolace-bq2.capital.com.tw
[26768] 2020/09/10 09:27:37.752 連線
[26768] 2020/09/10 09:27:56.015 -----------------------------------------------------------------
[14756] 2020/09/10 09:28:36.900 >> Host srvsolace-bq2.capital.com.tw
[14756] 2020/09/10 09:28:39.192 連線
[14340] 2020/09/10 09:30:36.741 >> Host srvsolace-bq2.capital.com.tw
[14340] 2020/09/10 09:30:38.992 連線
[11956] 2020/09/10 09:36:39.046 >> Host srvsolace-bq2.capital.com.tw
[11956] 2020/09/10 09:36:41.312 連線
[20868] 2020/09/10 09:44:46.237 >> Host srvsolace-bq2.capital.com.tw
[20868] 2020/09/10 09:44:48.470 連線
[11316] 2020/09/10 09:47:12.024 >> Host srvsolace-tp.capital.com.tw
[11316] 2020/09/10 09:47:14.277 連線
[25632] 2020/09/10 09:48:35.504 >> Host srvsolace-tp.capital.com.tw
[25632] 2020/09/10 09:48:37.811 連線
[25632] 2020/09/10 09:49:29.930 -----------------------------------------------------------------
[25796] 2020/09/10 09:49:47.220 >> Host srvsolace-tp.capital.com.tw
[25796] 2020/09/10 09:49:49.454 連線
[20128] 2020/09/10 09:55:20.989 >> Host srvsolace-bq.capital.com.tw
[20128] 2020/09/10 09:55:23.418 連線
[20128] 2020/09/10 09:55:27.068 -----------------------------------------------------------------
[17576] 2020/09/10 09:58:49.547 >> Host srvsolace-bq2.capital.com.tw
[17576] 2020/09/10 09:58:51.842 連線
[26320] 2020/09/10 10:40:55.612 >> Host srvsolace-bq.capital.com.tw
[26320] 2020/09/10 10:40:57.881 連線
[20624] 2020/09/10 10:45:08.363 >> Host srvsolace-tp.capital.com.tw
[20624] 2020/09/10 10:45:10.609 連線
[20624] 2020/09/10 13:16:04.594 -----------------------------------------------------------------
[22984] 2020/09/10 13:41:56.279 >> Host srvsolace-bq2.capital.com.tw
[22984] 2020/09/10 13:41:58.528 連線
[15280] 2020/09/10 13:44:08.230 >> Host srvsolace-bq.capital.com.tw
[15280] 2020/09/10 13:44:10.457 連線
[9996] 2020/09/10 13:48:03.696 >> Host srvsolace-bq.capital.com.tw
[9996] 2020/09/10 13:48:05.927 連線
[11580] 2020/09/10 13:50:40.880 >> Host srvsolace-tp.capital.com.tw
[11580] 2020/09/10 13:50:43.114 連線
[11580] 2020/09/10 13:51:05.317 -----------------------------------------------------------------
[14192] 2020/09/10 13:52:28.169 >> Host srvsolace-bq.capital.com.tw
[14192] 2020/09/10 13:52:30.432 連線
[25968] 2020/09/10 13:58:55.786 >> Host srvsolace-bq2.capital.com.tw
[25968] 2020/09/10 13:58:58.029 連線
[25968] 2020/09/10 13:59:01.821 -----------------------------------------------------------------
[19972] 2020/09/10 13:59:19.571 >> Host srvsolace-bq.capital.com.tw
[19972] 2020/09/10 13:59:21.809 連線
[19972] 2020/09/10 13:59:24.821 -----------------------------------------------------------------
[11104] 2020/09/10 13:59:39.929 >> Host srvsolace-tp.capital.com.tw
[11104] 2020/09/10 13:59:42.172 連線
[11104] 2020/09/10 13:59:47.783 -----------------------------------------------------------------
[18756] 2020/09/10 14:00:25.035 >> Host srvsolace-bq2.capital.com.tw
[18756] 2020/09/10 14:00:27.284 連線
[18756] 2020/09/10 14:00:42.106 -----------------------------------------------------------------
[492] 2020/09/10 14:01:07.205 >> Host srvsolace-bq.capital.com.tw
[492] 2020/09/10 14:01:09.475 連線
[22780] 2020/09/10 14:02:48.739 >> Host srvsolace-tp.capital.com.tw
[22780] 2020/09/10 14:02:50.976 連線
[24904] 2020/09/10 14:05:13.570 >> Host srvsolace-tp.capital.com.tw
[24904] 2020/09/10 14:05:15.784 連線
[24904] 2020/09/10 14:06:57.005 -----------------------------------------------------------------
[3692] 2020/09/10 14:17:16.668 >> Host srvsolace-bq.capital.com.tw
[3692] 2020/09/10 14:17:18.835 連線
[24096] 2020/09/10 14:19:51.937 >> Host srvsolace-tp.capital.com.tw
[24096] 2020/09/10 14:19:54.117 連線
[6444] 2020/09/10 14:21:05.595 >> Host srvsolace-bq.capital.com.tw
[6444] 2020/09/10 14:21:07.847 連線
[9708] 2020/09/10 14:21:41.316 >> Host srvsolace-bq.capital.com.tw
[9708] 2020/09/10 14:21:43.494 連線
[19076] 2020/09/10 14:25:00.939 >> Host srvsolace-bq2.capital.com.tw
[19076] 2020/09/10 14:25:03.106 連線
[7916] 2020/09/10 14:36:18.662 >> Host srvsolace-bq2.capital.com.tw
[7916] 2020/09/10 14:36:20.885 連線
[7804] 2020/09/10 14:41:21.966 >> Host srvsolace-tp.capital.com.tw
[7804] 2020/09/10 14:41:24.212 連線
[21508] 2020/09/10 14:48:56.387 >> Host srvsolace-tp.capital.com.tw
[21508] 2020/09/10 14:48:58.582 連線
[25856] 2020/09/10 15:30:17.751 >> Host srvsolace-tp.capital.com.tw
[25856] 2020/09/10 15:30:19.824 連線
[19104] 2020/09/10 15:34:00.506 >> Host srvsolace-bq2.capital.com.tw
[19104] 2020/09/10 15:34:02.587 連線
[23068] 2020/09/10 15:37:43.203 >> Host srvsolace-bq.capital.com.tw
[23068] 2020/09/10 15:37:45.269 連線
[4032] 2020/09/10 15:55:40.156 >> Host srvsolace-bq2.capital.com.tw
[4032] 2020/09/10 15:55:42.273 連線
[27248] 2020/09/10 15:58:16.384 >> Host srvsolace-bq2.capital.com.tw
[27248] 2020/09/10 15:58:18.453 連線
[3796] 2020/09/10 16:00:21.858 >> Host srvsolace-bq.capital.com.tw
[3796] 2020/09/10 16:00:24.003 連線
[24484] 2020/09/10 16:06:22.313 >> Host srvsolace-tp.capital.com.tw
[24484] 2020/09/10 16:06:24.370 連線
[24484] 2020/09/10 16:16:27.052 -----------------------------------------------------------------
[19676] 2020/09/10 16:17:39.970 >> Host srvsolace-tp.capital.com.tw
[19676] 2020/09/10 16:17:42.060 連線
[25868] 2020/09/10 16:40:53.000 >> Host srvsolace-tp.capital.com.tw
[25868] 2020/09/10 16:40:55.013 連線
[19380] 2020/09/10 16:42:52.236 >> Host srvsolace-bq.capital.com.tw
[19380] 2020/09/10 16:42:54.266 連線
[19380] 2020/09/10 16:42:59.801 -----------------------------------------------------------------
[3412] 2020/09/10 16:44:55.788 >> Host srvsolace-bq2.capital.com.tw
[3412] 2020/09/10 16:44:57.903 連線
[2284] 2020/09/10 16:46:14.178 >> Host srvsolace-bq.capital.com.tw
[2284] 2020/09/10 16:46:16.252 連線
[2284] 2020/09/10 16:50:39.540 -----------------------------------------------------------------
[15076] 2020/09/10 17:18:43.803 >> Host srvsolace-tp.capital.com.tw
[15076] 2020/09/10 17:18:45.913 連線
[9908] 2020/09/10 17:20:17.327 >> Host srvsolace-tp.capital.com.tw
[9908] 2020/09/10 17:20:19.401 連線
[13848] 2020/09/10 17:20:54.363 >> Host srvsolace-tp.capital.com.tw
[13848] 2020/09/10 17:20:56.434 連線
[13848] 2020/09/10 17:21:35.393 -----------------------------------------------------------------
[22756] 2020/09/10 17:22:42.896 >> Host srvsolace-bq2.capital.com.tw
[22756] 2020/09/10 17:22:45.006 連線
[22756] 2020/09/10 17:22:57.083 -----------------------------------------------------------------
[21500] 2020/09/10 17:23:03.239 >> Host srvsolace-tp.capital.com.tw
[21500] 2020/09/10 17:23:05.317 連線
[21500] 2020/09/10 17:23:19.556 -----------------------------------------------------------------
[25244] 2020/09/10 17:23:24.628 >> Host srvsolace-bq.capital.com.tw
[25244] 2020/09/10 17:23:26.685 連線
[25244] 2020/09/10 17:25:05.671 -----------------------------------------------------------------
[11968] 2020/09/10 18:04:23.985 >> Host srvsolace-bq2.capital.com.tw
[11968] 2020/09/10 18:04:38.463 連線
[11988] 2020/09/10 20:26:57.982 >> Host srvsolace-bq.capital.com.tw
[11988] 2020/09/10 20:27:12.776 連線
[28580] 2020/09/10 20:32:35.322 >> Host srvsolace-tp.capital.com.tw
[28580] 2020/09/10 20:32:50.417 連線
[28580] 2020/09/10 20:42:54.469 -----------------------------------------------------------------
[23468] 2020/09/10 20:44:37.721 >> Host srvsolace-bq2.capital.com.tw
[23468] 2020/09/10 20:44:53.781 連線
[23468] 2020/09/10 20:45:16.207 -----------------------------------------------------------------
