-----------------------------------------------------------------
[10580] 2020/10/07 00:18:17.156 >> Host srvsolace-tp.capital.com.tw
[10580] 2020/10/07 00:18:19.442 連線
[10580] 2020/10/07 00:25:01.558 -----------------------------------------------------------------
[15792] 2020/10/07 00:25:06.431 >> Host srvsolace-bq2.capital.com.tw
[15792] 2020/10/07 00:25:08.730 連線
[15792] 2020/10/07 00:47:26.623 -----------------------------------------------------------------
[21012] 2020/10/07 13:13:26.600 >> Host srvsolace-bq2.capital.com.tw
[21012] 2020/10/07 13:13:29.160 連線
[21012] 2020/10/07 13:30:25.459 -----------------------------------------------------------------
[168] 2020/10/07 15:28:46.652 >> Host srvsolace-bq.capital.com.tw
[168] 2020/10/07 15:28:48.929 連線
[168] 2020/10/07 15:29:32.598 -----------------------------------------------------------------
[13300] 2020/10/07 15:29:36.170 >> Host srvsolace-bq.capital.com.tw
[13300] 2020/10/07 15:29:38.409 連線
[14032] 2020/10/07 16:26:20.714 >> Host srvsolace-bq2.capital.com.tw
[14032] 2020/10/07 16:26:22.991 連線
[18364] 2020/10/07 16:37:40.619 >> Host srvsolace-tp.capital.com.tw
[18364] 2020/10/07 16:37:42.913 連線
[20516] 2020/10/07 16:40:27.701 >> Host srvsolace-bq.capital.com.tw
[20516] 2020/10/07 16:40:30.040 連線
[20516] 2020/10/07 16:42:11.169 -----------------------------------------------------------------
