-----------------------------------------------------------------
[3636] 2020/11/11 09:13:05.921 SKQuoteLib_EnterMonitor IP¡Gsrvsolace-bq.capital.com.tw
[3636] 2020/11/11 09:13:06.035 OnSessionConnect¡ACode: 0
[3636] 2020/11/11 09:13:06.454 market(0)  Ready!
[3636] 2020/11/11 09:13:06.514 market(2)  Ready!
[3636] 2020/11/11 09:13:06.514 market(1)  Ready!
[3636] 2020/11/11 09:13:06.514 market(3)  Ready!
[3636] 2020/11/11 09:13:06.514 market(2)  Ready!
[3636] 2020/11/11 09:13:06.514 market(3)  Ready!
[3636] 2020/11/11 09:13:06.514 market(4)  Ready!
[3636] 2020/11/11 09:13:06.869 Market Info is OK!
[3636] 2020/11/11 09:13:06.961 Catalog info is OK!
[3636] 2020/11/11 09:13:09.373 RequestStockList MarketNo is 9999
[3636] 2020/11/11 09:13:35.520 SKQuoteLib_GetKLine(4,1101 )
[3636] 2020/11/11 09:13:36.337 SKQuoteLib_GetKLine(4,1102 )
[3636] 2020/11/11 09:13:36.780 SKQuoteLib_GetKLine(4,1103 )
[3636] 2020/11/11 09:13:37.212 SKQuoteLib_GetKLine(4,1104 )
[3636] 2020/11/11 09:13:37.629 SKQuoteLib_GetKLine(4,1108 )
[3636] 2020/11/11 09:13:38.022 SKQuoteLib_GetKLine(4,1109 )
[3636] 2020/11/11 09:13:38.141 SKQuoteLib_GetKLine(4,1110 )
[3636] 2020/11/11 09:13:38.553 SKQuoteLib_GetKLine(4,1201 )
[3636] 2020/11/11 09:13:39.048 SKQuoteLib_GetKLine(4,1203 )
[3636] 2020/11/11 09:13:39.512 SKQuoteLib_GetKLine(4,1210 )
[3636] 2020/11/11 09:13:40.150 SKQuoteLib_GetKLine(4,1213 )
[3636] 2020/11/11 09:13:40.759 SKQuoteLib_GetKLine(4,1215 )
[3636] 2020/11/11 09:13:41.248 SKQuoteLib_GetKLine(4,1216 )
[3636] 2020/11/11 09:13:42.526 SKQuoteLib_GetKLine(4,1217 )
[3636] 2020/11/11 09:13:43.007 SKQuoteLib_GetKLine(4,1218 )
[3636] 2020/11/11 09:13:43.573 SKQuoteLib_GetKLine(4,1219 )
[3636] 2020/11/11 09:13:44.052 SKQuoteLib_GetKLine(4,1220 )
[3636] 2020/11/11 09:13:44.431 SKQuoteLib_GetKLine(4,1225 )
[3636] 2020/11/11 09:13:44.858 SKQuoteLib_GetKLine(4,1227 )
[3636] 2020/11/11 09:13:45.312 SKQuoteLib_GetKLine(4,1229 )
[3636] 2020/11/11 09:13:45.763 SKQuoteLib_GetKLine(4,1231 )
[3636] 2020/11/11 09:13:46.196 SKQuoteLib_GetKLine(4,1232 )
[3636] 2020/11/11 09:13:46.720 SKQuoteLib_GetKLine(4,1233 )
[3636] 2020/11/11 09:13:48.023 SKQuoteLib_GetKLine(4,1234 )
[3636] 2020/11/11 09:13:48.370 SKQuoteLib_GetKLine(4,1235 )
[3636] 2020/11/11 09:13:49.958 SKQuoteLib_GetKLine(4,1236 )
[3636] 2020/11/11 09:13:50.403 SKQuoteLib_GetKLine(4,1256 )
[3636] 2020/11/11 09:13:50.518 SKQuoteLib_GetKLine(4,1702 )
[3636] 2020/11/11 09:13:51.000 SKQuoteLib_GetKLine(4,1737 )
[3636] 2020/11/11 09:13:51.634 SKQuoteLib_GetKLine(4,1301 )
[3636] 2020/11/11 09:13:52.328 SKQuoteLib_GetKLine(4,1303 )
[3636] 2020/11/11 09:13:52.757 SKQuoteLib_GetKLine(4,1304 )
[3636] 2020/11/11 09:13:53.184 SKQuoteLib_GetKLine(4,1305 )
[3636] 2020/11/11 09:13:53.625 SKQuoteLib_GetKLine(4,1307 )
[3636] 2020/11/11 09:13:54.081 SKQuoteLib_GetKLine(4,1308 )
[3636] 2020/11/11 09:13:54.568 SKQuoteLib_GetKLine(4,1309 )
[3636] 2020/11/11 09:13:55.089 SKQuoteLib_GetKLine(4,1310 )
[3636] 2020/11/11 09:13:55.556 SKQuoteLib_GetKLine(4,1312 )
[3636] 2020/11/11 09:13:55.958 SKQuoteLib_GetKLine(4,1313 )
[3636] 2020/11/11 09:13:56.376 SKQuoteLib_GetKLine(4,1314 )
[3636] 2020/11/11 09:13:56.789 SKQuoteLib_GetKLine(4,1315 )
[3636] 2020/11/11 09:13:57.183 SKQuoteLib_GetKLine(4,1321 )
[3636] 2020/11/11 09:13:57.507 SKQuoteLib_GetKLine(4,1323 )
[3636] 2020/11/11 09:13:57.854 SKQuoteLib_GetKLine(4,1324 )
[3636] 2020/11/11 09:13:58.197 SKQuoteLib_GetKLine(4,1325 )
[3636] 2020/11/11 09:13:58.467 SKQuoteLib_GetKLine(4,1326 )
[3636] 2020/11/11 09:13:58.847 SKQuoteLib_GetKLine(4,1337 )
[3636] 2020/11/11 09:13:58.973 SKQuoteLib_GetKLine(4,1340 )
[3636] 2020/11/11 09:13:59.164 SKQuoteLib_GetKLine(4,1341 )
[3636] 2020/11/11 09:13:59.253 SKQuoteLib_GetKLine(4,4306 )
[3636] 2020/11/11 09:13:59.530 SKQuoteLib_GetKLine(4,1402 )
[3636] 2020/11/11 09:14:00.339 SKQuoteLib_GetKLine(4,1409 )
[3636] 2020/11/11 09:14:00.872 SKQuoteLib_GetKLine(4,1410 )
[3636] 2020/11/11 09:14:01.459 SKQuoteLib_GetKLine(4,1413 )
[3636] 2020/11/11 09:14:01.909 SKQuoteLib_GetKLine(4,1414 )
[3636] 2020/11/11 09:14:02.500 SKQuoteLib_GetKLine(4,1417 )
[3636] 2020/11/11 09:14:03.016 SKQuoteLib_GetKLine(4,1418 )
[3636] 2020/11/11 09:14:03.541 SKQuoteLib_GetKLine(4,1419 )
[3636] 2020/11/11 09:14:03.949 SKQuoteLib_GetKLine(4,1423 )
[3636] 2020/11/11 09:14:04.384 SKQuoteLib_GetKLine(4,1434 )
[3636] 2020/11/11 09:14:04.840 SKQuoteLib_GetKLine(4,1439 )
[3636] 2020/11/11 09:14:05.258 SKQuoteLib_GetKLine(4,1440 )
[3636] 2020/11/11 09:14:05.689 SKQuoteLib_GetKLine(4,1441 )
[3636] 2020/11/11 09:14:06.099 SKQuoteLib_GetKLine(4,1443 )
[3636] 2020/11/11 09:14:06.532 SKQuoteLib_GetKLine(4,1444 )
[3636] 2020/11/11 09:14:07.056 SKQuoteLib_GetKLine(4,1445 )
[3636] 2020/11/11 09:14:07.521 SKQuoteLib_GetKLine(4,1446 )
[3636] 2020/11/11 09:14:07.892 SKQuoteLib_GetKLine(4,1447 )
[3636] 2020/11/11 09:14:08.365 SKQuoteLib_GetKLine(4,1449 )
[3636] 2020/11/11 09:14:09.063 SKQuoteLib_GetKLine(4,1451 )
[3636] 2020/11/11 09:14:09.606 SKQuoteLib_GetKLine(4,1452 )
[3636] 2020/11/11 09:14:09.995 SKQuoteLib_GetKLine(4,1453 )
[3636] 2020/11/11 09:14:10.354 SKQuoteLib_GetKLine(4,1454 )
[3636] 2020/11/11 09:14:10.761 SKQuoteLib_GetKLine(4,1455 )
[3636] 2020/11/11 09:14:11.303 SKQuoteLib_GetKLine(4,1456 )
[3636] 2020/11/11 09:14:11.664 SKQuoteLib_GetKLine(4,1457 )
[3636] 2020/11/11 09:14:12.139 SKQuoteLib_GetKLine(4,1459 )
[3636] 2020/11/11 09:14:12.585 SKQuoteLib_GetKLine(4,1460 )
[3636] 2020/11/11 09:14:12.940 SKQuoteLib_GetKLine(4,1463 )
[3636] 2020/11/11 09:14:13.302 SKQuoteLib_GetKLine(4,1464 )
[3636] 2020/11/11 09:14:13.769 SKQuoteLib_GetKLine(4,1465 )
[3636] 2020/11/11 09:14:14.105 SKQuoteLib_GetKLine(4,1466 )
[3636] 2020/11/11 09:14:14.402 SKQuoteLib_GetKLine(4,1467 )
[3636] 2020/11/11 09:14:14.723 SKQuoteLib_GetKLine(4,1468 )
[3636] 2020/11/11 09:14:15.019 SKQuoteLib_GetKLine(4,1470 )
[3636] 2020/11/11 09:14:15.306 SKQuoteLib_GetKLine(4,1472 )
[3636] 2020/11/11 09:14:15.615 SKQuoteLib_GetKLine(4,1473 )
[3636] 2020/11/11 09:14:15.974 SKQuoteLib_GetKLine(4,1474 )
[3636] 2020/11/11 09:14:16.280 SKQuoteLib_GetKLine(4,1475 )
[3636] 2020/11/11 09:14:16.599 SKQuoteLib_GetKLine(4,1476 )
[3636] 2020/11/11 09:14:16.939 SKQuoteLib_GetKLine(4,1477 )
[3636] 2020/11/11 09:14:17.244 SKQuoteLib_GetKLine(4,4414 )
[3636] 2020/11/11 09:14:17.904 SKQuoteLib_GetKLine(4,4426 )
[3636] 2020/11/11 09:14:18.442 SKQuoteLib_GetKLine(4,4438 )
[3636] 2020/11/11 09:14:18.530 SKQuoteLib_GetKLine(4,4439 )
[3636] 2020/11/11 09:14:18.570 SKQuoteLib_GetKLine(4,1503 )
[3636] 2020/11/11 09:14:19.101 SKQuoteLib_GetKLine(4,1504 )
[3636] 2020/11/11 09:14:19.642 SKQuoteLib_GetKLine(4,1506 )
[3636] 2020/11/11 09:14:20.096 SKQuoteLib_GetKLine(4,1507 )
[3636] 2020/11/11 09:14:20.664 SKQuoteLib_GetKLine(4,1513 )
[3636] 2020/11/11 09:14:21.079 SKQuoteLib_GetKLine(4,1514 )
[3636] 2020/11/11 09:14:21.438 SKQuoteLib_GetKLine(4,1515 )
[3636] 2020/11/11 09:14:21.792 SKQuoteLib_GetKLine(4,1517 )
[3636] 2020/11/11 09:14:22.162 SKQuoteLib_GetKLine(4,1519 )
[3636] 2020/11/11 09:14:22.479 SKQuoteLib_GetKLine(4,1526 )
[3636] 2020/11/11 09:14:22.753 SKQuoteLib_GetKLine(4,1527 )
[3636] 2020/11/11 09:14:23.148 SKQuoteLib_GetKLine(4,1528 )
[3636] 2020/11/11 09:14:23.509 SKQuoteLib_GetKLine(4,1529 )
[3636] 2020/11/11 09:14:23.802 SKQuoteLib_GetKLine(4,1530 )
[3636] 2020/11/11 09:14:24.362 SKQuoteLib_GetKLine(4,1531 )
[3636] 2020/11/11 09:14:24.667 SKQuoteLib_GetKLine(4,1532 )
[3636] 2020/11/11 09:14:24.998 SKQuoteLib_GetKLine(4,1535 )
[3636] 2020/11/11 09:14:25.266 SKQuoteLib_GetKLine(4,1537 )
[3636] 2020/11/11 09:14:25.551 SKQuoteLib_GetKLine(4,1539 )
[3636] 2020/11/11 09:14:25.787 SKQuoteLib_GetKLine(4,1540 )
[3636] 2020/11/11 09:14:26.114 SKQuoteLib_GetKLine(4,1541 )
[3636] 2020/11/11 09:14:26.352 SKQuoteLib_GetKLine(4,1558 )
[3636] 2020/11/11 09:14:26.583 SKQuoteLib_GetKLine(4,1560 )
[3636] 2020/11/11 09:14:26.807 SKQuoteLib_GetKLine(4,1583 )
[3636] 2020/11/11 09:14:26.995 SKQuoteLib_GetKLine(4,1589 )
[3636] 2020/11/11 09:14:27.112 SKQuoteLib_GetKLine(4,1590 )
[3636] 2020/11/11 09:14:27.251 SKQuoteLib_GetKLine(4,2049 )
[3636] 2020/11/11 09:14:27.429 SKQuoteLib_GetKLine(4,2241 )
[3636] 2020/11/11 09:14:27.513 SKQuoteLib_GetKLine(4,2371 )
[3636] 2020/11/11 09:14:27.969 SKQuoteLib_GetKLine(4,3167 )
[3636] 2020/11/11 09:14:28.143 SKQuoteLib_GetKLine(4,4526 )
[3636] 2020/11/11 09:14:28.452 SKQuoteLib_GetKLine(4,4532 )
[3636] 2020/11/11 09:14:28.701 SKQuoteLib_GetKLine(4,4540 )
[3636] 2020/11/11 09:14:28.797 SKQuoteLib_GetKLine(4,4552 )
[3636] 2020/11/11 09:14:28.932 SKQuoteLib_GetKLine(4,4555 )
[3636] 2020/11/11 09:14:29.034 SKQuoteLib_GetKLine(4,4560 )
[3636] 2020/11/11 09:14:29.152 SKQuoteLib_GetKLine(4,4562 )
[3636] 2020/11/11 09:14:29.280 SKQuoteLib_GetKLine(4,4564 )
[3636] 2020/11/11 09:14:29.422 SKQuoteLib_GetKLine(4,4566 )
[3636] 2020/11/11 09:14:29.489 SKQuoteLib_GetKLine(4,4571 )
[3636] 2020/11/11 09:14:29.573 SKQuoteLib_GetKLine(4,4572 )
[3636] 2020/11/11 09:14:29.626 SKQuoteLib_GetKLine(4,4576 )
[3636] 2020/11/11 09:14:29.739 SKQuoteLib_GetKLine(4,5288 )
[3636] 2020/11/11 09:14:29.846 SKQuoteLib_GetKLine(4,8222 )
[3636] 2020/11/11 09:14:29.947 SKQuoteLib_GetKLine(4,8374 )
[3636] 2020/11/11 09:14:30.202 SKQuoteLib_GetKLine(4,8996 )
[3636] 2020/11/11 09:14:30.418 SKQuoteLib_GetKLine(4,1603 )
[3636] 2020/11/11 09:14:30.878 SKQuoteLib_GetKLine(4,1604 )
[3636] 2020/11/11 09:14:31.319 SKQuoteLib_GetKLine(4,1605 )
[3636] 2020/11/11 09:14:31.852 SKQuoteLib_GetKLine(4,1608 )
[3636] 2020/11/11 09:14:32.383 SKQuoteLib_GetKLine(4,1609 )
[3636] 2020/11/11 09:14:32.827 SKQuoteLib_GetKLine(4,1611 )
[3636] 2020/11/11 09:14:33.588 SKQuoteLib_GetKLine(4,1612 )
[3636] 2020/11/11 09:14:33.995 SKQuoteLib_GetKLine(4,1614 )
[3636] 2020/11/11 09:14:34.562 SKQuoteLib_GetKLine(4,1615 )
[3636] 2020/11/11 09:14:34.898 SKQuoteLib_GetKLine(4,1616 )
[3636] 2020/11/11 09:14:35.324 SKQuoteLib_GetKLine(4,1617 )
[3636] 2020/11/11 09:14:35.666 SKQuoteLib_GetKLine(4,1618 )
[3636] 2020/11/11 09:14:35.992 SKQuoteLib_GetKLine(4,1626 )
[3636] 2020/11/11 09:14:36.126 SKQuoteLib_GetKLine(4,4930 )
[3636] 2020/11/11 09:14:36.272 SKQuoteLib_GetKLine(4,5283 )
[3636] 2020/11/11 09:14:36.458 SKQuoteLib_GetKLine(4,1802 )
[3636] 2020/11/11 09:14:36.895 SKQuoteLib_GetKLine(4,1806 )
[3636] 2020/11/11 09:14:37.316 SKQuoteLib_GetKLine(4,1809 )
[3636] 2020/11/11 09:14:37.709 SKQuoteLib_GetKLine(4,1810 )
[3636] 2020/11/11 09:14:38.024 SKQuoteLib_GetKLine(4,1817 )
[3636] 2020/11/11 09:14:38.151 SKQuoteLib_GetKLine(4,1903 )
[3636] 2020/11/11 09:14:38.628 SKQuoteLib_GetKLine(4,1904 )
[3636] 2020/11/11 09:14:39.146 SKQuoteLib_GetKLine(4,1905 )
[3636] 2020/11/11 09:14:39.937 SKQuoteLib_GetKLine(4,1906 )
[3636] 2020/11/11 09:14:40.372 SKQuoteLib_GetKLine(4,1907 )
[3636] 2020/11/11 09:14:40.845 SKQuoteLib_GetKLine(4,1909 )
[3636] 2020/11/11 09:14:41.297 SKQuoteLib_GetKLine(4,2002 )
[3636] 2020/11/11 09:14:41.764 SKQuoteLib_GetKLine(4,2006 )
[3636] 2020/11/11 09:14:42.200 SKQuoteLib_GetKLine(4,2007 )
[3636] 2020/11/11 09:14:42.670 SKQuoteLib_GetKLine(4,2008 )
[3636] 2020/11/11 09:14:43.156 SKQuoteLib_GetKLine(4,2009 )
[3636] 2020/11/11 09:14:43.572 SKQuoteLib_GetKLine(4,2010 )
[3636] 2020/11/11 09:14:43.965 SKQuoteLib_GetKLine(4,2012 )
[3636] 2020/11/11 09:14:44.350 SKQuoteLib_GetKLine(4,2013 )
[3636] 2020/11/11 09:14:44.790 SKQuoteLib_GetKLine(4,2014 )
[3636] 2020/11/11 09:14:45.380 SKQuoteLib_GetKLine(4,2015 )
[3636] 2020/11/11 09:14:45.886 SKQuoteLib_GetKLine(4,2017 )
[3636] 2020/11/11 09:14:46.284 SKQuoteLib_GetKLine(4,2020 )
[3636] 2020/11/11 09:14:46.706 SKQuoteLib_GetKLine(4,2022 )
[3636] 2020/11/11 09:14:47.042 SKQuoteLib_GetKLine(4,2023 )
[3636] 2020/11/11 09:14:47.392 SKQuoteLib_GetKLine(4,2024 )
[3636] 2020/11/11 09:14:47.785 SKQuoteLib_GetKLine(4,2025 )
[3636] 2020/11/11 09:14:47.855 SKQuoteLib_GetKLine(4,2027 )
[3636] 2020/11/11 09:14:48.191 SKQuoteLib_GetKLine(4,2028 )
[3636] 2020/11/11 09:14:48.482 SKQuoteLib_GetKLine(4,2029 )
[3636] 2020/11/11 09:14:48.781 SKQuoteLib_GetKLine(4,2030 )
[3636] 2020/11/11 09:14:49.052 SKQuoteLib_GetKLine(4,2031 )
[3636] 2020/11/11 09:14:49.358 SKQuoteLib_GetKLine(4,2032 )
[3636] 2020/11/11 09:14:49.671 SKQuoteLib_GetKLine(4,2033 )
[3636] 2020/11/11 09:14:49.979 SKQuoteLib_GetKLine(4,2034 )
[3636] 2020/11/11 09:14:50.262 SKQuoteLib_GetKLine(4,2038 )
[3636] 2020/11/11 09:14:50.433 SKQuoteLib_GetKLine(4,2069 )
[3636] 2020/11/11 09:14:50.519 SKQuoteLib_GetKLine(4,3004 )
[3636] 2020/11/11 09:14:50.780 SKQuoteLib_GetKLine(4,5007 )
[3636] 2020/11/11 09:14:51.208 SKQuoteLib_GetKLine(4,5538 )
[3636] 2020/11/11 09:14:51.393 SKQuoteLib_GetKLine(4,9958 )
[3636] 2020/11/11 09:14:51.597 SKQuoteLib_GetKLine(4,2101 )
[3636] 2020/11/11 09:14:52.020 SKQuoteLib_GetKLine(4,2102 )
[3636] 2020/11/11 09:14:52.456 SKQuoteLib_GetKLine(4,2103 )
[3636] 2020/11/11 09:14:52.870 SKQuoteLib_GetKLine(4,2104 )
[3636] 2020/11/11 09:14:53.332 SKQuoteLib_GetKLine(4,2105 )
[3636] 2020/11/11 09:14:53.751 SKQuoteLib_GetKLine(4,2106 )
[3636] 2020/11/11 09:14:54.182 SKQuoteLib_GetKLine(4,2107 )
[3636] 2020/11/11 09:14:54.572 SKQuoteLib_GetKLine(4,2108 )
[3636] 2020/11/11 09:14:55.075 SKQuoteLib_GetKLine(4,2109 )
[3636] 2020/11/11 09:14:55.473 SKQuoteLib_GetKLine(4,2114 )
[3636] 2020/11/11 09:14:55.692 SKQuoteLib_GetKLine(4,6582 )
[3636] 2020/11/11 09:14:55.823 SKQuoteLib_GetKLine(4,1319 )
[3636] 2020/11/11 09:14:56.209 SKQuoteLib_GetKLine(4,1338 )
[3636] 2020/11/11 09:14:56.369 SKQuoteLib_GetKLine(4,1339 )
[3636] 2020/11/11 09:14:56.494 SKQuoteLib_GetKLine(4,1512 )
[3636] 2020/11/11 09:14:56.836 SKQuoteLib_GetKLine(4,1521 )
[3636] 2020/11/11 09:14:57.129 SKQuoteLib_GetKLine(4,1522 )
[3636] 2020/11/11 09:14:57.466 SKQuoteLib_GetKLine(4,1524 )
[3636] 2020/11/11 09:14:57.749 SKQuoteLib_GetKLine(4,1525 )
[3636] 2020/11/11 09:14:58.050 SKQuoteLib_GetKLine(4,1533 )
[3636] 2020/11/11 09:14:58.335 SKQuoteLib_GetKLine(4,1536 )
[3636] 2020/11/11 09:14:58.678 SKQuoteLib_GetKLine(4,1568 )
[3636] 2020/11/11 09:14:58.871 SKQuoteLib_GetKLine(4,1587 )
[3636] 2020/11/11 09:14:59.032 SKQuoteLib_GetKLine(4,1592 )
[3636] 2020/11/11 09:14:59.135 SKQuoteLib_GetKLine(4,2115 )
[3636] 2020/11/11 09:14:59.246 SKQuoteLib_GetKLine(4,2201 )
[3636] 2020/11/11 09:14:59.708 SKQuoteLib_GetKLine(4,2204 )
[3636] 2020/11/11 09:15:00.134 SKQuoteLib_GetKLine(4,2206 )
[3636] 2020/11/11 09:15:00.462 SKQuoteLib_GetKLine(4,2207 )
[3636] 2020/11/11 09:15:00.870 SKQuoteLib_GetKLine(4,2227 )
[3636] 2020/11/11 09:15:01.370 SKQuoteLib_GetKLine(4,2228 )
[3636] 2020/11/11 09:15:01.552 SKQuoteLib_GetKLine(4,2231 )
[3636] 2020/11/11 09:15:01.747 SKQuoteLib_GetKLine(4,2233 )
[3636] 2020/11/11 09:15:01.884 SKQuoteLib_GetKLine(4,2236 )
[3636] 2020/11/11 09:15:01.987 SKQuoteLib_GetKLine(4,2239 )
[3636] 2020/11/11 09:15:02.138 SKQuoteLib_GetKLine(4,2243 )
[3636] 2020/11/11 09:15:02.226 SKQuoteLib_GetKLine(4,2247 )
[3636] 2020/11/11 09:15:02.335 SKQuoteLib_GetKLine(4,2497 )
[3636] 2020/11/11 09:15:02.891 SKQuoteLib_GetKLine(4,3346 )
[3636] 2020/11/11 09:15:02.999 SKQuoteLib_GetKLine(4,4551 )
[3636] 2020/11/11 09:15:03.100 SKQuoteLib_GetKLine(4,4557 )
[3636] 2020/11/11 09:15:03.344 SKQuoteLib_GetKLine(4,4581 )
[3636] 2020/11/11 09:15:03.384 SKQuoteLib_GetKLine(4,6288 )
[3636] 2020/11/11 09:15:03.592 SKQuoteLib_GetKLine(4,6605 )
[3636] 2020/11/11 09:15:03.812 SKQuoteLib_GetKLine(4,1316 )
[3636] 2020/11/11 09:15:04.275 SKQuoteLib_GetKLine(4,1436 )
[3636] 2020/11/11 09:15:04.768 SKQuoteLib_GetKLine(4,1438 )
[3636] 2020/11/11 09:15:05.186 SKQuoteLib_GetKLine(4,1442 )
[3636] 2020/11/11 09:15:05.601 SKQuoteLib_GetKLine(4,1805 )
[3636] 2020/11/11 09:15:05.985 SKQuoteLib_GetKLine(4,1808 )
[3636] 2020/11/11 09:15:06.429 SKQuoteLib_GetKLine(4,2501 )
[3636] 2020/11/11 09:15:06.867 SKQuoteLib_GetKLine(4,2504 )
[3636] 2020/11/11 09:15:07.330 SKQuoteLib_GetKLine(4,2505 )
[3636] 2020/11/11 09:15:07.825 SKQuoteLib_GetKLine(4,2506 )
[3636] 2020/11/11 09:15:08.255 SKQuoteLib_GetKLine(4,2509 )
[3636] 2020/11/11 09:15:08.653 SKQuoteLib_GetKLine(4,2511 )
[3636] 2020/11/11 09:15:09.059 SKQuoteLib_GetKLine(4,2515 )
[3636] 2020/11/11 09:15:09.529 SKQuoteLib_GetKLine(4,2516 )
[3636] 2020/11/11 09:15:09.890 SKQuoteLib_GetKLine(4,2520 )
[3636] 2020/11/11 09:15:10.336 SKQuoteLib_GetKLine(4,2524 )
[3636] 2020/11/11 09:15:10.748 SKQuoteLib_GetKLine(4,2527 )
[3636] 2020/11/11 09:15:11.154 SKQuoteLib_GetKLine(4,2528 )
[3636] 2020/11/11 09:15:11.509 SKQuoteLib_GetKLine(4,2530 )
[3636] 2020/11/11 09:15:11.939 SKQuoteLib_GetKLine(4,2534 )
[3636] 2020/11/11 09:15:12.285 SKQuoteLib_GetKLine(4,2535 )
[3636] 2020/11/11 09:15:12.715 SKQuoteLib_GetKLine(4,2536 )
[3636] 2020/11/11 09:15:13.089 SKQuoteLib_GetKLine(4,2537 )
[3636] 2020/11/11 09:15:13.433 SKQuoteLib_GetKLine(4,2538 )
[3636] 2020/11/11 09:15:13.734 SKQuoteLib_GetKLine(4,2539 )
[3636] 2020/11/11 09:15:14.048 SKQuoteLib_GetKLine(4,2540 )
[3636] 2020/11/11 09:15:14.472 SKQuoteLib_GetKLine(4,2542 )
[3636] 2020/11/11 09:15:14.769 SKQuoteLib_GetKLine(4,2543 )
[3636] 2020/11/11 09:15:15.045 SKQuoteLib_GetKLine(4,2545 )
[3636] 2020/11/11 09:15:15.387 SKQuoteLib_GetKLine(4,2546 )
[3636] 2020/11/11 09:15:15.665 SKQuoteLib_GetKLine(4,2547 )
[3636] 2020/11/11 09:15:15.921 SKQuoteLib_GetKLine(4,2548 )
[3636] 2020/11/11 09:15:16.269 SKQuoteLib_GetKLine(4,2597 )
[3636] 2020/11/11 09:15:16.724 SKQuoteLib_GetKLine(4,2841 )
[3636] 2020/11/11 09:15:17.007 SKQuoteLib_GetKLine(4,2923 )
[3636] 2020/11/11 09:15:17.119 SKQuoteLib_GetKLine(4,3052 )
[3636] 2020/11/11 09:15:17.394 SKQuoteLib_GetKLine(4,3056 )
[3636] 2020/11/11 09:15:17.659 SKQuoteLib_GetKLine(4,3266 )
[3636] 2020/11/11 09:15:17.884 SKQuoteLib_GetKLine(4,3703 )
[3636] 2020/11/11 09:15:18.120 SKQuoteLib_GetKLine(4,5515 )
[3636] 2020/11/11 09:15:18.460 SKQuoteLib_GetKLine(4,5519 )
[3636] 2020/11/11 09:15:18.850 SKQuoteLib_GetKLine(4,5521 )
[3636] 2020/11/11 09:15:19.151 SKQuoteLib_GetKLine(4,5522 )
[3636] 2020/11/11 09:15:19.418 SKQuoteLib_GetKLine(4,5525 )
[3636] 2020/11/11 09:15:19.701 SKQuoteLib_GetKLine(4,5531 )
[3636] 2020/11/11 09:15:19.998 SKQuoteLib_GetKLine(4,5533 )
[3636] 2020/11/11 09:15:20.239 SKQuoteLib_GetKLine(4,5534 )
[3636] 2020/11/11 09:15:20.523 SKQuoteLib_GetKLine(4,5546 )
[3636] 2020/11/11 09:15:20.566 SKQuoteLib_GetKLine(4,6177 )
[3636] 2020/11/11 09:15:20.820 SKQuoteLib_GetKLine(4,9906 )
[3636] 2020/11/11 09:15:21.250 SKQuoteLib_GetKLine(4,9946 )
[3636] 2020/11/11 09:15:21.466 SKQuoteLib_GetKLine(4,2208 )
[3636] 2020/11/11 09:15:21.656 SKQuoteLib_GetKLine(4,2603 )
[3636] 2020/11/11 09:15:22.078 SKQuoteLib_GetKLine(4,2605 )
[3636] 2020/11/11 09:15:22.517 SKQuoteLib_GetKLine(4,2606 )
[3636] 2020/11/11 09:15:22.937 SKQuoteLib_GetKLine(4,2607 )
[3636] 2020/11/11 09:15:23.387 SKQuoteLib_GetKLine(4,2608 )
[3636] 2020/11/11 09:15:23.771 SKQuoteLib_GetKLine(4,2609 )
[3636] 2020/11/11 09:15:24.203 SKQuoteLib_GetKLine(4,2610 )
[3636] 2020/11/11 09:15:24.612 SKQuoteLib_GetKLine(4,2611 )
[3636] 2020/11/11 09:15:25.057 SKQuoteLib_GetKLine(4,2612 )
[3636] 2020/11/11 09:15:25.562 SKQuoteLib_GetKLine(4,2613 )
[3636] 2020/11/11 09:15:26.050 SKQuoteLib_GetKLine(4,2615 )
[3636] 2020/11/11 09:15:26.394 SKQuoteLib_GetKLine(4,2617 )
[3636] 2020/11/11 09:15:26.747 SKQuoteLib_GetKLine(4,2618 )
[3636] 2020/11/11 09:15:27.004 SKQuoteLib_GetKLine(4,2630 )
[3636] 2020/11/11 09:15:27.101 SKQuoteLib_GetKLine(4,2633 )
[3636] 2020/11/11 09:15:27.309 SKQuoteLib_GetKLine(4,2634 )
[3636] 2020/11/11 09:15:27.400 SKQuoteLib_GetKLine(4,2636 )
[3636] 2020/11/11 09:15:27.577 SKQuoteLib_GetKLine(4,2637 )
[3636] 2020/11/11 09:15:27.722 SKQuoteLib_GetKLine(4,2642 )
[3636] 2020/11/11 09:15:27.872 SKQuoteLib_GetKLine(4,5607 )
[3636] 2020/11/11 09:15:28.467 SKQuoteLib_GetKLine(4,5608 )
[3636] 2020/11/11 09:15:28.779 SKQuoteLib_GetKLine(4,8367 )
[3636] 2020/11/11 09:15:28.846 SKQuoteLib_GetKLine(4,2701 )
[3636] 2020/11/11 09:15:29.438 SKQuoteLib_GetKLine(4,2702 )
[3636] 2020/11/11 09:15:29.928 SKQuoteLib_GetKLine(4,2704 )
[3636] 2020/11/11 09:15:30.475 SKQuoteLib_GetKLine(4,2705 )
[3636] 2020/11/11 09:15:30.923 SKQuoteLib_GetKLine(4,2706 )
[3636] 2020/11/11 09:15:31.347 SKQuoteLib_GetKLine(4,2707 )
[3636] 2020/11/11 09:15:31.675 SKQuoteLib_GetKLine(4,2712 )
[3636] 2020/11/11 09:15:31.810 SKQuoteLib_GetKLine(4,2722 )
[3636] 2020/11/11 09:15:31.955 SKQuoteLib_GetKLine(4,2723 )
[3636] 2020/11/11 09:15:32.099 SKQuoteLib_GetKLine(4,2727 )
[3636] 2020/11/11 09:15:32.241 SKQuoteLib_GetKLine(4,2731 )
[3636] 2020/11/11 09:15:32.374 SKQuoteLib_GetKLine(4,2739 )
[3636] 2020/11/11 09:15:32.472 SKQuoteLib_GetKLine(4,2748 )
[3636] 2020/11/11 09:15:32.613 SKQuoteLib_GetKLine(4,5706 )
[3636] 2020/11/11 09:15:32.961 SKQuoteLib_GetKLine(4,8462 )
[3636] 2020/11/11 09:15:33.059 SKQuoteLib_GetKLine(4,8940 )
[3636] 2020/11/11 09:15:33.311 SKQuoteLib_GetKLine(4,9943 )
[3636] 2020/11/11 09:15:34.186 SKQuoteLib_GetKLine(4,2801 )
[3636] 2020/11/11 09:15:34.643 SKQuoteLib_GetKLine(4,2809 )
[3636] 2020/11/11 09:15:35.107 SKQuoteLib_GetKLine(4,2812 )
[3636] 2020/11/11 09:15:35.543 SKQuoteLib_GetKLine(4,2816 )
[3636] 2020/11/11 09:15:35.899 SKQuoteLib_GetKLine(4,2820 )
[3636] 2020/11/11 09:15:36.276 SKQuoteLib_GetKLine(4,2823 )
[3636] 2020/11/11 09:15:36.648 SKQuoteLib_GetKLine(4,2832 )
[3636] 2020/11/11 09:15:36.949 SKQuoteLib_GetKLine(4,2834 )
[3636] 2020/11/11 09:15:37.383 SKQuoteLib_GetKLine(4,2836 )
[3636] 2020/11/11 09:15:37.907 SKQuoteLib_GetKLine(4,2838 )
[3636] 2020/11/11 09:15:38.186 SKQuoteLib_GetKLine(4,2845 )
[3636] 2020/11/11 09:15:38.530 SKQuoteLib_GetKLine(4,2849 )
[3636] 2020/11/11 09:15:38.978 SKQuoteLib_GetKLine(4,2850 )
[3636] 2020/11/11 09:15:39.309 SKQuoteLib_GetKLine(4,2851 )
[3636] 2020/11/11 09:15:39.584 SKQuoteLib_GetKLine(4,2852 )
[3636] 2020/11/11 09:15:39.856 SKQuoteLib_GetKLine(4,2855 )
[3636] 2020/11/11 09:15:40.109 SKQuoteLib_GetKLine(4,2867 )
[3636] 2020/11/11 09:15:40.244 SKQuoteLib_GetKLine(4,2880 )
[3636] 2020/11/11 09:15:40.735 SKQuoteLib_GetKLine(4,2881 )
[3636] 2020/11/11 09:15:41.100 SKQuoteLib_GetKLine(4,2882 )
[3636] 2020/11/11 09:15:41.575 SKQuoteLib_GetKLine(4,2883 )
[3636] 2020/11/11 09:15:42.018 SKQuoteLib_GetKLine(4,2884 )
[3636] 2020/11/11 09:15:42.403 SKQuoteLib_GetKLine(4,2885 )
[3636] 2020/11/11 09:15:42.795 SKQuoteLib_GetKLine(4,2886 )
[3636] 2020/11/11 09:15:43.112 SKQuoteLib_GetKLine(4,2887 )
[3636] 2020/11/11 09:15:43.407 SKQuoteLib_GetKLine(4,2888 )
[3636] 2020/11/11 09:15:43.850 SKQuoteLib_GetKLine(4,2889 )
[3636] 2020/11/11 09:15:44.407 SKQuoteLib_GetKLine(4,2890 )
[3636] 2020/11/11 09:15:44.734 SKQuoteLib_GetKLine(4,2891 )
[3636] 2020/11/11 09:15:45.261 SKQuoteLib_GetKLine(4,2892 )
[3636] 2020/11/11 09:15:45.579 SKQuoteLib_GetKLine(4,2897 )
[3636] 2020/11/11 09:15:46.100 SKQuoteLib_GetKLine(4,5876 )
[3636] 2020/11/11 09:15:46.206 SKQuoteLib_GetKLine(4,5880 )
[3636] 2020/11/11 09:15:46.442 SKQuoteLib_GetKLine(4,6005 )
[3636] 2020/11/11 09:15:46.975 SKQuoteLib_GetKLine(4,6024 )
[3636] 2020/11/11 09:15:47.154 SKQuoteLib_GetKLine(4,1432 )
[3636] 2020/11/11 09:15:47.684 SKQuoteLib_GetKLine(4,2601 )
[3636] 2020/11/11 09:15:48.160 SKQuoteLib_GetKLine(4,2614 )
[3636] 2020/11/11 09:15:48.685 SKQuoteLib_GetKLine(4,2901 )
[3636] 2020/11/11 09:15:49.232 SKQuoteLib_GetKLine(4,2903 )
[3636] 2020/11/11 09:15:49.774 SKQuoteLib_GetKLine(4,2905 )
[3636] 2020/11/11 09:15:50.359 SKQuoteLib_GetKLine(4,2906 )
[3636] 2020/11/11 09:15:50.791 SKQuoteLib_GetKLine(4,2908 )
[3636] 2020/11/11 09:15:51.167 SKQuoteLib_GetKLine(4,2910 )
[3636] 2020/11/11 09:15:51.518 SKQuoteLib_GetKLine(4,2911 )
[3636] 2020/11/11 09:15:51.861 SKQuoteLib_GetKLine(4,2912 )
[3636] 2020/11/11 09:15:52.179 SKQuoteLib_GetKLine(4,2913 )
[3636] 2020/11/11 09:15:52.649 SKQuoteLib_GetKLine(4,2915 )
[3636] 2020/11/11 09:15:52.899 SKQuoteLib_GetKLine(4,2929 )
[3636] 2020/11/11 09:15:53.306 SKQuoteLib_GetKLine(4,2936 )
[3636] 2020/11/11 09:15:53.376 SKQuoteLib_GetKLine(4,2939 )
[3636] 2020/11/11 09:15:53.463 SKQuoteLib_GetKLine(4,4807 )
[3636] 2020/11/11 09:15:53.533 SKQuoteLib_GetKLine(4,5906 )
[3636] 2020/11/11 09:15:53.652 SKQuoteLib_GetKLine(4,5907 )
[3636] 2020/11/11 09:15:53.799 SKQuoteLib_GetKLine(4,8429 )
[3636] 2020/11/11 09:15:53.924 SKQuoteLib_GetKLine(4,8443 )
[3636] 2020/11/11 09:15:54.040 SKQuoteLib_GetKLine(4,8454 )
[3636] 2020/11/11 09:15:54.160 SKQuoteLib_GetKLine(4,1416 )
[3636] 2020/11/11 09:15:54.674 SKQuoteLib_GetKLine(4,1435 )
[3636] 2020/11/11 09:15:55.157 SKQuoteLib_GetKLine(4,1437 )
[3636] 2020/11/11 09:15:55.595 SKQuoteLib_GetKLine(4,1516 )
[3636] 2020/11/11 09:15:55.939 SKQuoteLib_GetKLine(4,2062 )
[3636] 2020/11/11 09:15:56.122 SKQuoteLib_GetKLine(4,2348 )
[3636] 2020/11/11 09:15:56.516 SKQuoteLib_GetKLine(4,2358 )
[3636] 2020/11/11 09:15:56.905 SKQuoteLib_GetKLine(4,2443 )
[3636] 2020/11/11 09:15:57.226 SKQuoteLib_GetKLine(4,2496 )
[3636] 2020/11/11 09:15:57.488 SKQuoteLib_GetKLine(4,2514 )
[3636] 2020/11/11 09:15:57.933 SKQuoteLib_GetKLine(4,2904 )
[3636] 2020/11/11 09:15:58.392 SKQuoteLib_GetKLine(4,3040 )
[3636] 2020/11/11 09:15:58.756 SKQuoteLib_GetKLine(4,3557 )
[3636] 2020/11/11 09:15:58.957 SKQuoteLib_GetKLine(4,4536 )
[3636] 2020/11/11 09:15:59.099 SKQuoteLib_GetKLine(4,5284 )
[3636] 2020/11/11 09:15:59.253 SKQuoteLib_GetKLine(4,5871 )
[3636] 2020/11/11 09:15:59.385 SKQuoteLib_GetKLine(4,6184 )
[3636] 2020/11/11 09:15:59.760 SKQuoteLib_GetKLine(4,6464 )
[3636] 2020/11/11 09:15:59.861 SKQuoteLib_GetKLine(4,6504 )
[3636] 2020/11/11 09:16:00.046 SKQuoteLib_GetKLine(4,6581 )
[3636] 2020/11/11 09:16:00.129 SKQuoteLib_GetKLine(4,6592 )
[3636] 2020/11/11 09:16:00.180 SKQuoteLib_GetKLine(4,6625 )
[3636] 2020/11/11 09:16:00.261 SKQuoteLib_GetKLine(4,6641 )
[3636] 2020/11/11 09:16:00.321 SKQuoteLib_GetKLine(4,6655 )
[3636] 2020/11/11 09:16:00.400 SKQuoteLib_GetKLine(4,6670 )
[3636] 2020/11/11 09:16:00.466 SKQuoteLib_GetKLine(4,6671 )
[3636] 2020/11/11 09:16:00.563 SKQuoteLib_GetKLine(4,6754 )
[3636] 2020/11/11 09:16:00.617 SKQuoteLib_GetKLine(4,8033 )
[3636] 2020/11/11 09:16:00.812 SKQuoteLib_GetKLine(4,8341 )
[3636] 2020/11/11 09:16:00.911 SKQuoteLib_GetKLine(4,8404 )
[3636] 2020/11/11 09:16:01.049 SKQuoteLib_GetKLine(4,8411 )
[3636] 2020/11/11 09:16:01.233 SKQuoteLib_GetKLine(4,8422 )
[3636] 2020/11/11 09:16:01.427 SKQuoteLib_GetKLine(4,8427 )
[3636] 2020/11/11 09:16:01.556 SKQuoteLib_GetKLine(4,8442 )
[3636] 2020/11/11 09:16:01.684 SKQuoteLib_GetKLine(4,8463 )
[3636] 2020/11/11 09:16:01.943 SKQuoteLib_GetKLine(4,8464 )
[3636] 2020/11/11 09:16:02.082 SKQuoteLib_GetKLine(4,8466 )
[3636] 2020/11/11 09:16:02.182 SKQuoteLib_GetKLine(4,8467 )
[3636] 2020/11/11 09:16:02.295 SKQuoteLib_GetKLine(4,8473 )
[3636] 2020/11/11 09:16:02.428 SKQuoteLib_GetKLine(4,8478 )
[3636] 2020/11/11 09:16:02.520 SKQuoteLib_GetKLine(4,8480 )
[3636] 2020/11/11 09:16:02.653 SKQuoteLib_GetKLine(4,8481 )
[3636] 2020/11/11 09:16:02.740 SKQuoteLib_GetKLine(4,8482 )
[3636] 2020/11/11 09:16:02.864 SKQuoteLib_GetKLine(4,8488 )
[3636] 2020/11/11 09:16:03.022 SKQuoteLib_GetKLine(4,8499 )
[3636] 2020/11/11 09:16:03.113 SKQuoteLib_GetKLine(4,9802 )
[3636] 2020/11/11 09:16:03.284 SKQuoteLib_GetKLine(4,9902 )
[3636] 2020/11/11 09:16:03.778 SKQuoteLib_GetKLine(4,9904 )
[3636] 2020/11/11 09:16:04.225 SKQuoteLib_GetKLine(4,9905 )
[3636] 2020/11/11 09:16:04.656 SKQuoteLib_GetKLine(4,9907 )
[3636] 2020/11/11 09:16:05.034 SKQuoteLib_GetKLine(4,9910 )
[3636] 2020/11/11 09:16:05.531 SKQuoteLib_GetKLine(4,9911 )
[3636] 2020/11/11 09:16:06.223 SKQuoteLib_GetKLine(4,9914 )
[3636] 2020/11/11 09:16:06.668 SKQuoteLib_GetKLine(4,9917 )
[3636] 2020/11/11 09:16:07.050 SKQuoteLib_GetKLine(4,9919 )
[3636] 2020/11/11 09:16:07.440 SKQuoteLib_GetKLine(4,9921 )
[3636] 2020/11/11 09:16:07.834 SKQuoteLib_GetKLine(4,9924 )
[3636] 2020/11/11 09:16:08.206 SKQuoteLib_GetKLine(4,9925 )
[3636] 2020/11/11 09:16:08.590 SKQuoteLib_GetKLine(4,9927 )
[3636] 2020/11/11 09:16:08.869 SKQuoteLib_GetKLine(4,9928 )
[3636] 2020/11/11 09:16:09.133 SKQuoteLib_GetKLine(4,9929 )
[3636] 2020/11/11 09:16:09.875 SKQuoteLib_GetKLine(4,9930 )
[3636] 2020/11/11 09:16:10.171 SKQuoteLib_GetKLine(4,9933 )
[3636] 2020/11/11 09:16:10.551 SKQuoteLib_GetKLine(4,9934 )
[3636] 2020/11/11 09:16:10.861 SKQuoteLib_GetKLine(4,9935 )
[3636] 2020/11/11 09:16:11.280 SKQuoteLib_GetKLine(4,9938 )
[3636] 2020/11/11 09:16:11.562 SKQuoteLib_GetKLine(4,9939 )
[3636] 2020/11/11 09:16:11.872 SKQuoteLib_GetKLine(4,9940 )
[3636] 2020/11/11 09:16:12.240 SKQuoteLib_GetKLine(4,9941 )
[3636] 2020/11/11 09:16:12.571 SKQuoteLib_GetKLine(4,9942 )
[3636] 2020/11/11 09:16:12.852 SKQuoteLib_GetKLine(4,9944 )
[3636] 2020/11/11 09:16:13.122 SKQuoteLib_GetKLine(4,9945 )
[3636] 2020/11/11 09:16:13.400 SKQuoteLib_GetKLine(4,9955 )
[3636] 2020/11/11 09:16:13.636 SKQuoteLib_GetKLine(4,1708 )
[3636] 2020/11/11 09:16:14.108 SKQuoteLib_GetKLine(4,1709 )
[3636] 2020/11/11 09:16:14.588 SKQuoteLib_GetKLine(4,1710 )
[3636] 2020/11/11 09:16:15.009 SKQuoteLib_GetKLine(4,1711 )
[3636] 2020/11/11 09:16:15.484 SKQuoteLib_GetKLine(4,1712 )
[3636] 2020/11/11 09:16:15.949 SKQuoteLib_GetKLine(4,1713 )
[3636] 2020/11/11 09:16:16.350 SKQuoteLib_GetKLine(4,1714 )
[3636] 2020/11/11 09:16:16.809 SKQuoteLib_GetKLine(4,1717 )
[3636] 2020/11/11 09:16:17.826 SKQuoteLib_GetKLine(4,1718 )
[3636] 2020/11/11 09:16:18.644 SKQuoteLib_GetKLine(4,1721 )
[3636] 2020/11/11 09:16:20.075 SKQuoteLib_GetKLine(4,1722 )
[3636] 2020/11/11 09:16:22.366 SKQuoteLib_GetKLine(4,1723 )
[3636] 2020/11/11 09:16:22.891 SKQuoteLib_GetKLine(4,1724 )
[3636] 2020/11/11 09:16:23.471 SKQuoteLib_GetKLine(4,1725 )
[3636] 2020/11/11 09:16:23.910 SKQuoteLib_GetKLine(4,1726 )
[3636] 2020/11/11 09:16:24.332 SKQuoteLib_GetKLine(4,1727 )
[3636] 2020/11/11 09:16:24.794 SKQuoteLib_GetKLine(4,1730 )
[3636] 2020/11/11 09:16:25.202 SKQuoteLib_GetKLine(4,1732 )
[3636] 2020/11/11 09:16:25.685 SKQuoteLib_GetKLine(4,1735 )
[3636] 2020/11/11 09:16:26.115 SKQuoteLib_GetKLine(4,1773 )
[3636] 2020/11/11 09:16:26.368 SKQuoteLib_GetKLine(4,1776 )
[3636] 2020/11/11 09:16:26.582 SKQuoteLib_GetKLine(4,3708 )
[3636] 2020/11/11 09:16:26.697 SKQuoteLib_GetKLine(4,4720 )
[3636] 2020/11/11 09:16:26.996 SKQuoteLib_GetKLine(4,4722 )
[3636] 2020/11/11 09:16:27.308 SKQuoteLib_GetKLine(4,4725 )
[3636] 2020/11/11 09:16:27.913 SKQuoteLib_GetKLine(4,4739 )
[3636] 2020/11/11 09:16:28.260 SKQuoteLib_GetKLine(4,4755 )
[3636] 2020/11/11 09:16:28.440 SKQuoteLib_GetKLine(4,4763 )
[3636] 2020/11/11 09:16:28.538 SKQuoteLib_GetKLine(4,4764 )
[3636] 2020/11/11 09:16:28.627 SKQuoteLib_GetKLine(4,4766 )
[3636] 2020/11/11 09:16:28.716 SKQuoteLib_GetKLine(4,1598 )
[3636] 2020/11/11 09:16:28.982 SKQuoteLib_GetKLine(4,1701 )
[3636] 2020/11/11 09:16:29.719 SKQuoteLib_GetKLine(4,1707 )
[3636] 2020/11/11 09:16:30.295 SKQuoteLib_GetKLine(4,1720 )
[3636] 2020/11/11 09:16:30.786 SKQuoteLib_GetKLine(4,1731 )
[3636] 2020/11/11 09:16:31.184 SKQuoteLib_GetKLine(4,1733 )
[3636] 2020/11/11 09:16:31.532 SKQuoteLib_GetKLine(4,1734 )
[3636] 2020/11/11 09:16:31.952 SKQuoteLib_GetKLine(4,1736 )
[3636] 2020/11/11 09:16:32.303 SKQuoteLib_GetKLine(4,1760 )
[3636] 2020/11/11 09:16:32.529 SKQuoteLib_GetKLine(4,1762 )
[3636] 2020/11/11 09:16:32.744 SKQuoteLib_GetKLine(4,1783 )
[3636] 2020/11/11 09:16:32.912 SKQuoteLib_GetKLine(4,1786 )
[3636] 2020/11/11 09:16:33.069 SKQuoteLib_GetKLine(4,1789 )
[3636] 2020/11/11 09:16:33.259 SKQuoteLib_GetKLine(4,1795 )
[3636] 2020/11/11 09:16:33.569 SKQuoteLib_GetKLine(4,3164 )
[3636] 2020/11/11 09:16:33.804 SKQuoteLib_GetKLine(4,3705 )
[3636] 2020/11/11 09:16:33.968 SKQuoteLib_GetKLine(4,4104 )
[3636] 2020/11/11 09:16:34.251 SKQuoteLib_GetKLine(4,4106 )
[3636] 2020/11/11 09:16:34.649 SKQuoteLib_GetKLine(4,4108 )
[3636] 2020/11/11 09:16:34.950 SKQuoteLib_GetKLine(4,4119 )
[3636] 2020/11/11 09:16:35.249 SKQuoteLib_GetKLine(4,4133 )
[3636] 2020/11/11 09:16:35.503 SKQuoteLib_GetKLine(4,4137 )
[3636] 2020/11/11 09:16:35.619 SKQuoteLib_GetKLine(4,4141 )
[3636] 2020/11/11 09:16:35.848 SKQuoteLib_GetKLine(4,4142 )
[3636] 2020/11/11 09:16:36.003 SKQuoteLib_GetKLine(4,4148 )
[3636] 2020/11/11 09:16:36.065 SKQuoteLib_GetKLine(4,4155 )
[3636] 2020/11/11 09:16:36.200 SKQuoteLib_GetKLine(4,4164 )
[3636] 2020/11/11 09:16:36.675 SKQuoteLib_GetKLine(4,4190 )
[3636] 2020/11/11 09:16:36.965 SKQuoteLib_GetKLine(4,4737 )
[3636] 2020/11/11 09:16:37.161 SKQuoteLib_GetKLine(4,4746 )
[3636] 2020/11/11 09:16:37.361 SKQuoteLib_GetKLine(4,6491 )
[3636] 2020/11/11 09:16:37.471 SKQuoteLib_GetKLine(4,6541 )
[3636] 2020/11/11 09:16:37.553 SKQuoteLib_GetKLine(4,6598 )
[3636] 2020/11/11 09:16:37.620 SKQuoteLib_GetKLine(4,6666 )
[3636] 2020/11/11 09:16:37.679 SKQuoteLib_GetKLine(4,2616 )
[3636] 2020/11/11 09:16:38.064 SKQuoteLib_GetKLine(4,6505 )
[3636] 2020/11/11 09:16:38.349 SKQuoteLib_GetKLine(4,8926 )
[3636] 2020/11/11 09:16:38.618 SKQuoteLib_GetKLine(4,9908 )
[3636] 2020/11/11 09:16:39.150 SKQuoteLib_GetKLine(4,9918 )
[3636] 2020/11/11 09:16:39.674 SKQuoteLib_GetKLine(4,9926 )
[3636] 2020/11/11 09:16:40.089 SKQuoteLib_GetKLine(4,9931 )
[3636] 2020/11/11 09:16:40.387 SKQuoteLib_GetKLine(4,9937 )
[3636] 2020/11/11 09:16:40.729 SKQuoteLib_GetKLine(4,2302 )
[3636] 2020/11/11 09:16:41.201 SKQuoteLib_GetKLine(4,2303 )
[3636] 2020/11/11 09:16:41.760 SKQuoteLib_GetKLine(4,2329 )
[3636] 2020/11/11 09:16:42.205 SKQuoteLib_GetKLine(4,2330 )
[3636] 2020/11/11 09:16:42.637 SKQuoteLib_GetKLine(4,2337 )
[3636] 2020/11/11 09:16:43.360 SKQuoteLib_GetKLine(4,2338 )
[3636] 2020/11/11 09:16:43.716 SKQuoteLib_GetKLine(4,2342 )
[3636] 2020/11/11 09:16:44.149 SKQuoteLib_GetKLine(4,2344 )
[3636] 2020/11/11 09:16:44.525 SKQuoteLib_GetKLine(4,2351 )
[3636] 2020/11/11 09:16:44.862 SKQuoteLib_GetKLine(4,2363 )
[3636] 2020/11/11 09:16:45.181 SKQuoteLib_GetKLine(4,2369 )
[3636] 2020/11/11 09:16:45.463 SKQuoteLib_GetKLine(4,2379 )
[3636] 2020/11/11 09:16:45.747 SKQuoteLib_GetKLine(4,2388 )
[3636] 2020/11/11 09:16:46.085 SKQuoteLib_GetKLine(4,2401 )
[3636] 2020/11/11 09:16:46.456 SKQuoteLib_GetKLine(4,2408 )
[3636] 2020/11/11 09:16:46.719 SKQuoteLib_GetKLine(4,2434 )
[3636] 2020/11/11 09:16:47.087 SKQuoteLib_GetKLine(4,2436 )
[3636] 2020/11/11 09:16:47.411 SKQuoteLib_GetKLine(4,2441 )
[3636] 2020/11/11 09:16:47.683 SKQuoteLib_GetKLine(4,2449 )
[3636] 2020/11/11 09:16:47.946 SKQuoteLib_GetKLine(4,2451 )
[3636] 2020/11/11 09:16:48.218 SKQuoteLib_GetKLine(4,2454 )
[3636] 2020/11/11 09:16:48.505 SKQuoteLib_GetKLine(4,2458 )
[3636] 2020/11/11 09:16:48.794 SKQuoteLib_GetKLine(4,2481 )
[2572] 2020/11/11 09:19:49.889 SKQuoteLib_EnterMonitor IP¡Gsrvsolace-bq2.capital.com.tw
[2572] 2020/11/11 09:19:50.033 OnSessionConnect¡ACode: 0
[2572] 2020/11/11 09:19:50.175 market(0)  Ready!
[2572] 2020/11/11 09:19:50.215 market(1)  Ready!
[2572] 2020/11/11 09:19:50.215 market(2)  Ready!
[2572] 2020/11/11 09:19:50.215 market(3)  Ready!
[2572] 2020/11/11 09:19:50.215 market(4)  Ready!
[2572] 2020/11/11 09:19:50.215 market(2)  Ready!
[2572] 2020/11/11 09:19:50.215 market(3)  Ready!
[2572] 2020/11/11 09:19:50.582 Market Info is OK!
[2572] 2020/11/11 09:19:50.694 Catalog info is OK!
[2572] 2020/11/11 09:19:53.943 RequestStockList MarketNo is 9999
[2572] 2020/11/11 09:20:07.840 SKQuoteLib_GetKLine(4,1101 )
[2572] 2020/11/11 09:20:08.906 SKQuoteLib_GetKLine(4,1102 )
[2572] 2020/11/11 09:20:09.636 SKQuoteLib_GetKLine(4,1103 )
[2572] 2020/11/11 09:20:10.393 SKQuoteLib_GetKLine(4,1104 )
[2572] 2020/11/11 09:20:11.019 SKQuoteLib_GetKLine(4,1108 )
[2572] 2020/11/11 09:20:11.740 SKQuoteLib_GetKLine(4,1109 )
[2572] 2020/11/11 09:20:11.884 SKQuoteLib_GetKLine(4,1110 )
[2572] 2020/11/11 09:20:12.387 SKQuoteLib_GetKLine(4,1201 )
[2572] 2020/11/11 09:20:13.021 SKQuoteLib_GetKLine(4,1203 )
[2572] 2020/11/11 09:20:13.803 SKQuoteLib_GetKLine(4,1210 )
[2572] 2020/11/11 09:20:14.628 SKQuoteLib_GetKLine(4,1213 )
[2572] 2020/11/11 09:20:15.612 SKQuoteLib_GetKLine(4,1215 )
[2572] 2020/11/11 09:20:16.474 SKQuoteLib_GetKLine(4,1216 )
[2572] 2020/11/11 09:20:17.254 SKQuoteLib_GetKLine(4,1217 )
[2572] 2020/11/11 09:20:17.820 SKQuoteLib_GetKLine(4,1218 )
[2572] 2020/11/11 09:20:18.606 SKQuoteLib_GetKLine(4,1219 )
[2572] 2020/11/11 09:20:19.247 SKQuoteLib_GetKLine(4,1220 )
[2572] 2020/11/11 09:20:19.973 SKQuoteLib_GetKLine(4,1225 )
[2572] 2020/11/11 09:20:20.637 SKQuoteLib_GetKLine(4,1227 )
[2572] 2020/11/11 09:20:21.236 SKQuoteLib_GetKLine(4,1229 )
[2572] 2020/11/11 09:20:22.031 SKQuoteLib_GetKLine(4,1231 )
[2572] 2020/11/11 09:20:22.614 SKQuoteLib_GetKLine(4,1232 )
[2572] 2020/11/11 09:20:23.645 SKQuoteLib_GetKLine(4,1233 )
[2572] 2020/11/11 09:20:24.284 SKQuoteLib_GetKLine(4,1234 )
[2572] 2020/11/11 09:20:24.937 SKQuoteLib_GetKLine(4,1235 )
[2572] 2020/11/11 09:20:25.551 SKQuoteLib_GetKLine(4,1236 )
[2572] 2020/11/11 09:20:25.977 SKQuoteLib_GetKLine(4,1256 )
[2572] 2020/11/11 09:20:26.235 SKQuoteLib_GetKLine(4,1702 )
[2572] 2020/11/11 09:20:27.008 SKQuoteLib_GetKLine(4,1737 )
[2572] 2020/11/11 09:20:27.383 SKQuoteLib_GetKLine(4,1301 )
[2572] 2020/11/11 09:20:28.153 SKQuoteLib_GetKLine(4,1303 )
[2572] 2020/11/11 09:20:28.984 SKQuoteLib_GetKLine(4,1304 )
[2572] 2020/11/11 09:20:29.746 SKQuoteLib_GetKLine(4,1305 )
[2572] 2020/11/11 09:20:31.048 SKQuoteLib_GetKLine(4,1307 )
[2572] 2020/11/11 09:20:31.947 SKQuoteLib_GetKLine(4,1308 )
[2572] 2020/11/11 09:20:32.674 SKQuoteLib_GetKLine(4,1309 )
[2572] 2020/11/11 09:20:33.273 SKQuoteLib_GetKLine(4,1310 )
[2572] 2020/11/11 09:20:33.985 SKQuoteLib_GetKLine(4,1312 )
[2572] 2020/11/11 09:20:34.633 SKQuoteLib_GetKLine(4,1313 )
[2572] 2020/11/11 09:20:35.323 SKQuoteLib_GetKLine(4,1314 )
[2572] 2020/11/11 09:20:36.037 SKQuoteLib_GetKLine(4,1315 )
[2572] 2020/11/11 09:20:36.611 SKQuoteLib_GetKLine(4,1321 )
[2572] 2020/11/11 09:20:36.966 SKQuoteLib_GetKLine(4,1323 )
[2572] 2020/11/11 09:20:37.469 SKQuoteLib_GetKLine(4,1324 )
[2572] 2020/11/11 09:20:37.847 SKQuoteLib_GetKLine(4,1325 )
[2572] 2020/11/11 09:20:38.177 SKQuoteLib_GetKLine(4,1326 )
[2572] 2020/11/11 09:20:38.501 SKQuoteLib_GetKLine(4,1337 )
[2572] 2020/11/11 09:20:38.670 SKQuoteLib_GetKLine(4,1340 )
[2572] 2020/11/11 09:20:38.814 SKQuoteLib_GetKLine(4,1341 )
[2572] 2020/11/11 09:20:38.869 SKQuoteLib_GetKLine(4,4306 )
[2572] 2020/11/11 09:20:39.380 SKQuoteLib_GetKLine(4,1402 )
[2572] 2020/11/11 09:20:40.006 SKQuoteLib_GetKLine(4,1409 )
[2572] 2020/11/11 09:20:40.514 SKQuoteLib_GetKLine(4,1410 )
[2572] 2020/11/11 09:20:41.285 SKQuoteLib_GetKLine(4,1413 )
[2572] 2020/11/11 09:20:41.880 SKQuoteLib_GetKLine(4,1414 )
[2572] 2020/11/11 09:20:42.491 SKQuoteLib_GetKLine(4,1417 )
[2572] 2020/11/11 09:20:43.006 SKQuoteLib_GetKLine(4,1418 )
[2572] 2020/11/11 09:20:43.680 SKQuoteLib_GetKLine(4,1419 )
[2572] 2020/11/11 09:20:44.193 SKQuoteLib_GetKLine(4,1423 )
[2572] 2020/11/11 09:20:44.865 SKQuoteLib_GetKLine(4,1434 )
[2572] 2020/11/11 09:20:45.470 SKQuoteLib_GetKLine(4,1439 )
[2572] 2020/11/11 09:20:46.067 SKQuoteLib_GetKLine(4,1440 )
[2572] 2020/11/11 09:20:46.687 SKQuoteLib_GetKLine(4,1441 )
[2572] 2020/11/11 09:20:47.449 SKQuoteLib_GetKLine(4,1443 )
[2572] 2020/11/11 09:20:48.186 SKQuoteLib_GetKLine(4,1444 )
[2572] 2020/11/11 09:20:48.973 SKQuoteLib_GetKLine(4,1445 )
[2572] 2020/11/11 09:20:49.505 SKQuoteLib_GetKLine(4,1446 )
[2572] 2020/11/11 09:20:50.084 SKQuoteLib_GetKLine(4,1447 )
[2572] 2020/11/11 09:20:50.723 SKQuoteLib_GetKLine(4,1449 )
[2572] 2020/11/11 09:20:51.360 SKQuoteLib_GetKLine(4,1451 )
[2572] 2020/11/11 09:20:51.896 SKQuoteLib_GetKLine(4,1452 )
[2572] 2020/11/11 09:20:52.340 SKQuoteLib_GetKLine(4,1453 )
[2572] 2020/11/11 09:20:52.780 SKQuoteLib_GetKLine(4,1454 )
[2572] 2020/11/11 09:20:53.402 SKQuoteLib_GetKLine(4,1455 )
[2572] 2020/11/11 09:20:53.890 SKQuoteLib_GetKLine(4,1456 )
[2572] 2020/11/11 09:20:54.329 SKQuoteLib_GetKLine(4,1457 )
[2572] 2020/11/11 09:20:54.867 SKQuoteLib_GetKLine(4,1459 )
[2572] 2020/11/11 09:20:55.402 SKQuoteLib_GetKLine(4,1460 )
[2572] 2020/11/11 09:20:56.115 SKQuoteLib_GetKLine(4,1463 )
[2572] 2020/11/11 09:20:56.556 SKQuoteLib_GetKLine(4,1464 )
[2572] 2020/11/11 09:20:57.083 SKQuoteLib_GetKLine(4,1465 )
[2572] 2020/11/11 09:20:57.431 SKQuoteLib_GetKLine(4,1466 )
[2572] 2020/11/11 09:20:57.789 SKQuoteLib_GetKLine(4,1467 )
[2572] 2020/11/11 09:20:58.273 SKQuoteLib_GetKLine(4,1468 )
[2572] 2020/11/11 09:20:58.600 SKQuoteLib_GetKLine(4,1470 )
[2572] 2020/11/11 09:20:59.091 SKQuoteLib_GetKLine(4,1472 )
[2572] 2020/11/11 09:20:59.484 SKQuoteLib_GetKLine(4,1473 )
[2572] 2020/11/11 09:20:59.944 SKQuoteLib_GetKLine(4,1474 )
[2572] 2020/11/11 09:21:00.323 SKQuoteLib_GetKLine(4,1475 )
[2572] 2020/11/11 09:21:00.722 SKQuoteLib_GetKLine(4,1476 )
[2572] 2020/11/11 09:21:01.039 SKQuoteLib_GetKLine(4,1477 )
[2572] 2020/11/11 09:21:01.330 SKQuoteLib_GetKLine(4,4414 )
[2572] 2020/11/11 09:21:01.873 SKQuoteLib_GetKLine(4,4426 )
[2572] 2020/11/11 09:21:02.227 SKQuoteLib_GetKLine(4,4438 )
[2572] 2020/11/11 09:21:02.368 SKQuoteLib_GetKLine(4,4439 )
[2572] 2020/11/11 09:21:02.424 SKQuoteLib_GetKLine(4,1503 )
[2572] 2020/11/11 09:21:03.104 SKQuoteLib_GetKLine(4,1504 )
[2572] 2020/11/11 09:21:03.771 SKQuoteLib_GetKLine(4,1506 )
[2572] 2020/11/11 09:21:04.315 SKQuoteLib_GetKLine(4,1507 )
[2572] 2020/11/11 09:21:05.116 SKQuoteLib_GetKLine(4,1513 )
[2572] 2020/11/11 09:21:05.574 SKQuoteLib_GetKLine(4,1514 )
[2572] 2020/11/11 09:21:06.190 SKQuoteLib_GetKLine(4,1515 )
[2572] 2020/11/11 09:21:06.679 SKQuoteLib_GetKLine(4,1517 )
[2572] 2020/11/11 09:21:07.230 SKQuoteLib_GetKLine(4,1519 )
[2572] 2020/11/11 09:21:07.833 SKQuoteLib_GetKLine(4,1526 )
[2572] 2020/11/11 09:21:08.221 SKQuoteLib_GetKLine(4,1527 )
[2572] 2020/11/11 09:21:08.598 SKQuoteLib_GetKLine(4,1528 )
[2572] 2020/11/11 09:21:08.949 SKQuoteLib_GetKLine(4,1529 )
[2572] 2020/11/11 09:21:09.412 SKQuoteLib_GetKLine(4,1530 )
[2572] 2020/11/11 09:21:09.863 SKQuoteLib_GetKLine(4,1531 )
[2572] 2020/11/11 09:21:10.386 SKQuoteLib_GetKLine(4,1532 )
[2572] 2020/11/11 09:21:10.796 SKQuoteLib_GetKLine(4,1535 )
[2572] 2020/11/11 09:21:11.226 SKQuoteLib_GetKLine(4,1537 )
[2572] 2020/11/11 09:21:11.595 SKQuoteLib_GetKLine(4,1539 )
[2572] 2020/11/11 09:21:12.013 SKQuoteLib_GetKLine(4,1540 )
[2572] 2020/11/11 09:21:12.418 SKQuoteLib_GetKLine(4,1541 )
[2572] 2020/11/11 09:21:12.832 SKQuoteLib_GetKLine(4,1558 )
[2572] 2020/11/11 09:21:13.142 SKQuoteLib_GetKLine(4,1560 )
[2572] 2020/11/11 09:21:13.490 SKQuoteLib_GetKLine(4,1583 )
[2572] 2020/11/11 09:21:13.756 SKQuoteLib_GetKLine(4,1589 )
[2572] 2020/11/11 09:21:13.909 SKQuoteLib_GetKLine(4,1590 )
[2572] 2020/11/11 09:21:14.088 SKQuoteLib_GetKLine(4,2049 )
[2572] 2020/11/11 09:21:14.382 SKQuoteLib_GetKLine(4,2241 )
[2572] 2020/11/11 09:21:14.529 SKQuoteLib_GetKLine(4,2371 )
[2572] 2020/11/11 09:21:15.158 SKQuoteLib_GetKLine(4,3167 )
[2572] 2020/11/11 09:21:15.368 SKQuoteLib_GetKLine(4,4526 )
[2572] 2020/11/11 09:21:15.683 SKQuoteLib_GetKLine(4,4532 )
[2572] 2020/11/11 09:21:15.975 SKQuoteLib_GetKLine(4,4540 )
[2572] 2020/11/11 09:21:16.127 SKQuoteLib_GetKLine(4,4552 )
[2572] 2020/11/11 09:21:16.253 SKQuoteLib_GetKLine(4,4555 )
[2572] 2020/11/11 09:21:16.438 SKQuoteLib_GetKLine(4,4560 )
[2572] 2020/11/11 09:21:16.592 SKQuoteLib_GetKLine(4,4562 )
[2572] 2020/11/11 09:21:16.740 SKQuoteLib_GetKLine(4,4564 )
[2572] 2020/11/11 09:21:16.839 SKQuoteLib_GetKLine(4,4566 )
[2572] 2020/11/11 09:21:16.926 SKQuoteLib_GetKLine(4,4571 )
[2572] 2020/11/11 09:21:16.981 SKQuoteLib_GetKLine(4,4572 )
[2572] 2020/11/11 09:21:17.048 SKQuoteLib_GetKLine(4,4576 )
[2572] 2020/11/11 09:21:17.127 SKQuoteLib_GetKLine(4,5288 )
[2572] 2020/11/11 09:21:17.262 SKQuoteLib_GetKLine(4,8222 )
[2572] 2020/11/11 09:21:17.456 SKQuoteLib_GetKLine(4,8374 )
[2572] 2020/11/11 09:21:17.882 SKQuoteLib_GetKLine(4,8996 )
[2572] 2020/11/11 09:21:18.193 SKQuoteLib_GetKLine(4,1603 )
[2572] 2020/11/11 09:21:18.837 SKQuoteLib_GetKLine(4,1604 )
[2572] 2020/11/11 09:21:19.457 SKQuoteLib_GetKLine(4,1605 )
[2572] 2020/11/11 09:21:20.142 SKQuoteLib_GetKLine(4,1608 )
[2572] 2020/11/11 09:21:20.749 SKQuoteLib_GetKLine(4,1609 )
[2572] 2020/11/11 09:21:21.378 SKQuoteLib_GetKLine(4,1611 )
[2572] 2020/11/11 09:21:21.957 SKQuoteLib_GetKLine(4,1612 )
[2572] 2020/11/11 09:21:22.549 SKQuoteLib_GetKLine(4,1614 )
[2572] 2020/11/11 09:21:22.921 SKQuoteLib_GetKLine(4,1615 )
[2572] 2020/11/11 09:21:23.502 SKQuoteLib_GetKLine(4,1616 )
[2572] 2020/11/11 09:21:23.913 SKQuoteLib_GetKLine(4,1617 )
[2572] 2020/11/11 09:21:24.369 SKQuoteLib_GetKLine(4,1618 )
[2572] 2020/11/11 09:21:24.706 SKQuoteLib_GetKLine(4,1626 )
[2572] 2020/11/11 09:21:24.842 SKQuoteLib_GetKLine(4,4930 )
[2572] 2020/11/11 09:21:25.053 SKQuoteLib_GetKLine(4,5283 )
[2572] 2020/11/11 09:21:25.257 SKQuoteLib_GetKLine(4,1802 )
[2572] 2020/11/11 09:21:25.848 SKQuoteLib_GetKLine(4,1806 )
[2572] 2020/11/11 09:21:26.416 SKQuoteLib_GetKLine(4,1809 )
[2572] 2020/11/11 09:21:27.007 SKQuoteLib_GetKLine(4,1810 )
[2572] 2020/11/11 09:21:27.401 SKQuoteLib_GetKLine(4,1817 )
[2572] 2020/11/11 09:21:27.599 SKQuoteLib_GetKLine(4,1903 )
[2572] 2020/11/11 09:21:28.266 SKQuoteLib_GetKLine(4,1904 )
[2572] 2020/11/11 09:21:28.788 SKQuoteLib_GetKLine(4,1905 )
[2572] 2020/11/11 09:21:29.411 SKQuoteLib_GetKLine(4,1906 )
[2572] 2020/11/11 09:21:30.074 SKQuoteLib_GetKLine(4,1907 )
[2572] 2020/11/11 09:21:30.715 SKQuoteLib_GetKLine(4,1909 )
[2572] 2020/11/11 09:21:31.273 SKQuoteLib_GetKLine(4,2002 )
[2572] 2020/11/11 09:21:31.916 SKQuoteLib_GetKLine(4,2006 )
[2572] 2020/11/11 09:21:32.595 SKQuoteLib_GetKLine(4,2007 )
[2572] 2020/11/11 09:21:33.128 SKQuoteLib_GetKLine(4,2008 )
[2572] 2020/11/11 09:21:33.769 SKQuoteLib_GetKLine(4,2009 )
[2572] 2020/11/11 09:21:34.396 SKQuoteLib_GetKLine(4,2010 )
[2572] 2020/11/11 09:21:34.980 SKQuoteLib_GetKLine(4,2012 )
[2572] 2020/11/11 09:21:35.570 SKQuoteLib_GetKLine(4,2013 )
[2572] 2020/11/11 09:21:36.575 SKQuoteLib_GetKLine(4,2014 )
[2572] 2020/11/11 09:21:37.309 SKQuoteLib_GetKLine(4,2015 )
[2572] 2020/11/11 09:21:37.934 SKQuoteLib_GetKLine(4,2017 )
[2572] 2020/11/11 09:21:38.529 SKQuoteLib_GetKLine(4,2020 )
[2572] 2020/11/11 09:21:39.004 SKQuoteLib_GetKLine(4,2022 )
[2572] 2020/11/11 09:21:39.559 SKQuoteLib_GetKLine(4,2023 )
[2572] 2020/11/11 09:21:40.327 SKQuoteLib_GetKLine(4,2024 )
[2572] 2020/11/11 09:21:41.154 SKQuoteLib_GetKLine(4,2025 )
[2572] 2020/11/11 09:21:41.256 SKQuoteLib_GetKLine(4,2027 )
[2572] 2020/11/11 09:21:41.768 SKQuoteLib_GetKLine(4,2028 )
[2572] 2020/11/11 09:21:42.432 SKQuoteLib_GetKLine(4,2029 )
[2572] 2020/11/11 09:21:43.068 SKQuoteLib_GetKLine(4,2030 )
[2572] 2020/11/11 09:21:43.461 SKQuoteLib_GetKLine(4,2031 )
[2572] 2020/11/11 09:21:43.955 SKQuoteLib_GetKLine(4,2032 )
[2572] 2020/11/11 09:21:44.630 SKQuoteLib_GetKLine(4,2033 )
[2572] 2020/11/11 09:21:45.119 SKQuoteLib_GetKLine(4,2034 )
[2572] 2020/11/11 09:21:45.504 SKQuoteLib_GetKLine(4,2038 )
[2572] 2020/11/11 09:21:45.732 SKQuoteLib_GetKLine(4,2069 )
[2572] 2020/11/11 09:21:45.868 SKQuoteLib_GetKLine(4,3004 )
[2572] 2020/11/11 09:21:46.286 SKQuoteLib_GetKLine(4,5007 )
[2572] 2020/11/11 09:21:46.740 SKQuoteLib_GetKLine(4,5538 )
[2572] 2020/11/11 09:21:46.953 SKQuoteLib_GetKLine(4,9958 )
[2572] 2020/11/11 09:21:47.199 SKQuoteLib_GetKLine(4,2101 )
[2572] 2020/11/11 09:21:47.911 SKQuoteLib_GetKLine(4,2102 )
[2572] 2020/11/11 09:21:48.574 SKQuoteLib_GetKLine(4,2103 )
[2572] 2020/11/11 09:21:49.186 SKQuoteLib_GetKLine(4,2104 )
[2572] 2020/11/11 09:21:49.883 SKQuoteLib_GetKLine(4,2105 )
[2572] 2020/11/11 09:21:50.635 SKQuoteLib_GetKLine(4,2106 )
[2572] 2020/11/11 09:21:51.161 SKQuoteLib_GetKLine(4,2107 )
[2572] 2020/11/11 09:21:51.690 SKQuoteLib_GetKLine(4,2108 )
[2572] 2020/11/11 09:21:52.252 SKQuoteLib_GetKLine(4,2109 )
[2572] 2020/11/11 09:21:52.677 SKQuoteLib_GetKLine(4,2114 )
[2572] 2020/11/11 09:21:52.960 SKQuoteLib_GetKLine(4,6582 )
[2572] 2020/11/11 09:21:53.073 SKQuoteLib_GetKLine(4,1319 )
[2572] 2020/11/11 09:21:53.574 SKQuoteLib_GetKLine(4,1338 )
[2572] 2020/11/11 09:21:53.770 SKQuoteLib_GetKLine(4,1339 )
[2572] 2020/11/11 09:21:53.956 SKQuoteLib_GetKLine(4,1512 )
[2572] 2020/11/11 09:21:54.453 SKQuoteLib_GetKLine(4,1521 )
[2572] 2020/11/11 09:21:54.841 SKQuoteLib_GetKLine(4,1522 )
[2572] 2020/11/11 09:21:55.248 SKQuoteLib_GetKLine(4,1524 )
[2572] 2020/11/11 09:21:55.629 SKQuoteLib_GetKLine(4,1525 )
[2572] 2020/11/11 09:21:55.974 SKQuoteLib_GetKLine(4,1533 )
[2572] 2020/11/11 09:21:56.428 SKQuoteLib_GetKLine(4,1536 )
[2572] 2020/11/11 09:21:56.818 SKQuoteLib_GetKLine(4,1568 )
[2572] 2020/11/11 09:21:57.132 SKQuoteLib_GetKLine(4,1587 )
[2572] 2020/11/11 09:21:57.347 SKQuoteLib_GetKLine(4,1592 )
[2572] 2020/11/11 09:21:57.472 SKQuoteLib_GetKLine(4,2115 )
[2572] 2020/11/11 09:21:57.616 SKQuoteLib_GetKLine(4,2201 )
[2572] 2020/11/11 09:21:58.191 SKQuoteLib_GetKLine(4,2204 )
[2572] 2020/11/11 09:21:58.763 SKQuoteLib_GetKLine(4,2206 )
[2572] 2020/11/11 09:21:59.185 SKQuoteLib_GetKLine(4,2207 )
[2572] 2020/11/11 09:21:59.582 SKQuoteLib_GetKLine(4,2227 )
[2572] 2020/11/11 09:21:59.877 SKQuoteLib_GetKLine(4,2228 )
[2572] 2020/11/11 09:22:00.071 SKQuoteLib_GetKLine(4,2231 )
[2572] 2020/11/11 09:22:00.314 SKQuoteLib_GetKLine(4,2233 )
[2572] 2020/11/11 09:22:00.517 SKQuoteLib_GetKLine(4,2236 )
[2572] 2020/11/11 09:22:00.650 SKQuoteLib_GetKLine(4,2239 )
[2572] 2020/11/11 09:22:00.802 SKQuoteLib_GetKLine(4,2243 )
[2572] 2020/11/11 09:22:00.879 SKQuoteLib_GetKLine(4,2247 )
[2572] 2020/11/11 09:22:00.985 SKQuoteLib_GetKLine(4,2497 )
[2572] 2020/11/11 09:22:01.355 SKQuoteLib_GetKLine(4,3346 )
[2572] 2020/11/11 09:22:01.519 SKQuoteLib_GetKLine(4,4551 )
[2572] 2020/11/11 09:22:01.662 SKQuoteLib_GetKLine(4,4557 )
[2572] 2020/11/11 09:22:01.904 SKQuoteLib_GetKLine(4,4581 )
[2572] 2020/11/11 09:22:01.951 SKQuoteLib_GetKLine(4,6288 )
[2572] 2020/11/11 09:22:02.181 SKQuoteLib_GetKLine(4,6605 )
[2572] 2020/11/11 09:22:02.576 SKQuoteLib_GetKLine(4,1316 )
[2572] 2020/11/11 09:22:03.114 SKQuoteLib_GetKLine(4,1436 )
[2572] 2020/11/11 09:22:03.647 SKQuoteLib_GetKLine(4,1438 )
[2572] 2020/11/11 09:22:04.254 SKQuoteLib_GetKLine(4,1442 )
[2572] 2020/11/11 09:22:04.776 SKQuoteLib_GetKLine(4,1805 )
[2572] 2020/11/11 09:22:05.307 SKQuoteLib_GetKLine(4,1808 )
[2572] 2020/11/11 09:22:05.966 SKQuoteLib_GetKLine(4,2501 )
[2572] 2020/11/11 09:22:06.661 SKQuoteLib_GetKLine(4,2504 )
[2572] 2020/11/11 09:22:07.165 SKQuoteLib_GetKLine(4,2505 )
[2572] 2020/11/11 09:22:07.763 SKQuoteLib_GetKLine(4,2506 )
[2572] 2020/11/11 09:22:08.503 SKQuoteLib_GetKLine(4,2509 )
[2572] 2020/11/11 09:22:09.127 SKQuoteLib_GetKLine(4,2511 )
[2572] 2020/11/11 09:22:09.670 SKQuoteLib_GetKLine(4,2515 )
[2572] 2020/11/11 09:22:10.376 SKQuoteLib_GetKLine(4,2516 )
[2572] 2020/11/11 09:22:10.852 SKQuoteLib_GetKLine(4,2520 )
[2572] 2020/11/11 09:22:11.332 SKQuoteLib_GetKLine(4,2524 )
[2572] 2020/11/11 09:22:11.845 SKQuoteLib_GetKLine(4,2527 )
[2572] 2020/11/11 09:22:12.299 SKQuoteLib_GetKLine(4,2528 )
[2572] 2020/11/11 09:22:12.763 SKQuoteLib_GetKLine(4,2530 )
[2572] 2020/11/11 09:22:13.307 SKQuoteLib_GetKLine(4,2534 )
[2572] 2020/11/11 09:22:13.750 SKQuoteLib_GetKLine(4,2535 )
[2572] 2020/11/11 09:22:14.193 SKQuoteLib_GetKLine(4,2536 )
[2572] 2020/11/11 09:22:14.648 SKQuoteLib_GetKLine(4,2537 )
[2572] 2020/11/11 09:22:15.121 SKQuoteLib_GetKLine(4,2538 )
[2572] 2020/11/11 09:22:15.582 SKQuoteLib_GetKLine(4,2539 )
[2572] 2020/11/11 09:22:16.140 SKQuoteLib_GetKLine(4,2540 )
[2572] 2020/11/11 09:22:16.833 SKQuoteLib_GetKLine(4,2542 )
[2572] 2020/11/11 09:22:17.192 SKQuoteLib_GetKLine(4,2543 )
[2572] 2020/11/11 09:22:17.576 SKQuoteLib_GetKLine(4,2545 )
[2572] 2020/11/11 09:22:17.956 SKQuoteLib_GetKLine(4,2546 )
[2572] 2020/11/11 09:22:18.357 SKQuoteLib_GetKLine(4,2547 )
[2572] 2020/11/11 09:22:18.707 SKQuoteLib_GetKLine(4,2548 )
[2572] 2020/11/11 09:22:19.075 SKQuoteLib_GetKLine(4,2597 )
[2572] 2020/11/11 09:22:19.381 SKQuoteLib_GetKLine(4,2841 )
[2572] 2020/11/11 09:22:19.972 SKQuoteLib_GetKLine(4,2923 )
[2572] 2020/11/11 09:22:20.120 SKQuoteLib_GetKLine(4,3052 )
[2572] 2020/11/11 09:22:20.479 SKQuoteLib_GetKLine(4,3056 )
[2572] 2020/11/11 09:22:20.770 SKQuoteLib_GetKLine(4,3266 )
[2572] 2020/11/11 09:22:21.090 SKQuoteLib_GetKLine(4,3703 )
[2572] 2020/11/11 09:22:21.285 SKQuoteLib_GetKLine(4,5515 )
[2572] 2020/11/11 09:22:21.877 SKQuoteLib_GetKLine(4,5519 )
[2572] 2020/11/11 09:22:22.244 SKQuoteLib_GetKLine(4,5521 )
[2572] 2020/11/11 09:22:22.563 SKQuoteLib_GetKLine(4,5522 )
[2572] 2020/11/11 09:22:22.898 SKQuoteLib_GetKLine(4,5525 )
[2572] 2020/11/11 09:22:23.611 SKQuoteLib_GetKLine(4,5531 )
[2572] 2020/11/11 09:22:24.013 SKQuoteLib_GetKLine(4,5533 )
[2572] 2020/11/11 09:22:24.316 SKQuoteLib_GetKLine(4,5534 )
[2572] 2020/11/11 09:22:24.619 SKQuoteLib_GetKLine(4,5546 )
[2572] 2020/11/11 09:22:24.666 SKQuoteLib_GetKLine(4,6177 )
[2572] 2020/11/11 09:22:24.983 SKQuoteLib_GetKLine(4,9906 )
[2572] 2020/11/11 09:22:25.950 SKQuoteLib_GetKLine(4,9946 )
[2572] 2020/11/11 09:22:26.278 SKQuoteLib_GetKLine(4,2208 )
[2572] 2020/11/11 09:22:26.529 SKQuoteLib_GetKLine(4,2603 )
[2572] 2020/11/11 09:22:27.209 SKQuoteLib_GetKLine(4,2605 )
[2572] 2020/11/11 09:22:27.748 SKQuoteLib_GetKLine(4,2606 )
[2572] 2020/11/11 09:22:28.310 SKQuoteLib_GetKLine(4,2607 )
[2572] 2020/11/11 09:22:28.879 SKQuoteLib_GetKLine(4,2608 )
[2572] 2020/11/11 09:22:29.442 SKQuoteLib_GetKLine(4,2609 )
[2572] 2020/11/11 09:22:29.948 SKQuoteLib_GetKLine(4,2610 )
[2572] 2020/11/11 09:22:30.456 SKQuoteLib_GetKLine(4,2611 )
[2572] 2020/11/11 09:22:30.947 SKQuoteLib_GetKLine(4,2612 )
[2572] 2020/11/11 09:22:31.415 SKQuoteLib_GetKLine(4,2613 )
[2572] 2020/11/11 09:22:31.899 SKQuoteLib_GetKLine(4,2615 )
[2572] 2020/11/11 09:22:32.461 SKQuoteLib_GetKLine(4,2617 )
[2572] 2020/11/11 09:22:32.872 SKQuoteLib_GetKLine(4,2618 )
[2572] 2020/11/11 09:22:33.226 SKQuoteLib_GetKLine(4,2630 )
[2572] 2020/11/11 09:22:33.335 SKQuoteLib_GetKLine(4,2633 )
[2572] 2020/11/11 09:22:33.644 SKQuoteLib_GetKLine(4,2634 )
[2572] 2020/11/11 09:22:33.772 SKQuoteLib_GetKLine(4,2636 )
[2572] 2020/11/11 09:22:34.485 SKQuoteLib_GetKLine(4,2637 )
[2572] 2020/11/11 09:22:34.886 SKQuoteLib_GetKLine(4,2642 )
[2572] 2020/11/11 09:22:35.024 SKQuoteLib_GetKLine(4,5607 )
[2572] 2020/11/11 09:22:35.393 SKQuoteLib_GetKLine(4,5608 )
[2572] 2020/11/11 09:22:35.767 SKQuoteLib_GetKLine(4,8367 )
[2572] 2020/11/11 09:22:35.860 SKQuoteLib_GetKLine(4,2701 )
[2572] 2020/11/11 09:22:36.448 SKQuoteLib_GetKLine(4,2702 )
[2572] 2020/11/11 09:22:37.059 SKQuoteLib_GetKLine(4,2704 )
[2572] 2020/11/11 09:22:37.649 SKQuoteLib_GetKLine(4,2705 )
[2572] 2020/11/11 09:22:38.297 SKQuoteLib_GetKLine(4,2706 )
[2572] 2020/11/11 09:22:38.864 SKQuoteLib_GetKLine(4,2707 )
[2572] 2020/11/11 09:22:39.277 SKQuoteLib_GetKLine(4,2712 )
[2572] 2020/11/11 09:22:39.440 SKQuoteLib_GetKLine(4,2722 )
[2572] 2020/11/11 09:22:39.655 SKQuoteLib_GetKLine(4,2723 )
[2572] 2020/11/11 09:22:40.406 SKQuoteLib_GetKLine(4,2727 )
[2572] 2020/11/11 09:22:40.825 SKQuoteLib_GetKLine(4,2731 )
[2572] 2020/11/11 09:22:41.034 SKQuoteLib_GetKLine(4,2739 )
[2572] 2020/11/11 09:22:41.178 SKQuoteLib_GetKLine(4,2748 )
[2572] 2020/11/11 09:22:41.353 SKQuoteLib_GetKLine(4,5706 )
[2572] 2020/11/11 09:22:41.834 SKQuoteLib_GetKLine(4,8462 )
[2572] 2020/11/11 09:22:41.976 SKQuoteLib_GetKLine(4,8940 )
[2572] 2020/11/11 09:22:42.457 SKQuoteLib_GetKLine(4,9943 )
[2572] 2020/11/11 09:22:43.010 SKQuoteLib_GetKLine(4,2801 )
[2572] 2020/11/11 09:22:43.642 SKQuoteLib_GetKLine(4,2809 )
[2572] 2020/11/11 09:22:44.546 SKQuoteLib_GetKLine(4,2812 )
[2572] 2020/11/11 09:22:45.212 SKQuoteLib_GetKLine(4,2816 )
[2572] 2020/11/11 09:22:45.843 SKQuoteLib_GetKLine(4,2820 )
[2572] 2020/11/11 09:22:46.346 SKQuoteLib_GetKLine(4,2823 )
[2572] 2020/11/11 09:22:46.959 SKQuoteLib_GetKLine(4,2832 )
[2572] 2020/11/11 09:22:47.495 SKQuoteLib_GetKLine(4,2834 )
[2572] 2020/11/11 09:22:48.188 SKQuoteLib_GetKLine(4,2836 )
[2572] 2020/11/11 09:22:48.906 SKQuoteLib_GetKLine(4,2838 )
[2572] 2020/11/11 09:22:49.411 SKQuoteLib_GetKLine(4,2845 )
[2572] 2020/11/11 09:22:49.855 SKQuoteLib_GetKLine(4,2849 )
[2572] 2020/11/11 09:22:50.483 SKQuoteLib_GetKLine(4,2850 )
[2572] 2020/11/11 09:22:50.884 SKQuoteLib_GetKLine(4,2851 )
[2572] 2020/11/11 09:22:51.331 SKQuoteLib_GetKLine(4,2852 )
[2572] 2020/11/11 09:22:51.830 SKQuoteLib_GetKLine(4,2855 )
[2572] 2020/11/11 09:22:52.248 SKQuoteLib_GetKLine(4,2867 )
[2572] 2020/11/11 09:22:52.587 SKQuoteLib_GetKLine(4,2880 )
[2572] 2020/11/11 09:22:53.392 SKQuoteLib_GetKLine(4,2881 )
[2572] 2020/11/11 09:22:54.123 SKQuoteLib_GetKLine(4,2882 )
[2572] 2020/11/11 09:22:54.825 SKQuoteLib_GetKLine(4,2883 )
[2572] 2020/11/11 09:22:55.472 SKQuoteLib_GetKLine(4,2884 )
[2572] 2020/11/11 09:22:56.049 SKQuoteLib_GetKLine(4,2885 )
[2572] 2020/11/11 09:22:56.604 SKQuoteLib_GetKLine(4,2886 )
[2572] 2020/11/11 09:22:57.584 SKQuoteLib_GetKLine(4,2887 )
[2572] 2020/11/11 09:22:58.150 SKQuoteLib_GetKLine(4,2888 )
[2572] 2020/11/11 09:22:58.852 SKQuoteLib_GetKLine(4,2889 )
[2572] 2020/11/11 09:23:00.244 SKQuoteLib_GetKLine(4,2890 )
[2572] 2020/11/11 09:23:01.243 SKQuoteLib_GetKLine(4,2891 )
[2572] 2020/11/11 09:23:02.335 SKQuoteLib_GetKLine(4,2892 )
[2572] 2020/11/11 09:23:02.992 SKQuoteLib_GetKLine(4,2897 )
[2572] 2020/11/11 09:23:03.354 SKQuoteLib_GetKLine(4,5876 )
[2572] 2020/11/11 09:23:03.521 SKQuoteLib_GetKLine(4,5880 )
[2572] 2020/11/11 09:23:03.849 SKQuoteLib_GetKLine(4,6005 )
[2572] 2020/11/11 09:23:04.472 SKQuoteLib_GetKLine(4,6024 )
[2572] 2020/11/11 09:23:05.164 SKQuoteLib_GetKLine(4,1432 )
[2572] 2020/11/11 09:23:05.940 SKQuoteLib_GetKLine(4,2601 )
[2572] 2020/11/11 09:23:06.703 SKQuoteLib_GetKLine(4,2614 )
[2572] 2020/11/11 09:23:07.510 SKQuoteLib_GetKLine(4,2901 )
[2572] 2020/11/11 09:23:08.121 SKQuoteLib_GetKLine(4,2903 )
[2572] 2020/11/11 09:23:08.882 SKQuoteLib_GetKLine(4,2905 )
[2572] 2020/11/11 09:23:09.623 SKQuoteLib_GetKLine(4,2906 )
[2572] 2020/11/11 09:23:10.467 SKQuoteLib_GetKLine(4,2908 )
[2572] 2020/11/11 09:23:10.978 SKQuoteLib_GetKLine(4,2910 )
[2572] 2020/11/11 09:23:11.511 SKQuoteLib_GetKLine(4,2911 )
[2572] 2020/11/11 09:23:12.064 SKQuoteLib_GetKLine(4,2912 )
[2572] 2020/11/11 09:23:12.587 SKQuoteLib_GetKLine(4,2913 )
[2572] 2020/11/11 09:23:13.194 SKQuoteLib_GetKLine(4,2915 )
[2572] 2020/11/11 09:23:13.539 SKQuoteLib_GetKLine(4,2929 )
[2572] 2020/11/11 09:23:13.657 SKQuoteLib_GetKLine(4,2936 )
[2572] 2020/11/11 09:23:14.001 SKQuoteLib_GetKLine(4,2939 )
[2572] 2020/11/11 09:23:14.169 SKQuoteLib_GetKLine(4,4807 )
[2572] 2020/11/11 09:23:14.538 SKQuoteLib_GetKLine(4,5906 )
[2572] 2020/11/11 09:23:14.686 SKQuoteLib_GetKLine(4,5907 )
[2572] 2020/11/11 09:23:14.832 SKQuoteLib_GetKLine(4,8429 )
[2572] 2020/11/11 09:23:14.996 SKQuoteLib_GetKLine(4,8443 )
[2572] 2020/11/11 09:23:15.179 SKQuoteLib_GetKLine(4,8454 )
[2572] 2020/11/11 09:23:15.303 SKQuoteLib_GetKLine(4,1416 )
[2572] 2020/11/11 09:23:15.861 SKQuoteLib_GetKLine(4,1435 )
[2572] 2020/11/11 09:23:16.416 SKQuoteLib_GetKLine(4,1437 )
[2572] 2020/11/11 09:23:17.007 SKQuoteLib_GetKLine(4,1516 )
[2572] 2020/11/11 09:23:17.568 SKQuoteLib_GetKLine(4,2062 )
[2572] 2020/11/11 09:23:17.799 SKQuoteLib_GetKLine(4,2348 )
[2572] 2020/11/11 09:23:18.238 SKQuoteLib_GetKLine(4,2358 )
[2572] 2020/11/11 09:23:18.781 SKQuoteLib_GetKLine(4,2443 )
[2572] 2020/11/11 09:23:19.323 SKQuoteLib_GetKLine(4,2496 )
[2572] 2020/11/11 09:23:19.666 SKQuoteLib_GetKLine(4,2514 )
[2572] 2020/11/11 09:23:20.221 SKQuoteLib_GetKLine(4,2904 )
[2572] 2020/11/11 09:23:20.953 SKQuoteLib_GetKLine(4,3040 )
[2572] 2020/11/11 09:23:21.301 SKQuoteLib_GetKLine(4,3557 )
[2572] 2020/11/11 09:23:21.600 SKQuoteLib_GetKLine(4,4536 )
[2572] 2020/11/11 09:23:21.744 SKQuoteLib_GetKLine(4,5284 )
[2572] 2020/11/11 09:23:21.919 SKQuoteLib_GetKLine(4,5871 )
[2572] 2020/11/11 09:23:22.071 SKQuoteLib_GetKLine(4,6184 )
[2572] 2020/11/11 09:23:22.364 SKQuoteLib_GetKLine(4,6464 )
[2572] 2020/11/11 09:23:22.506 SKQuoteLib_GetKLine(4,6504 )
[2572] 2020/11/11 09:23:22.882 SKQuoteLib_GetKLine(4,6581 )
[2572] 2020/11/11 09:23:23.307 SKQuoteLib_GetKLine(4,6592 )
[2572] 2020/11/11 09:23:23.398 SKQuoteLib_GetKLine(4,6625 )
[2572] 2020/11/11 09:23:23.499 SKQuoteLib_GetKLine(4,6641 )
[2572] 2020/11/11 09:23:23.608 SKQuoteLib_GetKLine(4,6655 )
[2572] 2020/11/11 09:23:23.734 SKQuoteLib_GetKLine(4,6670 )
[2572] 2020/11/11 09:23:23.825 SKQuoteLib_GetKLine(4,6671 )
[2572] 2020/11/11 09:23:23.902 SKQuoteLib_GetKLine(4,6754 )
[2572] 2020/11/11 09:23:23.959 SKQuoteLib_GetKLine(4,8033 )
[2572] 2020/11/11 09:23:24.234 SKQuoteLib_GetKLine(4,8341 )
[2572] 2020/11/11 09:23:24.427 SKQuoteLib_GetKLine(4,8404 )
[2572] 2020/11/11 09:23:24.647 SKQuoteLib_GetKLine(4,8411 )
[2572] 2020/11/11 09:23:24.909 SKQuoteLib_GetKLine(4,8422 )
[2572] 2020/11/11 09:23:25.133 SKQuoteLib_GetKLine(4,8427 )
[2572] 2020/11/11 09:23:25.322 SKQuoteLib_GetKLine(4,8442 )
[2572] 2020/11/11 09:23:25.445 SKQuoteLib_GetKLine(4,8463 )
[2572] 2020/11/11 09:23:25.617 SKQuoteLib_GetKLine(4,8464 )
[2572] 2020/11/11 09:23:25.750 SKQuoteLib_GetKLine(4,8466 )
[2572] 2020/11/11 09:23:25.833 SKQuoteLib_GetKLine(4,8467 )
[2572] 2020/11/11 09:23:25.935 SKQuoteLib_GetKLine(4,8473 )
[2572] 2020/11/11 09:23:26.074 SKQuoteLib_GetKLine(4,8478 )
[2572] 2020/11/11 09:23:26.212 SKQuoteLib_GetKLine(4,8480 )
[2572] 2020/11/11 09:23:26.302 SKQuoteLib_GetKLine(4,8481 )
[2572] 2020/11/11 09:23:26.400 SKQuoteLib_GetKLine(4,8482 )
[2572] 2020/11/11 09:23:26.486 SKQuoteLib_GetKLine(4,8488 )
[2572] 2020/11/11 09:23:26.591 SKQuoteLib_GetKLine(4,8499 )
[2572] 2020/11/11 09:23:26.778 SKQuoteLib_GetKLine(4,9802 )
[2572] 2020/11/11 09:23:27.108 SKQuoteLib_GetKLine(4,9902 )
[2572] 2020/11/11 09:23:27.852 SKQuoteLib_GetKLine(4,9904 )
[2572] 2020/11/11 09:23:28.439 SKQuoteLib_GetKLine(4,9905 )
[2572] 2020/11/11 09:23:29.373 SKQuoteLib_GetKLine(4,9907 )
[2572] 2020/11/11 09:23:29.884 SKQuoteLib_GetKLine(4,9910 )
[2572] 2020/11/11 09:23:30.514 SKQuoteLib_GetKLine(4,9911 )
[2572] 2020/11/11 09:23:31.086 SKQuoteLib_GetKLine(4,9914 )
[2572] 2020/11/11 09:23:31.654 SKQuoteLib_GetKLine(4,9917 )
[2572] 2020/11/11 09:23:32.101 SKQuoteLib_GetKLine(4,9919 )
[2572] 2020/11/11 09:23:32.619 SKQuoteLib_GetKLine(4,9921 )
[2572] 2020/11/11 09:23:33.169 SKQuoteLib_GetKLine(4,9924 )
[2572] 2020/11/11 09:23:33.801 SKQuoteLib_GetKLine(4,9925 )
[2572] 2020/11/11 09:23:34.282 SKQuoteLib_GetKLine(4,9927 )
[2572] 2020/11/11 09:23:34.653 SKQuoteLib_GetKLine(4,9928 )
[2572] 2020/11/11 09:23:35.092 SKQuoteLib_GetKLine(4,9929 )
[2572] 2020/11/11 09:23:35.755 SKQuoteLib_GetKLine(4,9930 )
[2572] 2020/11/11 09:23:36.111 SKQuoteLib_GetKLine(4,9933 )
[2572] 2020/11/11 09:23:36.614 SKQuoteLib_GetKLine(4,9934 )
[2572] 2020/11/11 09:23:37.016 SKQuoteLib_GetKLine(4,9935 )
[2572] 2020/11/11 09:23:37.501 SKQuoteLib_GetKLine(4,9938 )
[2572] 2020/11/11 09:23:37.997 SKQuoteLib_GetKLine(4,9939 )
[2572] 2020/11/11 09:23:38.404 SKQuoteLib_GetKLine(4,9940 )
[2572] 2020/11/11 09:23:38.778 SKQuoteLib_GetKLine(4,9941 )
[2572] 2020/11/11 09:23:39.659 SKQuoteLib_GetKLine(4,9942 )
[2572] 2020/11/11 09:23:40.415 SKQuoteLib_GetKLine(4,9944 )
[2572] 2020/11/11 09:23:40.816 SKQuoteLib_GetKLine(4,9945 )
[2572] 2020/11/11 09:23:41.218 SKQuoteLib_GetKLine(4,9955 )
[2572] 2020/11/11 09:23:41.600 SKQuoteLib_GetKLine(4,1708 )
[2572] 2020/11/11 09:23:42.612 SKQuoteLib_GetKLine(4,1709 )
[2572] 2020/11/11 09:23:44.292 SKQuoteLib_GetKLine(4,1710 )
[2572] 2020/11/11 09:23:45.320 SKQuoteLib_GetKLine(4,1711 )
[2572] 2020/11/11 09:23:46.032 SKQuoteLib_GetKLine(4,1712 )
[2572] 2020/11/11 09:23:46.908 SKQuoteLib_GetKLine(4,1713 )
[2572] 2020/11/11 09:23:47.579 SKQuoteLib_GetKLine(4,1714 )
[2572] 2020/11/11 09:23:48.259 SKQuoteLib_GetKLine(4,1717 )
[2572] 2020/11/11 09:23:48.772 SKQuoteLib_GetKLine(4,1718 )
[2572] 2020/11/11 09:23:49.591 SKQuoteLib_GetKLine(4,1721 )
[2572] 2020/11/11 09:23:50.298 SKQuoteLib_GetKLine(4,1722 )
[2572] 2020/11/11 09:23:50.734 SKQuoteLib_GetKLine(4,1723 )
[2572] 2020/11/11 09:23:51.204 SKQuoteLib_GetKLine(4,1724 )
[2572] 2020/11/11 09:23:51.703 SKQuoteLib_GetKLine(4,1725 )
[2572] 2020/11/11 09:23:52.214 SKQuoteLib_GetKLine(4,1726 )
[2572] 2020/11/11 09:23:52.589 SKQuoteLib_GetKLine(4,1727 )
[2572] 2020/11/11 09:23:53.058 SKQuoteLib_GetKLine(4,1730 )
[2572] 2020/11/11 09:23:53.446 SKQuoteLib_GetKLine(4,1732 )
[2572] 2020/11/11 09:23:53.824 SKQuoteLib_GetKLine(4,1735 )
[2572] 2020/11/11 09:23:54.315 SKQuoteLib_GetKLine(4,1773 )
[2572] 2020/11/11 09:23:54.627 SKQuoteLib_GetKLine(4,1776 )
[2572] 2020/11/11 09:23:54.902 SKQuoteLib_GetKLine(4,3708 )
[2572] 2020/11/11 09:23:55.331 SKQuoteLib_GetKLine(4,4720 )
[2572] 2020/11/11 09:23:56.195 SKQuoteLib_GetKLine(4,4722 )
[2572] 2020/11/11 09:23:56.570 SKQuoteLib_GetKLine(4,4725 )
[2572] 2020/11/11 09:23:57.067 SKQuoteLib_GetKLine(4,4739 )
[2572] 2020/11/11 09:23:57.349 SKQuoteLib_GetKLine(4,4755 )
[2572] 2020/11/11 09:23:57.516 SKQuoteLib_GetKLine(4,4763 )
[2572] 2020/11/11 09:23:57.621 SKQuoteLib_GetKLine(4,4764 )
[2572] 2020/11/11 09:23:57.725 SKQuoteLib_GetKLine(4,4766 )
[2572] 2020/11/11 09:23:57.816 SKQuoteLib_GetKLine(4,1598 )
[2572] 2020/11/11 09:23:58.173 SKQuoteLib_GetKLine(4,1701 )
[2572] 2020/11/11 09:23:58.899 SKQuoteLib_GetKLine(4,1707 )
[2572] 2020/11/11 09:23:59.504 SKQuoteLib_GetKLine(4,1720 )
[2572] 2020/11/11 09:24:00.162 SKQuoteLib_GetKLine(4,1731 )
[2572] 2020/11/11 09:24:00.673 SKQuoteLib_GetKLine(4,1733 )
[2572] 2020/11/11 09:24:01.032 SKQuoteLib_GetKLine(4,1734 )
[2572] 2020/11/11 09:24:01.622 SKQuoteLib_GetKLine(4,1736 )
[2572] 2020/11/11 09:24:02.145 SKQuoteLib_GetKLine(4,1760 )
[2572] 2020/11/11 09:24:02.393 SKQuoteLib_GetKLine(4,1762 )
[2572] 2020/11/11 09:24:02.579 SKQuoteLib_GetKLine(4,1783 )
[2572] 2020/11/11 09:24:02.816 SKQuoteLib_GetKLine(4,1786 )
[2572] 2020/11/11 09:24:03.009 SKQuoteLib_GetKLine(4,1789 )
[2572] 2020/11/11 09:24:03.263 SKQuoteLib_GetKLine(4,1795 )
[2572] 2020/11/11 09:24:03.529 SKQuoteLib_GetKLine(4,3164 )
[2572] 2020/11/11 09:24:03.808 SKQuoteLib_GetKLine(4,3705 )
[2572] 2020/11/11 09:24:03.979 SKQuoteLib_GetKLine(4,4104 )
[2572] 2020/11/11 09:24:04.380 SKQuoteLib_GetKLine(4,4106 )
[2572] 2020/11/11 09:24:04.940 SKQuoteLib_GetKLine(4,4108 )
[2572] 2020/11/11 09:24:05.466 SKQuoteLib_GetKLine(4,4119 )
[2572] 2020/11/11 09:24:05.789 SKQuoteLib_GetKLine(4,4133 )
[2572] 2020/11/11 09:24:06.097 SKQuoteLib_GetKLine(4,4137 )
[2572] 2020/11/11 09:24:06.259 SKQuoteLib_GetKLine(4,4141 )
[2572] 2020/11/11 09:24:06.420 SKQuoteLib_GetKLine(4,4142 )
[2572] 2020/11/11 09:24:06.588 SKQuoteLib_GetKLine(4,4148 )
[2572] 2020/11/11 09:24:06.744 SKQuoteLib_GetKLine(4,4155 )
[2572] 2020/11/11 09:24:06.941 SKQuoteLib_GetKLine(4,4164 )
[2572] 2020/11/11 09:24:07.131 SKQuoteLib_GetKLine(4,4190 )
[2572] 2020/11/11 09:24:07.238 SKQuoteLib_GetKLine(4,4737 )
[2572] 2020/11/11 09:24:07.637 SKQuoteLib_GetKLine(4,4746 )
[2572] 2020/11/11 09:24:07.952 SKQuoteLib_GetKLine(4,6491 )
[2572] 2020/11/11 09:24:08.075 SKQuoteLib_GetKLine(4,6541 )
[2572] 2020/11/11 09:24:08.186 SKQuoteLib_GetKLine(4,6598 )
[2572] 2020/11/11 09:24:08.265 SKQuoteLib_GetKLine(4,6666 )
[2572] 2020/11/11 09:24:08.367 SKQuoteLib_GetKLine(4,2616 )
[2572] 2020/11/11 09:24:08.772 SKQuoteLib_GetKLine(4,6505 )
[2572] 2020/11/11 09:24:09.079 SKQuoteLib_GetKLine(4,8926 )
[2572] 2020/11/11 09:24:09.531 SKQuoteLib_GetKLine(4,9908 )
[2572] 2020/11/11 09:24:10.195 SKQuoteLib_GetKLine(4,9918 )
[2572] 2020/11/11 09:24:10.720 SKQuoteLib_GetKLine(4,9926 )
[2572] 2020/11/11 09:24:11.130 SKQuoteLib_GetKLine(4,9931 )
[2572] 2020/11/11 09:24:11.633 SKQuoteLib_GetKLine(4,9937 )
[2572] 2020/11/11 09:24:12.190 SKQuoteLib_GetKLine(4,2302 )
[2572] 2020/11/11 09:24:12.871 SKQuoteLib_GetKLine(4,2303 )
[2572] 2020/11/11 09:24:13.483 SKQuoteLib_GetKLine(4,2329 )
[2572] 2020/11/11 09:24:13.965 SKQuoteLib_GetKLine(4,2330 )
[2572] 2020/11/11 09:24:14.415 SKQuoteLib_GetKLine(4,2337 )
[2572] 2020/11/11 09:24:14.851 SKQuoteLib_GetKLine(4,2338 )
[2572] 2020/11/11 09:24:15.434 SKQuoteLib_GetKLine(4,2342 )
[2572] 2020/11/11 09:24:15.876 SKQuoteLib_GetKLine(4,2344 )
[2572] 2020/11/11 09:24:16.346 SKQuoteLib_GetKLine(4,2351 )
[2572] 2020/11/11 09:24:16.761 SKQuoteLib_GetKLine(4,2363 )
[2572] 2020/11/11 09:24:17.121 SKQuoteLib_GetKLine(4,2369 )
[2572] 2020/11/11 09:24:17.515 SKQuoteLib_GetKLine(4,2379 )
[2572] 2020/11/11 09:24:17.962 SKQuoteLib_GetKLine(4,2388 )
[2572] 2020/11/11 09:24:18.335 SKQuoteLib_GetKLine(4,2401 )
[2572] 2020/11/11 09:24:18.777 SKQuoteLib_GetKLine(4,2408 )
[2572] 2020/11/11 09:24:19.217 SKQuoteLib_GetKLine(4,2434 )
[2572] 2020/11/11 09:24:19.590 SKQuoteLib_GetKLine(4,2436 )
[2572] 2020/11/11 09:24:20.101 SKQuoteLib_GetKLine(4,2441 )
[2572] 2020/11/11 09:24:20.490 SKQuoteLib_GetKLine(4,2449 )
[2572] 2020/11/11 09:24:21.012 SKQuoteLib_GetKLine(4,2451 )
[2572] 2020/11/11 09:24:21.516 SKQuoteLib_GetKLine(4,2454 )
[2572] 2020/11/11 09:24:21.969 SKQuoteLib_GetKLine(4,2458 )
[2572] 2020/11/11 09:24:22.348 SKQuoteLib_GetKLine(4,2481 )
[2572] 2020/11/11 09:24:23.032 SKQuoteLib_GetKLine(4,3006 )
[2572] 2020/11/11 09:24:23.761 SKQuoteLib_GetKLine(4,3014 )
[2572] 2020/11/11 09:24:24.095 SKQuoteLib_GetKLine(4,3016 )
[2572] 2020/11/11 09:24:24.460 SKQuoteLib_GetKLine(4,3034 )
[2572] 2020/11/11 09:24:24.823 SKQuoteLib_GetKLine(4,3035 )
[2572] 2020/11/11 09:24:25.173 SKQuoteLib_GetKLine(4,3041 )
[2572] 2020/11/11 09:24:25.657 SKQuoteLib_GetKLine(4,3054 )
[2572] 2020/11/11 09:24:26.039 SKQuoteLib_GetKLine(4,3094 )
[2572] 2020/11/11 09:24:26.333 SKQuoteLib_GetKLine(4,3189 )
[2572] 2020/11/11 09:24:26.764 SKQuoteLib_GetKLine(4,3257 )
[2572] 2020/11/11 09:24:27.034 SKQuoteLib_GetKLine(4,3413 )
[2572] 2020/11/11 09:24:27.377 SKQuoteLib_GetKLine(4,3443 )
[2572] 2020/11/11 09:24:27.669 SKQuoteLib_GetKLine(4,3530 )
[2572] 2020/11/11 09:24:27.941 SKQuoteLib_GetKLine(4,3532 )
[2572] 2020/11/11 09:24:28.224 SKQuoteLib_GetKLine(4,3536 )
[2572] 2020/11/11 09:24:28.457 SKQuoteLib_GetKLine(4,3545 )
[2572] 2020/11/11 09:24:28.740 SKQuoteLib_GetKLine(4,3583 )
[2572] 2020/11/11 09:24:28.898 SKQuoteLib_GetKLine(4,3588 )
[2572] 2020/11/11 09:24:29.214 SKQuoteLib_GetKLine(4,3661 )
[2572] 2020/11/11 09:24:29.383 SKQuoteLib_GetKLine(4,3686 )
[2572] 2020/11/11 09:24:29.633 SKQuoteLib_GetKLine(4,3711 )
[2572] 2020/11/11 09:24:29.701 SKQuoteLib_GetKLine(4,4919 )
[2572] 2020/11/11 09:24:29.902 SKQuoteLib_GetKLine(4,4952 )
[2572] 2020/11/11 09:24:30.135 SKQuoteLib_GetKLine(4,4961 )
[2572] 2020/11/11 09:24:30.303 SKQuoteLib_GetKLine(4,4967 )
[2572] 2020/11/11 09:24:30.507 SKQuoteLib_GetKLine(4,4968 )
[2572] 2020/11/11 09:24:30.800 SKQuoteLib_GetKLine(4,5269 )
[2572] 2020/11/11 09:24:31.053 SKQuoteLib_GetKLine(4,5285 )
[2572] 2020/11/11 09:24:31.558 SKQuoteLib_GetKLine(4,5305 )
[2572] 2020/11/11 09:24:32.261 SKQuoteLib_GetKLine(4,5471 )
[2572] 2020/11/11 09:24:32.744 SKQuoteLib_GetKLine(4,6202 )
[2572] 2020/11/11 09:24:33.162 SKQuoteLib_GetKLine(4,6239 )
[2572] 2020/11/11 09:24:33.643 SKQuoteLib_GetKLine(4,6243 )
[2572] 2020/11/11 09:24:33.988 SKQuoteLib_GetKLine(4,6257 )
[2572] 2020/11/11 09:24:34.357 SKQuoteLib_GetKLine(4,6271 )
[2572] 2020/11/11 09:24:34.757 SKQuoteLib_GetKLine(4,6415 )
[2572] 2020/11/11 09:24:34.904 SKQuoteLib_GetKLine(4,6451 )
[2572] 2020/11/11 09:24:35.032 SKQuoteLib_GetKLine(4,6525 )
[2572] 2020/11/11 09:24:35.145 SKQuoteLib_GetKLine(4,6531 )
[2572] 2020/11/11 09:24:35.248 SKQuoteLib_GetKLine(4,6533 )
[2572] 2020/11/11 09:24:35.390 SKQuoteLib_GetKLine(4,6552 )
[2572] 2020/11/11 09:24:35.504 SKQuoteLib_GetKLine(4,6573 )
[2572] 2020/11/11 09:24:35.591 SKQuoteLib_GetKLine(4,8016 )
[2572] 2020/11/11 09:24:36.144 SKQuoteLib_GetKLine(4,8028 )
[2572] 2020/11/11 09:24:36.312 SKQuoteLib_GetKLine(4,8081 )
[2572] 2020/11/11 09:24:36.578 SKQuoteLib_GetKLine(4,8110 )
[2572] 2020/11/11 09:24:36.979 SKQuoteLib_GetKLine(4,8131 )
[2572] 2020/11/11 09:24:37.269 SKQuoteLib_GetKLine(4,8150 )
[2572] 2020/11/11 09:24:37.608 SKQuoteLib_GetKLine(4,8261 )
[2572] 2020/11/11 09:24:38.148 SKQuoteLib_GetKLine(4,8271 )
[2572] 2020/11/11 09:24:38.414 SKQuoteLib_GetKLine(4,2301 )
[2572] 2020/11/11 09:24:39.135 SKQuoteLib_GetKLine(4,2305 )
[2572] 2020/11/11 09:24:39.844 SKQuoteLib_GetKLine(4,2324 )
[2572] 2020/11/11 09:24:40.609 SKQuoteLib_GetKLine(4,2331 )
[2572] 2020/11/11 09:24:41.164 SKQuoteLib_GetKLine(4,2352 )
[2572] 2020/11/11 09:24:41.773 SKQuoteLib_GetKLine(4,2353 )
[2572] 2020/11/11 09:24:42.629 SKQuoteLib_GetKLine(4,2356 )
[2572] 2020/11/11 09:24:43.175 SKQuoteLib_GetKLine(4,2357 )
[2572] 2020/11/11 09:24:43.694 SKQuoteLib_GetKLine(4,2362 )
[2572] 2020/11/11 09:24:44.621 SKQuoteLib_GetKLine(4,2364 )
[2572] 2020/11/11 09:24:45.239 SKQuoteLib_GetKLine(4,2365 )
[2572] 2020/11/11 09:24:45.854 SKQuoteLib_GetKLine(4,2376 )
[2572] 2020/11/11 09:24:46.421 SKQuoteLib_GetKLine(4,2377 )
[2572] 2020/11/11 09:24:46.974 SKQuoteLib_GetKLine(4,2380 )
[2572] 2020/11/11 09:24:47.415 SKQuoteLib_GetKLine(4,2382 )
[2572] 2020/11/11 09:24:47.777 SKQuoteLib_GetKLine(4,2387 )
[2572] 2020/11/11 09:24:48.386 SKQuoteLib_GetKLine(4,2395 )
[2572] 2020/11/11 09:24:48.753 SKQuoteLib_GetKLine(4,2397 )
[2572] 2020/11/11 09:24:49.269 SKQuoteLib_GetKLine(4,2399 )
[2572] 2020/11/11 09:24:49.671 SKQuoteLib_GetKLine(4,2405 )
[2572] 2020/11/11 09:24:50.116 SKQuoteLib_GetKLine(4,2417 )
[2572] 2020/11/11 09:24:50.733 SKQuoteLib_GetKLine(4,2424 )
[2572] 2020/11/11 09:24:51.184 SKQuoteLib_GetKLine(4,2425 )
[2572] 2020/11/11 09:24:51.675 SKQuoteLib_GetKLine(4,2442 )
[2572] 2020/11/11 09:24:52.033 SKQuoteLib_GetKLine(4,2465 )
[2572] 2020/11/11 09:24:52.459 SKQuoteLib_GetKLine(4,3002 )
[2572] 2020/11/11 09:24:53.075 SKQuoteLib_GetKLine(4,3005 )
[2572] 2020/11/11 09:24:53.508 SKQuoteLib_GetKLine(4,3013 )
[2572] 2020/11/11 09:24:53.824 SKQuoteLib_GetKLine(4,3017 )
[2572] 2020/11/11 09:24:54.217 SKQuoteLib_GetKLine(4,3022 )
[2572] 2020/11/11 09:24:54.545 SKQuoteLib_GetKLine(4,3046 )
[2572] 2020/11/11 09:24:54.964 SKQuoteLib_GetKLine(4,3057 )
[2572] 2020/11/11 09:24:55.307 SKQuoteLib_GetKLine(4,3060 )
[2572] 2020/11/11 09:24:55.720 SKQuoteLib_GetKLine(4,3231 )
[2572] 2020/11/11 09:24:56.086 SKQuoteLib_GetKLine(4,3416 )
[2572] 2020/11/11 09:24:56.428 SKQuoteLib_GetKLine(4,3494 )
[2572] 2020/11/11 09:24:56.662 SKQuoteLib_GetKLine(4,3515 )
[2572] 2020/11/11 09:24:56.950 SKQuoteLib_GetKLine(4,3701 )
[2572] 2020/11/11 09:24:57.178 SKQuoteLib_GetKLine(4,3706 )
[2572] 2020/11/11 09:24:57.425 SKQuoteLib_GetKLine(4,3712 )
[2572] 2020/11/11 09:24:57.507 SKQuoteLib_GetKLine(4,4916 )
[2572] 2020/11/11 09:24:57.763 SKQuoteLib_GetKLine(4,4938 )
[2572] 2020/11/11 09:24:58.028 SKQuoteLib_GetKLine(4,5215 )
[2572] 2020/11/11 09:24:58.306 SKQuoteLib_GetKLine(4,5258 )
[2572] 2020/11/11 09:24:59.586 SKQuoteLib_GetKLine(4,5264 )
[2572] 2020/11/11 09:24:59.964 SKQuoteLib_GetKLine(4,6117 )
[2572] 2020/11/11 09:25:00.629 SKQuoteLib_GetKLine(4,6128 )
[2572] 2020/11/11 09:25:01.135 SKQuoteLib_GetKLine(4,6166 )
[2572] 2020/11/11 09:25:01.613 SKQuoteLib_GetKLine(4,6172 )
[2572] 2020/11/11 09:25:02.146 SKQuoteLib_GetKLine(4,6206 )
[2572] 2020/11/11 09:25:02.635 SKQuoteLib_GetKLine(4,6230 )
[2572] 2020/11/11 09:25:03.136 SKQuoteLib_GetKLine(4,6235 )
[2572] 2020/11/11 09:25:03.545 SKQuoteLib_GetKLine(4,6277 )
[2572] 2020/11/11 09:25:03.937 SKQuoteLib_GetKLine(4,6414 )
[2572] 2020/11/11 09:25:04.188 SKQuoteLib_GetKLine(4,6579 )
[2572] 2020/11/11 09:25:04.285 SKQuoteLib_GetKLine(4,6591 )
[2572] 2020/11/11 09:25:04.375 SKQuoteLib_GetKLine(4,6669 )
[2572] 2020/11/11 09:25:04.518 SKQuoteLib_GetKLine(4,8114 )
[2572] 2020/11/11 09:25:04.848 SKQuoteLib_GetKLine(4,8163 )
[2572] 2020/11/11 09:25:05.179 SKQuoteLib_GetKLine(4,8210 )
[2572] 2020/11/11 09:25:05.560 SKQuoteLib_GetKLine(4,9912 )
[2572] 2020/11/11 09:25:06.141 SKQuoteLib_GetKLine(4,2323 )
[2572] 2020/11/11 09:25:07.148 SKQuoteLib_GetKLine(4,2340 )
[2572] 2020/11/11 09:25:08.037 SKQuoteLib_GetKLine(4,2349 )
[2572] 2020/11/11 09:25:08.548 SKQuoteLib_GetKLine(4,2374 )
[2572] 2020/11/11 09:25:09.095 SKQuoteLib_GetKLine(4,2393 )
[2572] 2020/11/11 09:25:09.571 SKQuoteLib_GetKLine(4,2406 )
[2572] 2020/11/11 09:25:10.002 SKQuoteLib_GetKLine(4,2409 )
[2572] 2020/11/11 09:25:10.466 SKQuoteLib_GetKLine(4,2426 )
[2572] 2020/11/11 09:25:10.963 SKQuoteLib_GetKLine(4,2438 )
[2572] 2020/11/11 09:25:11.457 SKQuoteLib_GetKLine(4,2448 )
[2572] 2020/11/11 09:25:11.861 SKQuoteLib_GetKLine(4,2466 )
[2572] 2020/11/11 09:25:12.473 SKQuoteLib_GetKLine(4,2486 )
[2572] 2020/11/11 09:25:12.947 SKQuoteLib_GetKLine(4,2489 )
[2572] 2020/11/11 09:25:13.359 SKQuoteLib_GetKLine(4,2491 )
[2572] 2020/11/11 09:25:13.739 SKQuoteLib_GetKLine(4,3008 )
[2572] 2020/11/11 09:25:14.105 SKQuoteLib_GetKLine(4,3019 )
[2572] 2020/11/11 09:25:14.511 SKQuoteLib_GetKLine(4,3024 )
[2572] 2020/11/11 09:25:14.946 SKQuoteLib_GetKLine(4,3031 )
[2572] 2020/11/11 09:25:15.323 SKQuoteLib_GetKLine(4,3038 )
[2572] 2020/11/11 09:25:15.713 SKQuoteLib_GetKLine(4,3049 )
[2572] 2020/11/11 09:25:16.124 SKQuoteLib_GetKLine(4,3050 )
[2572] 2020/11/11 09:25:16.515 SKQuoteLib_GetKLine(4,3051 )
[2572] 2020/11/11 09:25:16.947 SKQuoteLib_GetKLine(4,3059 )
[2572] 2020/11/11 09:25:17.472 SKQuoteLib_GetKLine(4,3149 )
[2572] 2020/11/11 09:25:17.760 SKQuoteLib_GetKLine(4,3356 )
[2572] 2020/11/11 09:25:18.209 SKQuoteLib_GetKLine(4,3383 )
[2572] 2020/11/11 09:25:18.486 SKQuoteLib_GetKLine(4,3406 )
[2572] 2020/11/11 09:25:18.839 SKQuoteLib_GetKLine(4,3437 )
[2572] 2020/11/11 09:25:19.099 SKQuoteLib_GetKLine(4,3454 )
[2572] 2020/11/11 09:25:19.369 SKQuoteLib_GetKLine(4,3481 )
[2572] 2020/11/11 09:25:19.648 SKQuoteLib_GetKLine(4,3504 )
[2572] 2020/11/11 09:25:20.081 SKQuoteLib_GetKLine(4,3535 )
[2572] 2020/11/11 09:25:20.325 SKQuoteLib_GetKLine(4,3543 )
[2572] 2020/11/11 09:25:20.629 SKQuoteLib_GetKLine(4,3563 )
[2572] 2020/11/11 09:25:20.860 SKQuoteLib_GetKLine(4,3576 )
[2572] 2020/11/11 09:25:21.138 SKQuoteLib_GetKLine(4,3591 )
[2572] 2020/11/11 09:25:21.521 SKQuoteLib_GetKLine(4,3622 )
[2572] 2020/11/11 09:25:21.768 SKQuoteLib_GetKLine(4,3669 )
[2572] 2020/11/11 09:25:22.238 SKQuoteLib_GetKLine(4,3673 )
[2572] 2020/11/11 09:25:22.550 SKQuoteLib_GetKLine(4,3698 )
[2572] 2020/11/11 09:25:23.309 SKQuoteLib_GetKLine(4,4934 )
[2572] 2020/11/11 09:25:23.799 SKQuoteLib_GetKLine(4,4935 )
[2572] 2020/11/11 09:25:24.129 SKQuoteLib_GetKLine(4,4942 )
[2572] 2020/11/11 09:25:24.491 SKQuoteLib_GetKLine(4,4956 )
[2572] 2020/11/11 09:25:24.733 SKQuoteLib_GetKLine(4,4960 )
[2572] 2020/11/11 09:25:25.069 SKQuoteLib_GetKLine(4,4976 )
[2572] 2020/11/11 09:25:25.377 SKQuoteLib_GetKLine(4,5234 )
[2572] 2020/11/11 09:25:25.740 SKQuoteLib_GetKLine(4,5243 )
[2572] 2020/11/11 09:25:25.909 SKQuoteLib_GetKLine(4,5484 )
[2572] 2020/11/11 09:25:26.298 SKQuoteLib_GetKLine(4,6116 )
[2572] 2020/11/11 09:25:26.737 SKQuoteLib_GetKLine(4,6120 )
[2572] 2020/11/11 09:25:27.314 SKQuoteLib_GetKLine(4,6131 )
[2572] 2020/11/11 09:25:27.686 SKQuoteLib_GetKLine(4,6164 )
[2572] 2020/11/11 09:25:28.144 SKQuoteLib_GetKLine(4,6168 )
[2572] 2020/11/11 09:25:28.542 SKQuoteLib_GetKLine(4,6176 )
[2572] 2020/11/11 09:25:28.878 SKQuoteLib_GetKLine(4,6209 )
[2572] 2020/11/11 09:25:29.289 SKQuoteLib_GetKLine(4,6225 )
[2572] 2020/11/11 09:25:29.632 SKQuoteLib_GetKLine(4,6226 )
[2572] 2020/11/11 09:25:30.036 SKQuoteLib_GetKLine(4,6278 )
[2572] 2020/11/11 09:25:30.372 SKQuoteLib_GetKLine(4,6289 )
[2572] 2020/11/11 09:25:30.727 SKQuoteLib_GetKLine(4,6405 )
[2572] 2020/11/11 09:25:30.890 SKQuoteLib_GetKLine(4,6431 )
[2572] 2020/11/11 09:25:31.057 SKQuoteLib_GetKLine(4,6443 )
[2572] 2020/11/11 09:25:31.181 SKQuoteLib_GetKLine(4,6456 )
[2572] 2020/11/11 09:25:31.287 SKQuoteLib_GetKLine(4,6477 )
[2572] 2020/11/11 09:25:31.451 SKQuoteLib_GetKLine(4,6668 )
[2572] 2020/11/11 09:25:31.544 SKQuoteLib_GetKLine(4,6706 )
[2572] 2020/11/11 09:25:31.608 SKQuoteLib_GetKLine(4,8104 )
[2572] 2020/11/11 09:25:31.797 SKQuoteLib_GetKLine(4,8105 )
[2572] 2020/11/11 09:25:32.099 SKQuoteLib_GetKLine(4,8215 )
[2572] 2020/11/11 09:25:32.354 SKQuoteLib_GetKLine(4,2314 )
[2572] 2020/11/11 09:25:33.121 SKQuoteLib_GetKLine(4,2321 )
[2572] 2020/11/11 09:25:33.701 SKQuoteLib_GetKLine(4,2332 )
[2572] 2020/11/11 09:25:34.215 SKQuoteLib_GetKLine(4,2345 )
[2572] 2020/11/11 09:25:34.801 SKQuoteLib_GetKLine(4,2412 )
[2572] 2020/11/11 09:25:35.322 SKQuoteLib_GetKLine(4,2419 )
[2572] 2020/11/11 09:25:35.736 SKQuoteLib_GetKLine(4,2439 )
[2572] 2020/11/11 09:25:36.133 SKQuoteLib_GetKLine(4,2444 )
[2572] 2020/11/11 09:25:36.533 SKQuoteLib_GetKLine(4,2450 )
[2572] 2020/11/11 09:25:37.020 SKQuoteLib_GetKLine(4,2455 )
[2572] 2020/11/11 09:25:37.417 SKQuoteLib_GetKLine(4,2485 )
[2572] 2020/11/11 09:25:37.912 SKQuoteLib_GetKLine(4,2498 )
[2572] 2020/11/11 09:25:38.267 SKQuoteLib_GetKLine(4,3025 )
[2572] 2020/11/11 09:25:38.718 SKQuoteLib_GetKLine(4,3027 )
[2572] 2020/11/11 09:25:39.131 SKQuoteLib_GetKLine(4,3045 )
[2572] 2020/11/11 09:25:39.553 SKQuoteLib_GetKLine(4,3047 )
[2572] 2020/11/11 09:25:39.975 SKQuoteLib_GetKLine(4,3062 )
[2572] 2020/11/11 09:25:40.371 SKQuoteLib_GetKLine(4,3311 )
[2572] 2020/11/11 09:25:40.721 SKQuoteLib_GetKLine(4,3380 )
[2572] 2020/11/11 09:25:41.020 SKQuoteLib_GetKLine(4,3419 )
[2572] 2020/11/11 09:25:41.268 SKQuoteLib_GetKLine(4,3596 )
[2572] 2020/11/11 09:25:41.522 SKQuoteLib_GetKLine(4,3682 )
[2572] 2020/11/11 09:25:41.726 SKQuoteLib_GetKLine(4,3694 )
[2572] 2020/11/11 09:25:41.951 SKQuoteLib_GetKLine(4,3704 )
[2572] 2020/11/11 09:25:42.205 SKQuoteLib_GetKLine(4,4904 )
[2572] 2020/11/11 09:25:42.575 SKQuoteLib_GetKLine(4,4906 )
[2572] 2020/11/11 09:25:43.040 SKQuoteLib_GetKLine(4,4977 )
[2572] 2020/11/11 09:25:43.193 SKQuoteLib_GetKLine(4,5388 )
[2572] 2020/11/11 09:25:43.674 SKQuoteLib_GetKLine(4,6136 )
[2572] 2020/11/11 09:25:44.164 SKQuoteLib_GetKLine(4,6142 )
[2572] 2020/11/11 09:25:44.567 SKQuoteLib_GetKLine(4,6152 )
[2572] 2020/11/11 09:25:44.969 SKQuoteLib_GetKLine(4,6216 )
[2572] 2020/11/11 09:25:45.311 SKQuoteLib_GetKLine(4,6285 )
[2572] 2020/11/11 09:25:45.684 SKQuoteLib_GetKLine(4,6416 )
[2572] 2020/11/11 09:25:45.820 SKQuoteLib_GetKLine(4,6442 )
[2572] 2020/11/11 09:25:45.954 SKQuoteLib_GetKLine(4,6674 )
[2572] 2020/11/11 09:25:46.097 SKQuoteLib_GetKLine(4,8011 )
[2572] 2020/11/11 09:25:46.391 SKQuoteLib_GetKLine(4,8101 )
[2572] 2020/11/11 09:25:46.764 SKQuoteLib_GetKLine(4,1471 )
[2572] 2020/11/11 09:25:47.298 SKQuoteLib_GetKLine(4,1582 )
[2572] 2020/11/11 09:25:47.532 SKQuoteLib_GetKLine(4,2059 )
[2572] 2020/11/11 09:25:47.773 SKQuoteLib_GetKLine(4,2308 )
[2572] 2020/11/11 09:25:48.323 SKQuoteLib_GetKLine(4,2313 )
[2572] 2020/11/11 09:25:49.002 SKQuoteLib_GetKLine(4,2316 )
[2572] 2020/11/11 09:25:49.660 SKQuoteLib_GetKLine(4,2327 )
[2572] 2020/11/11 09:25:50.393 SKQuoteLib_GetKLine(4,2328 )
[2572] 2020/11/11 09:25:51.150 SKQuoteLib_GetKLine(4,2355 )
[2572] 2020/11/11 09:25:51.786 SKQuoteLib_GetKLine(4,2367 )
[2572] 2020/11/11 09:25:52.416 SKQuoteLib_GetKLine(4,2368 )
[2572] 2020/11/11 09:25:53.097 SKQuoteLib_GetKLine(4,2375 )
[2572] 2020/11/11 09:25:53.872 SKQuoteLib_GetKLine(4,2383 )
[2572] 2020/11/11 09:25:54.399 SKQuoteLib_GetKLine(4,2385 )
[2572] 2020/11/11 09:25:54.784 SKQuoteLib_GetKLine(4,2392 )
[2572] 2020/11/11 09:25:55.163 SKQuoteLib_GetKLine(4,2402 )
[2572] 2020/11/11 09:25:55.596 SKQuoteLib_GetKLine(4,2413 )
[2572] 2020/11/11 09:25:56.016 SKQuoteLib_GetKLine(4,2415 )
[2572] 2020/11/11 09:25:56.461 SKQuoteLib_GetKLine(4,2420 )
[2572] 2020/11/11 09:25:56.878 SKQuoteLib_GetKLine(4,2421 )
[2572] 2020/11/11 09:25:57.339 SKQuoteLib_GetKLine(4,2428 )
[2572] 2020/11/11 09:25:57.652 SKQuoteLib_GetKLine(4,2429 )
[2572] 2020/11/11 09:25:58.106 SKQuoteLib_GetKLine(4,2431 )
[2572] 2020/11/11 09:25:58.559 SKQuoteLib_GetKLine(4,2440 )
[2572] 2020/11/11 09:25:58.950 SKQuoteLib_GetKLine(4,2456 )
[2572] 2020/11/11 09:25:59.376 SKQuoteLib_GetKLine(4,2457 )
[2572] 2020/11/11 09:25:59.679 SKQuoteLib_GetKLine(4,2460 )
[2572] 2020/11/11 09:26:00.114 SKQuoteLib_GetKLine(4,2462 )
[2572] 2020/11/11 09:26:00.556 SKQuoteLib_GetKLine(4,2467 )
[2572] 2020/11/11 09:26:01.156 SKQuoteLib_GetKLine(4,2472 )
[2572] 2020/11/11 09:26:01.865 SKQuoteLib_GetKLine(4,2476 )
[2572] 2020/11/11 09:26:02.340 SKQuoteLib_GetKLine(4,2478 )
[2572] 2020/11/11 09:26:02.957 SKQuoteLib_GetKLine(4,2483 )
[2572] 2020/11/11 09:26:03.356 SKQuoteLib_GetKLine(4,2484 )
[2572] 2020/11/11 09:26:03.766 SKQuoteLib_GetKLine(4,2492 )
[2572] 2020/11/11 09:26:04.333 SKQuoteLib_GetKLine(4,2493 )
[2572] 2020/11/11 09:26:04.612 SKQuoteLib_GetKLine(4,3003 )
[2572] 2020/11/11 09:26:04.903 SKQuoteLib_GetKLine(4,3011 )
[2572] 2020/11/11 09:26:05.343 SKQuoteLib_GetKLine(4,3015 )
[2572] 2020/11/11 09:26:05.494 SKQuoteLib_GetKLine(4,3021 )
[2572] 2020/11/11 09:26:05.879 SKQuoteLib_GetKLine(4,3023 )
[2572] 2020/11/11 09:26:06.425 SKQuoteLib_GetKLine(4,3026 )
[2572] 2020/11/11 09:26:06.814 SKQuoteLib_GetKLine(4,3032 )
[2572] 2020/11/11 09:26:07.161 SKQuoteLib_GetKLine(4,3037 )
[2572] 2020/11/11 09:26:07.642 SKQuoteLib_GetKLine(4,3042 )
[2572] 2020/11/11 09:26:07.986 SKQuoteLib_GetKLine(4,3044 )
[2572] 2020/11/11 09:26:08.413 SKQuoteLib_GetKLine(4,3058 )
[2572] 2020/11/11 09:26:08.687 SKQuoteLib_GetKLine(4,3090 )
[2572] 2020/11/11 09:26:08.981 SKQuoteLib_GetKLine(4,3229 )
[2572] 2020/11/11 09:26:09.254 SKQuoteLib_GetKLine(4,3296 )
[2572] 2020/11/11 09:26:09.505 SKQuoteLib_GetKLine(4,3308 )
[2572] 2020/11/11 09:26:09.749 SKQuoteLib_GetKLine(4,3321 )
[2572] 2020/11/11 09:26:09.913 SKQuoteLib_GetKLine(4,3338 )
[2572] 2020/11/11 09:26:10.289 SKQuoteLib_GetKLine(4,3376 )
[2572] 2020/11/11 09:26:10.659 SKQuoteLib_GetKLine(4,3432 )
[2572] 2020/11/11 09:26:10.850 SKQuoteLib_GetKLine(4,3501 )
[2572] 2020/11/11 09:26:11.201 SKQuoteLib_GetKLine(4,3533 )
[2572] 2020/11/11 09:26:11.455 SKQuoteLib_GetKLine(4,3550 )
[2572] 2020/11/11 09:26:11.814 SKQuoteLib_GetKLine(4,3593 )
[2572] 2020/11/11 09:26:12.117 SKQuoteLib_GetKLine(4,3605 )
[2572] 2020/11/11 09:26:12.667 SKQuoteLib_GetKLine(4,3607 )
[2572] 2020/11/11 09:26:12.915 SKQuoteLib_GetKLine(4,3645 )
[2572] 2020/11/11 09:26:13.121 SKQuoteLib_GetKLine(4,3653 )
[2572] 2020/11/11 09:26:13.404 SKQuoteLib_GetKLine(4,3679 )
[2572] 2020/11/11 09:26:13.629 SKQuoteLib_GetKLine(4,4545 )
[2572] 2020/11/11 09:26:13.787 SKQuoteLib_GetKLine(4,4912 )
[2572] 2020/11/11 09:26:14.022 SKQuoteLib_GetKLine(4,4915 )
[2572] 2020/11/11 09:26:14.193 SKQuoteLib_GetKLine(4,4927 )
[2572] 2020/11/11 09:26:14.417 SKQuoteLib_GetKLine(4,4943 )
[2572] 2020/11/11 09:26:14.616 SKQuoteLib_GetKLine(4,4958 )
[2572] 2020/11/11 09:26:14.852 SKQuoteLib_GetKLine(4,4989 )
[2572] 2020/11/11 09:26:14.984 SKQuoteLib_GetKLine(4,4999 )
[2572] 2020/11/11 09:26:15.195 SKQuoteLib_GetKLine(4,5469 )
[2572] 2020/11/11 09:26:15.601 SKQuoteLib_GetKLine(4,6108 )
[2572] 2020/11/11 09:26:15.882 SKQuoteLib_GetKLine(4,6115 )
[2572] 2020/11/11 09:26:16.238 SKQuoteLib_GetKLine(4,6133 )
[2572] 2020/11/11 09:26:16.605 SKQuoteLib_GetKLine(4,6141 )
[2572] 2020/11/11 09:26:16.932 SKQuoteLib_GetKLine(4,6153 )
[2572] 2020/11/11 09:26:17.285 SKQuoteLib_GetKLine(4,6155 )
[2572] 2020/11/11 09:26:17.721 SKQuoteLib_GetKLine(4,6165 )
[2572] 2020/11/11 09:26:18.033 SKQuoteLib_GetKLine(4,6191 )
[2572] 2020/11/11 09:26:18.528 SKQuoteLib_GetKLine(4,6197 )
[2572] 2020/11/11 09:26:18.833 SKQuoteLib_GetKLine(4,6205 )
[2572] 2020/11/11 09:26:19.168 SKQuoteLib_GetKLine(4,6213 )
[2572] 2020/11/11 09:26:19.636 SKQuoteLib_GetKLine(4,6224 )
[2572] 2020/11/11 09:26:19.945 SKQuoteLib_GetKLine(4,6251 )
[2572] 2020/11/11 09:26:20.212 SKQuoteLib_GetKLine(4,6269 )
[2572] 2020/11/11 09:26:20.501 SKQuoteLib_GetKLine(4,6282 )
[2572] 2020/11/11 09:26:20.771 SKQuoteLib_GetKLine(4,6412 )
[2572] 2020/11/11 09:26:20.909 SKQuoteLib_GetKLine(4,6449 )
[2572] 2020/11/11 09:26:21.027 SKQuoteLib_GetKLine(4,6672 )
[2572] 2020/11/11 09:26:21.217 SKQuoteLib_GetKLine(4,6715 )
[2572] 2020/11/11 09:26:21.284 SKQuoteLib_GetKLine(4,8039 )
[2572] 2020/11/11 09:26:21.659 SKQuoteLib_GetKLine(4,8046 )
[2572] 2020/11/11 09:26:21.985 SKQuoteLib_GetKLine(4,8103 )
[2572] 2020/11/11 09:26:22.389 SKQuoteLib_GetKLine(4,8213 )
[2572] 2020/11/11 09:26:22.614 SKQuoteLib_GetKLine(4,8249 )
[2572] 2020/11/11 09:26:22.928 SKQuoteLib_GetKLine(4,2347 )
[2572] 2020/11/11 09:26:23.465 SKQuoteLib_GetKLine(4,2414 )
[2572] 2020/11/11 09:26:23.888 SKQuoteLib_GetKLine(4,2430 )
[2572] 2020/11/11 09:26:24.387 SKQuoteLib_GetKLine(4,2459 )
[2572] 2020/11/11 09:26:24.868 SKQuoteLib_GetKLine(4,3010 )
[2572] 2020/11/11 09:26:25.404 SKQuoteLib_GetKLine(4,3028 )
[2572] 2020/11/11 09:26:25.851 SKQuoteLib_GetKLine(4,3033 )
[2572] 2020/11/11 09:26:26.320 SKQuoteLib_GetKLine(4,3036 )
[2572] 2020/11/11 09:26:26.689 SKQuoteLib_GetKLine(4,3048 )
[2572] 2020/11/11 09:26:27.075 SKQuoteLib_GetKLine(4,3055 )
[2572] 2020/11/11 09:26:27.547 SKQuoteLib_GetKLine(4,3209 )
[2572] 2020/11/11 09:26:27.915 SKQuoteLib_GetKLine(4,3312 )
[2572] 2020/11/11 09:26:28.262 SKQuoteLib_GetKLine(4,3528 )
[2572] 2020/11/11 09:26:28.544 SKQuoteLib_GetKLine(4,3702 )
[2572] 2020/11/11 09:26:28.893 SKQuoteLib_GetKLine(4,5434 )
[2572] 2020/11/11 09:26:29.400 SKQuoteLib_GetKLine(4,6189 )
[2572] 2020/11/11 09:26:29.824 SKQuoteLib_GetKLine(4,6281 )
[2572] 2020/11/11 09:26:30.101 SKQuoteLib_GetKLine(4,8070 )
[2572] 2020/11/11 09:26:30.428 SKQuoteLib_GetKLine(4,8072 )
[2572] 2020/11/11 09:26:30.751 SKQuoteLib_GetKLine(4,8112 )
[2572] 2020/11/11 09:26:31.072 SKQuoteLib_GetKLine(4,2427 )
[2572] 2020/11/11 09:26:31.553 SKQuoteLib_GetKLine(4,2453 )
[2572] 2020/11/11 09:26:32.009 SKQuoteLib_GetKLine(4,2468 )
[2572] 2020/11/11 09:26:32.424 SKQuoteLib_GetKLine(4,2471 )
[2572] 2020/11/11 09:26:32.820 SKQuoteLib_GetKLine(4,2480 )
[2572] 2020/11/11 09:26:33.201 SKQuoteLib_GetKLine(4,3029 )
[2572] 2020/11/11 09:26:33.657 SKQuoteLib_GetKLine(4,3130 )
[2572] 2020/11/11 09:26:33.969 SKQuoteLib_GetKLine(4,4994 )
[2572] 2020/11/11 09:26:34.344 SKQuoteLib_GetKLine(4,5203 )
[2572] 2020/11/11 09:26:34.850 SKQuoteLib_GetKLine(4,6112 )
[2572] 2020/11/11 09:26:35.235 SKQuoteLib_GetKLine(4,6183 )
[2572] 2020/11/11 09:26:35.666 SKQuoteLib_GetKLine(4,6214 )
[2572] 2020/11/11 09:26:36.243 SKQuoteLib_GetKLine(4,2312 )
[2572] 2020/11/11 09:26:36.883 SKQuoteLib_GetKLine(4,2317 )
[2572] 2020/11/11 09:26:37.469 SKQuoteLib_GetKLine(4,2354 )
[2572] 2020/11/11 09:26:37.974 SKQuoteLib_GetKLine(4,2359 )
[2572] 2020/11/11 09:26:38.386 SKQuoteLib_GetKLine(4,2360 )
[2572] 2020/11/11 09:26:38.896 SKQuoteLib_GetKLine(4,2373 )
[2572] 2020/11/11 09:26:39.580 SKQuoteLib_GetKLine(4,2390 )
[2572] 2020/11/11 09:26:40.244 SKQuoteLib_GetKLine(4,2404 )
[2572] 2020/11/11 09:26:40.637 SKQuoteLib_GetKLine(4,2423 )
[2572] 2020/11/11 09:26:41.082 SKQuoteLib_GetKLine(4,2433 )
[2572] 2020/11/11 09:26:41.674 SKQuoteLib_GetKLine(4,2461 )
[2572] 2020/11/11 09:26:42.143 SKQuoteLib_GetKLine(4,2464 )
[2572] 2020/11/11 09:26:42.508 SKQuoteLib_GetKLine(4,2474 )
[2572] 2020/11/11 09:26:43.104 SKQuoteLib_GetKLine(4,2477 )
[2572] 2020/11/11 09:26:43.503 SKQuoteLib_GetKLine(4,2482 )
[2572] 2020/11/11 09:26:43.927 SKQuoteLib_GetKLine(4,2488 )
[2572] 2020/11/11 09:26:44.304 SKQuoteLib_GetKLine(4,2495 )
[2572] 2020/11/11 09:26:44.711 SKQuoteLib_GetKLine(4,3018 )
[2572] 2020/11/11 09:26:45.157 SKQuoteLib_GetKLine(4,3030 )
[2572] 2020/11/11 09:26:45.581 SKQuoteLib_GetKLine(4,3043 )
[2572] 2020/11/11 09:26:46.022 SKQuoteLib_GetKLine(4,3305 )
[2572] 2020/11/11 09:26:46.303 SKQuoteLib_GetKLine(4,3450 )
[2572] 2020/11/11 09:26:46.712 SKQuoteLib_GetKLine(4,3518 )
[2572] 2020/11/11 09:26:46.944 SKQuoteLib_GetKLine(4,3617 )
[2572] 2020/11/11 09:26:47.246 SKQuoteLib_GetKLine(4,3665 )
[2572] 2020/11/11 09:26:47.624 SKQuoteLib_GetKLine(4,5225 )
[2572] 2020/11/11 09:26:47.802 SKQuoteLib_GetKLine(4,6139 )
[2572] 2020/11/11 09:26:48.323 SKQuoteLib_GetKLine(4,6192 )
[2572] 2020/11/11 09:26:48.759 SKQuoteLib_GetKLine(4,6196 )
[2572] 2020/11/11 09:26:49.184 SKQuoteLib_GetKLine(4,6201 )
[2572] 2020/11/11 09:26:49.619 SKQuoteLib_GetKLine(4,6215 )
[2572] 2020/11/11 09:26:49.939 SKQuoteLib_GetKLine(4,6283 )
[2572] 2020/11/11 09:26:50.452 SKQuoteLib_GetKLine(4,6409 )
[2572] 2020/11/11 09:26:50.621 SKQuoteLib_GetKLine(4,6558 )
[2572] 2020/11/11 09:26:50.776 SKQuoteLib_GetKLine(4,6698 )
[2572] 2020/11/11 09:26:50.950 SKQuoteLib_GetKLine(4,8021 )
[2572] 2020/11/11 09:26:51.229 SKQuoteLib_GetKLine(4,8201 )
[2572] 2020/11/11 09:26:51.557 SKQuoteLib_GetKLine(4,9103 )
[2572] 2020/11/11 09:26:52.157 SKQuoteLib_GetKLine(4,9105 )
[2572] 2020/11/11 09:26:52.784 SKQuoteLib_GetKLine(4,9110 )
[2572] 2020/11/11 09:26:52.994 SKQuoteLib_GetKLine(4,9136 )
[2572] 2020/11/11 09:26:53.274 SKQuoteLib_GetKLine(4,9188 )
