-----------------------------------------------------------------
[6172] 2020/09/09 13:55:52.431 >> Host srvsolace-tp.capital.com.tw
[6172] 2020/09/09 13:55:54.546 連線
[6172] 2020/09/09 13:56:00.856 -----------------------------------------------------------------
[12352] 2020/09/09 13:56:10.906 >> Host srvsolace-bq2.capital.com.tw
[12352] 2020/09/09 13:56:13.099 連線
[12352] 2020/09/09 13:56:41.514 -----------------------------------------------------------------
[16556] 2020/09/09 13:57:52.412 >> Host srvsolace-bq.capital.com.tw
[16556] 2020/09/09 13:57:54.511 連線
[16556] 2020/09/09 13:58:01.570 -----------------------------------------------------------------
[8988] 2020/09/09 14:02:06.795 >> Host srvsolace-bq2.capital.com.tw
[8988] 2020/09/09 14:02:08.902 連線
[8988] 2020/09/09 14:02:16.059 -----------------------------------------------------------------
[23044] 2020/09/09 14:02:37.104 >> Host srvsolace-tp.capital.com.tw
[23044] 2020/09/09 14:02:39.224 連線
[23044] 2020/09/09 14:02:42.723 >> Host srvsolace-bq.capital.com.tw
[23044] 2020/09/09 14:02:44.833 連線
[23044] 2020/09/09 14:04:18.171 -----------------------------------------------------------------
[11112] 2020/09/09 14:09:53.404 >> Host srvsolace-bq.capital.com.tw
[11112] 2020/09/09 14:09:55.553 連線
[11112] 2020/09/09 14:10:10.893 -----------------------------------------------------------------
[8324] 2020/09/09 14:17:59.709 >> Host srvsolace-tp.capital.com.tw
[8324] 2020/09/09 14:18:01.813 連線
[8324] 2020/09/09 14:18:20.617 -----------------------------------------------------------------
[7848] 2020/09/09 14:20:51.280 >> Host srvsolace-bq2.capital.com.tw
[7848] 2020/09/09 14:20:53.383 連線
[7848] 2020/09/09 14:31:38.661 -----------------------------------------------------------------
[19368] 2020/09/09 14:54:54.299 >> Host srvsolace-bq2.capital.com.tw
[19368] 2020/09/09 14:54:56.460 連線
[19368] 2020/09/09 14:55:24.292 -----------------------------------------------------------------
[16008] 2020/09/09 15:02:53.471 >> Host srvsolace-bq.capital.com.tw
[16008] 2020/09/09 15:02:56.065 連線
[16008] 2020/09/09 15:04:08.435 -----------------------------------------------------------------
[15064] 2020/09/09 15:17:44.469 >> Host srvsolace-tp.capital.com.tw
[15064] 2020/09/09 15:17:46.633 連線
[4328] 2020/09/09 15:20:44.606 >> Host srvsolace-tp.capital.com.tw
[4328] 2020/09/09 15:20:46.764 連線
[25392] 2020/09/09 15:34:20.970 >> Host srvsolace-tp.capital.com.tw
[25392] 2020/09/09 15:34:23.138 連線
[23412] 2020/09/09 15:34:47.780 >> Host srvsolace-bq.capital.com.tw
[23412] 2020/09/09 15:34:49.912 連線
[15364] 2020/09/09 15:35:39.944 >> Host srvsolace-bq2.capital.com.tw
[15364] 2020/09/09 15:35:42.091 連線
[15364] 2020/09/09 15:40:18.180 -----------------------------------------------------------------
[13060] 2020/09/09 16:31:36.627 >> Host srvsolace-bq2.capital.com.tw
[13060] 2020/09/09 16:31:38.801 連線
[13060] 2020/09/09 16:31:45.623 -----------------------------------------------------------------
[8128] 2020/09/09 22:18:16.069 >> Host srvsolace-tp.capital.com.tw
[8128] 2020/09/09 22:18:18.539 連線
[8128] 2020/09/09 22:18:28.262 -----------------------------------------------------------------
[23520] 2020/09/09 22:41:11.096 >> Host srvsolace-bq.capital.com.tw
[23520] 2020/09/09 22:41:13.545 連線
[5268] 2020/09/09 23:03:51.779 >> Host srvsolace-tp.capital.com.tw
[5268] 2020/09/09 23:03:54.417 連線
[38104] 2020/09/09 23:04:47.676 >> Host srvsolace-tp.capital.com.tw
[38104] 2020/09/09 23:04:50.291 連線
[33312] 2020/09/09 23:05:52.483 >> Host srvsolace-bq.capital.com.tw
[33312] 2020/09/09 23:05:55.111 連線
[36500] 2020/09/09 23:06:44.019 >> Host srvsolace-tp.capital.com.tw
[36500] 2020/09/09 23:06:46.798 連線
[18560] 2020/09/09 23:09:46.644 >> Host srvsolace-tp.capital.com.tw
[18560] 2020/09/09 23:09:49.028 連線
[33948] 2020/09/09 23:32:32.658 >> Host srvsolace-bq.capital.com.tw
[33948] 2020/09/09 23:32:35.350 連線
[1160] 2020/09/09 23:34:47.374 >> Host srvsolace-bq2.capital.com.tw
[1160] 2020/09/09 23:34:49.816 連線
[23756] 2020/09/09 23:39:37.305 >> Host srvsolace-bq2.capital.com.tw
[23756] 2020/09/09 23:39:45.411 連線
[29756] 2020/09/09 23:41:35.466 >> Host srvsolace-tp.capital.com.tw
[29756] 2020/09/09 23:41:38.169 連線
[20668] 2020/09/09 23:42:59.293 >> Host srvsolace-bq.capital.com.tw
[20668] 2020/09/09 23:43:01.709 連線
[31436] 2020/09/09 23:43:47.616 >> Host srvsolace-tp.capital.com.tw
[31436] 2020/09/09 23:43:50.295 連線
[40732] 2020/09/09 23:45:33.622 >> Host srvsolace-bq.capital.com.tw
[40732] 2020/09/09 23:45:36.187 連線
[36884] 2020/09/09 23:47:38.298 >> Host srvsolace-bq.capital.com.tw
[36884] 2020/09/09 23:47:40.953 連線
[10724] 2020/09/09 23:50:28.425 >> Host srvsolace-bq.capital.com.tw
[10724] 2020/09/09 23:50:31.033 連線
[27980] 2020/09/09 23:52:26.800 >> Host srvsolace-bq2.capital.com.tw
[27980] 2020/09/09 23:52:29.446 連線
