-----------------------------------------------------------------
[7916] 2020/09/22 09:44:26.476 >> Host srvsolace-tp.capital.com.tw
[7916] 2020/09/22 09:44:29.106 連線
[7916] 2020/09/22 09:45:27.188 -----------------------------------------------------------------
[3020] 2020/09/22 09:50:44.799 >> Host srvsolace-tp.capital.com.tw
[3020] 2020/09/22 09:50:47.068 連線
[3020] 2020/09/22 10:21:20.780 -----------------------------------------------------------------
[14040] 2020/09/22 10:21:48.418 >> Host srvsolace-bq2.capital.com.tw
[14040] 2020/09/22 10:21:50.969 連線
[14040] 2020/09/22 11:27:52.660 -----------------------------------------------------------------
[14672] 2020/09/22 12:42:59.441 >> Host srvsolace-tp.capital.com.tw
[14672] 2020/09/22 12:43:16.048 連線
[14672] 2020/09/22 13:06:13.329 -----------------------------------------------------------------
[16288] 2020/09/22 13:06:24.540 >> Host srvsolace-bq.capital.com.tw
[16288] 2020/09/22 13:06:39.914 連線
[16288] 2020/09/22 13:16:53.582 -----------------------------------------------------------------
[21372] 2020/09/22 13:19:20.092 >> Host srvsolace-bq2.capital.com.tw
[21372] 2020/09/22 13:19:37.454 連線
[14052] 2020/09/22 13:20:55.319 >> Host srvsolace-tp.capital.com.tw
[14052] 2020/09/22 13:21:12.983 連線
[14052] 2020/09/22 13:21:55.182 -----------------------------------------------------------------
[13248] 2020/09/22 13:22:07.132 >> Host srvsolace-tp.capital.com.tw
[13248] 2020/09/22 13:22:23.382 連線
[13248] 2020/09/22 13:32:15.251 -----------------------------------------------------------------
[432] 2020/09/22 15:04:39.917 >> Host srvsolace-tp.capital.com.tw
[432] 2020/09/22 15:04:55.916 連線
[432] 2020/09/22 15:10:16.116 -----------------------------------------------------------------
