-----------------------------------------------------------------
[17864] 2020/09/17 08:57:44.717 >> Host srvsolace-bq.capital.com.tw
[17864] 2020/09/17 08:57:47.179 連線
[17864] 2020/09/17 09:11:27.015 -----------------------------------------------------------------
[13216] 2020/09/17 09:27:18.750 >> Host srvsolace-tp.capital.com.tw
[13216] 2020/09/17 09:27:21.033 連線
[13216] 2020/09/17 09:27:55.627 -----------------------------------------------------------------
[2648] 2020/09/17 11:17:52.047 >> Host srvsolace-bq2.capital.com.tw
[2648] 2020/09/17 11:17:54.221 連線
[2648] 2020/09/17 11:38:04.970 -----------------------------------------------------------------
[13384] 2020/09/17 11:38:14.498 >> Host srvsolace-bq2.capital.com.tw
[13384] 2020/09/17 11:38:16.767 連線
[13384] 2020/09/17 11:38:55.605 -----------------------------------------------------------------
[17416] 2020/09/17 13:50:20.809 >> Host srvsolace-tp.capital.com.tw
[17416] 2020/09/17 13:50:22.871 連線
[17416] 2020/09/17 13:52:02.419 -----------------------------------------------------------------
[8568] 2020/09/17 14:31:01.182 >> Host srvsolace-bq2.capital.com.tw
[8568] 2020/09/17 14:31:03.129 連線
[8568] 2020/09/17 14:31:42.106 -----------------------------------------------------------------
[18672] 2020/09/17 14:34:46.560 >> Host srvsolace-bq.capital.com.tw
[18672] 2020/09/17 14:34:48.649 連線
[16244] 2020/09/17 14:35:16.658 >> Host srvsolace-bq.capital.com.tw
[16244] 2020/09/17 14:35:18.746 連線
[16244] 2020/09/17 14:36:03.841 -----------------------------------------------------------------
[16452] 2020/09/17 21:17:00.043 >> Host srvsolace-bq.capital.com.tw
[16452] 2020/09/17 21:17:02.100 連線
