-----------------------------------------------------------------
[14312] 2020/09/23 09:19:46.449 >> Host srvsolace-bq2.capital.com.tw
[14312] 2020/09/23 09:19:48.930 連線
[14312] 2020/09/23 11:11:19.644 -----------------------------------------------------------------
[2068] 2020/09/23 11:56:01.238 >> Host srvsolace-bq2.capital.com.tw
[2068] 2020/09/23 11:56:03.532 連線
[15424] 2020/09/23 13:05:06.376 >> Host srvsolace-bq.capital.com.tw
[15424] 2020/09/23 13:05:08.639 連線
[15424] 2020/09/23 13:05:14.998 -----------------------------------------------------------------
[2068] 2020/09/23 13:05:17.714 -----------------------------------------------------------------
[11792] 2020/09/23 13:05:22.104 >> Host srvsolace-tp.capital.com.tw
[11792] 2020/09/23 13:05:24.342 連線
[11792] 2020/09/23 13:24:58.094 -----------------------------------------------------------------
[13736] 2020/09/23 14:42:09.782 >> Host srvsolace-bq2.capital.com.tw
[13736] 2020/09/23 14:42:12.080 連線
[13736] 2020/09/23 14:43:38.625 -----------------------------------------------------------------
[35176] 2020/09/23 22:41:32.174 >> Host srvsolace-tp.capital.com.tw
[35176] 2020/09/23 22:41:35.070 連線
[35176] 2020/09/23 22:48:35.292 -----------------------------------------------------------------
[33528] 2020/09/23 23:21:41.802 >> Host srvsolace-tp.capital.com.tw
[33528] 2020/09/23 23:21:44.178 連線
[2088] 2020/09/23 23:29:45.860 >> Host srvsolace-bq.capital.com.tw
[2088] 2020/09/23 23:29:48.523 連線
[23820] 2020/09/23 23:44:09.406 >> Host srvsolace-bq.capital.com.tw
[23820] 2020/09/23 23:44:12.227 連線
[23820] 2020/09/23 23:48:05.328 -----------------------------------------------------------------
