-----------------------------------------------------------------
[21140] 2020/09/18 14:08:51.485 >> Host srvsolace-tp.capital.com.tw
[21140] 2020/09/18 14:08:53.527 連線
[21140] 2020/09/18 14:25:36.938 -----------------------------------------------------------------
[9024] 2020/09/18 15:05:59.012 >> Host srvsolace-bq2.capital.com.tw
[9024] 2020/09/18 15:06:01.696 連線
[2032] 2020/09/18 15:07:21.326 >> Host srvsolace-bq2.capital.com.tw
[2032] 2020/09/18 15:07:23.664 連線
[2032] 2020/09/18 15:09:37.676 -----------------------------------------------------------------
[8532] 2020/09/18 15:23:55.496 >> Host srvsolace-tp.capital.com.tw
[8532] 2020/09/18 15:23:57.762 連線
[2684] 2020/09/18 16:08:59.329 >> Host srvsolace-bq.capital.com.tw
[2684] 2020/09/18 16:09:01.616 連線
[2684] 2020/09/18 16:09:10.830 -----------------------------------------------------------------
[24196] 2020/09/18 16:09:14.487 >> Host srvsolace-tp.capital.com.tw
[24196] 2020/09/18 16:09:16.747 連線
[24196] 2020/09/18 16:15:11.990 -----------------------------------------------------------------
[14284] 2020/09/18 16:16:56.894 >> Host srvsolace-bq2.capital.com.tw
[14284] 2020/09/18 16:16:59.157 連線
[14284] 2020/09/18 16:18:00.637 -----------------------------------------------------------------
[2132] 2020/09/18 16:25:57.366 >> Host srvsolace-bq2.capital.com.tw
[2132] 2020/09/18 16:25:59.603 連線
[2132] 2020/09/18 16:26:34.731 -----------------------------------------------------------------
