-----------------------------------------------------------------
[1224] 2020/09/12 00:00:49.413 SKQuoteLib_EnterMonitor IP¡Gsrvsolace-bq2.capital.com.tw
[1224] 2020/09/12 00:00:49.545 OnSessionConnect¡ACode: 0
[1224] 2020/09/12 00:00:49.781 market(2)  Ready!
[1224] 2020/09/12 00:00:49.793 market(3)  Ready!
[1224] 2020/09/12 00:00:49.822 market(0)  Ready!
[1224] 2020/09/12 00:00:49.836 market(1)  Ready!
[1224] 2020/09/12 00:00:49.879 market(4)  Ready!
[1224] 2020/09/12 00:00:49.892 market(2)  Ready!
[1224] 2020/09/12 00:00:49.892 market(3)  Ready!
[1224] 2020/09/12 00:00:50.466 Market Info is OK!
[1224] 2020/09/12 00:00:50.636 Catalog info is OK!
[1224] 2020/09/12 00:00:55.088  SKQuoteLib_RequestTicks ( 2 , TX00 )
[1224] 2020/09/12 00:00:55.088 Return PageNo¡G 0 
[1224] 2020/09/12 00:03:57.741 -----------------------------------------------------------------
[12780] 2020/09/12 00:04:32.554 SKQuoteLib_EnterMonitor IP¡Gsrvsolace-bq.capital.com.tw
[12780] 2020/09/12 00:04:32.691 OnSessionConnect¡ACode: 0
[12780] 2020/09/12 00:04:32.953 market(0)  Ready!
[12780] 2020/09/12 00:04:32.961 market(2)  Ready!
[12780] 2020/09/12 00:04:32.965 market(1)  Ready!
[12780] 2020/09/12 00:04:32.993 market(3)  Ready!
[12780] 2020/09/12 00:04:33.005 market(2)  Ready!
[12780] 2020/09/12 00:04:33.005 market(3)  Ready!
[12780] 2020/09/12 00:04:33.005 market(4)  Ready!
[12780] 2020/09/12 00:04:33.592 Market Info is OK!
[12780] 2020/09/12 00:04:33.741 Catalog info is OK!
[12780] 2020/09/12 00:04:36.934  SKQuoteLib_RequestTicks ( 2 , TX00 )
[12780] 2020/09/12 00:04:36.934 Return PageNo¡G 0 
[12780] 2020/09/12 00:06:17.721 -----------------------------------------------------------------
[12544] 2020/09/12 00:07:20.977 SKQuoteLib_EnterMonitor IP¡Gsrvsolace-tp.capital.com.tw
[12544] 2020/09/12 00:07:21.112 OnSessionConnect¡ACode: 0
[12544] 2020/09/12 00:07:21.389 market(0)  Ready!
[12544] 2020/09/12 00:07:21.447 market(1)  Ready!
[12544] 2020/09/12 00:07:21.447 market(2)  Ready!
[12544] 2020/09/12 00:07:21.447 market(3)  Ready!
[12544] 2020/09/12 00:07:21.447 market(4)  Ready!
[12544] 2020/09/12 00:07:21.447 market(2)  Ready!
[12544] 2020/09/12 00:07:21.508 market(3)  Ready!
[12544] 2020/09/12 00:07:22.157 Market Info is OK!
[12544] 2020/09/12 00:07:22.320 Catalog info is OK!
[12544] 2020/09/12 00:07:27.332  SKQuoteLib_RequestTicks ( 2 , TX00 )
[12544] 2020/09/12 00:07:27.332 Return PageNo¡G 0 
[12544] 2020/09/12 00:08:57.776 -----------------------------------------------------------------
