-----------------------------------------------------------------
[16348] 2020/09/16 08:08:03.587 Login ID: R121015220
[16348] 2020/09/16 08:08:03.587 Version¡G2.13.16
[16348] 2020/09/16 08:08:04.057 Login Code: 0
[16304] 2020/09/16 08:12:22.377 Login ID: R121015220
[16304] 2020/09/16 08:12:22.377 Version¡G2.13.16
[16304] 2020/09/16 08:12:22.705 Login Code: 0
[16304] 2020/09/16 08:13:25.396 -----------------------------------------------------------------
[6088] 2020/09/16 08:14:37.033 Login ID: R121015220
[6088] 2020/09/16 08:14:37.033 Version¡G2.13.16
[6088] 2020/09/16 08:14:37.403 Login Code: 0
[6088] 2020/09/16 08:23:15.595 -----------------------------------------------------------------
[5392] 2020/09/16 08:40:17.139 Login ID: R121015220
[5392] 2020/09/16 08:40:17.140 Version¡G2.13.16
[5392] 2020/09/16 08:40:17.444 Login Code: 0
[3432] 2020/09/16 08:59:39.732 Login ID: R121015220
[3432] 2020/09/16 08:59:39.732 Version¡G2.13.16
[3432] 2020/09/16 08:59:40.036 Login Code: 0
[3432] 2020/09/16 10:14:53.130 -----------------------------------------------------------------
[21004] 2020/09/16 10:17:14.224 Login ID: R121015220
[21004] 2020/09/16 10:17:14.224 Version¡G2.13.16
[21004] 2020/09/16 10:17:14.577 Login Code: 0
[21004] 2020/09/16 13:06:41.054 -----------------------------------------------------------------
[5880] 2020/09/16 14:07:42.942 Login ID: R121015220
[5880] 2020/09/16 14:07:42.946 Version¡G2.13.16
[5880] 2020/09/16 14:07:43.269 Login Code: 0
[5880] 2020/09/16 14:08:23.408 -----------------------------------------------------------------
[3392] 2020/09/16 14:44:21.576 Login ID: R121015220
[3392] 2020/09/16 14:44:21.576 Version¡G2.13.16
[3392] 2020/09/16 14:44:21.869 Login Code: 0
[3392] 2020/09/16 14:47:34.672 -----------------------------------------------------------------
[7268] 2020/09/16 15:50:25.038 Login ID: R121015220
[7268] 2020/09/16 15:50:25.145 Version¡G2.13.16
[7268] 2020/09/16 15:50:25.451 Login Code: 0
[10136] 2020/09/16 15:52:45.202 Login ID: R121015220
[10136] 2020/09/16 15:52:45.203 Version¡G2.13.16
[10136] 2020/09/16 15:52:45.484 Login Code: 0
[10136] 2020/09/16 15:54:16.611 -----------------------------------------------------------------
[17864] 2020/09/17 08:57:42.289 Login ID: R121015220
[17864] 2020/09/17 08:57:42.289 Version¡G2.13.16
[17864] 2020/09/17 08:57:42.930 Login Code: 0
[17864] 2020/09/17 09:11:27.018 -----------------------------------------------------------------
[13216] 2020/09/17 09:27:16.208 Login ID: R121015220
[13216] 2020/09/17 09:27:16.209 Version¡G2.13.16
[13216] 2020/09/17 09:27:16.507 Login Code: 0
[13216] 2020/09/17 09:27:55.630 -----------------------------------------------------------------
[2648] 2020/09/17 11:17:49.746 Login ID: R121015220
[2648] 2020/09/17 11:17:49.746 Version¡G2.13.16
[2648] 2020/09/17 11:17:50.435 Login Code: 0
[2648] 2020/09/17 11:38:04.975 -----------------------------------------------------------------
[13384] 2020/09/17 11:38:12.289 Login ID: R121015220
[13384] 2020/09/17 11:38:12.289 Version¡G2.13.16
[13384] 2020/09/17 11:38:12.620 Login Code: 0
[13384] 2020/09/17 11:38:55.608 -----------------------------------------------------------------
[17416] 2020/09/17 13:50:16.903 Login ID: R121015220
[17416] 2020/09/17 13:50:16.903 Version¡G2.13.16
[17416] 2020/09/17 13:50:17.207 Login Code: 0
[17416] 2020/09/17 13:52:02.423 -----------------------------------------------------------------
[8568] 2020/09/17 14:30:58.144 Login ID: R121015220
[8568] 2020/09/17 14:30:58.144 Version¡G2.13.16
[8568] 2020/09/17 14:30:58.434 Login Code: 0
[8568] 2020/09/17 14:31:42.109 -----------------------------------------------------------------
[18672] 2020/09/17 14:34:41.567 Login ID: R121015220
[18672] 2020/09/17 14:34:41.567 Version¡G2.13.16
[18672] 2020/09/17 14:34:41.899 Login Code: 0
[16244] 2020/09/17 14:35:14.345 Login ID: R121015220
[16244] 2020/09/17 14:35:14.345 Version¡G2.13.16
[16244] 2020/09/17 14:35:14.616 Login Code: 0
[16244] 2020/09/17 14:36:03.844 -----------------------------------------------------------------
[8320] 2020/09/17 15:01:11.548 Login ID: R121015220
[8320] 2020/09/17 15:01:11.548 Version¡G2.13.16
[8320] 2020/09/17 15:01:11.857 Login Code: 0
[8320] 2020/09/17 15:01:14.213 -----------------------------------------------------------------
[9044] 2020/09/17 15:02:33.555 Login ID: R121015220
[9044] 2020/09/17 15:02:33.555 Version¡G2.13.16
[9044] 2020/09/17 15:02:33.871 Login Code: 0
[2144] 2020/09/17 15:17:46.060 Login ID: R121015220
[2144] 2020/09/17 15:17:46.060 Version¡G2.13.16
[2144] 2020/09/17 15:17:46.456 Login Code: 0
[2300] 2020/09/17 15:19:12.369 Login ID: R121015220
[2300] 2020/09/17 15:19:12.369 Version¡G2.13.16
[2300] 2020/09/17 15:19:12.676 Login Code: 0
[13132] 2020/09/17 15:25:05.150 Login ID: R121015220
[13132] 2020/09/17 15:25:05.150 Version¡G2.13.16
[13132] 2020/09/17 15:25:05.457 Login Code: 0
[21708] 2020/09/17 15:32:13.053 Login ID: R121015220
[21708] 2020/09/17 15:32:13.054 Version¡G2.13.16
[21708] 2020/09/17 15:32:13.370 Login Code: 0
[10272] 2020/09/17 16:00:00.722 Login ID: R121015220
[10272] 2020/09/17 16:00:00.723 Version¡G2.13.16
[10272] 2020/09/17 16:00:01.083 Login Code: 0
[19988] 2020/09/17 16:01:42.579 Login ID: R121015220
[19988] 2020/09/17 16:01:42.579 Version¡G2.13.16
[19988] 2020/09/17 16:01:42.896 Login Code: 0
[13820] 2020/09/17 16:01:59.589 Login ID: R121015220
[13820] 2020/09/17 16:01:59.589 Version¡G2.13.16
[13820] 2020/09/17 16:01:59.876 Login Code: 0
[17896] 2020/09/17 16:02:13.861 Login ID: R121015220
[17896] 2020/09/17 16:02:13.861 Version¡G2.13.16
[17896] 2020/09/17 16:02:14.141 Login Code: 0
[22368] 2020/09/17 16:03:22.090 Login ID: R121015220
[22368] 2020/09/17 16:03:22.091 Version¡G2.13.16
[22368] 2020/09/17 16:03:22.420 Login Code: 0
[6612] 2020/09/17 16:13:27.374 Login ID: R121015220
[6612] 2020/09/17 16:13:27.374 Version¡G2.13.16
[6612] 2020/09/17 16:13:27.695 Login Code: 0
[7124] 2020/09/17 16:13:54.153 Login ID: R121015220
[7124] 2020/09/17 16:13:54.153 Version¡G2.13.16
[7124] 2020/09/17 16:13:54.518 Login Code: 0
[17636] 2020/09/17 16:22:40.174 Login ID: R121015220
[17636] 2020/09/17 16:22:40.174 Version¡G2.13.16
[17636] 2020/09/17 16:22:40.503 Login Code: 0
[17248] 2020/09/17 16:25:54.242 Login ID: R121015220
[17248] 2020/09/17 16:25:54.242 Version¡G2.13.16
[17248] 2020/09/17 16:25:54.591 Login Code: 0
[20168] 2020/09/17 16:43:34.345 Login ID: R121015220
[20168] 2020/09/17 16:43:34.345 Version¡G2.13.16
[20168] 2020/09/17 16:43:34.632 Login Code: 0
[8816] 2020/09/17 16:45:15.432 Login ID: R121015220
[8816] 2020/09/17 16:45:15.432 Version¡G2.13.16
[8816] 2020/09/17 16:45:15.722 Login Code: 0
[8816] 2020/09/17 16:45:31.884 -----------------------------------------------------------------
[21932] 2020/09/17 16:49:01.457 Login ID: R121015220
[21932] 2020/09/17 16:49:01.457 Version¡G2.13.16
[21932] 2020/09/17 16:49:01.863 Login Code: 0
[5156] 2020/09/17 16:52:02.063 Login ID: R121015220
[5156] 2020/09/17 16:52:02.063 Version¡G2.13.16
[5156] 2020/09/17 16:52:02.386 Login Code: 0
[20748] 2020/09/17 16:53:34.355 Login ID: R121015220
[20748] 2020/09/17 16:53:34.355 Version¡G2.13.16
[20748] 2020/09/17 16:53:34.648 Login Code: 0
[23124] 2020/09/17 17:00:57.235 Login ID: R121015220
[23124] 2020/09/17 17:00:57.235 Version¡G2.13.16
[23124] 2020/09/17 17:00:57.560 Login Code: 0
[10532] 2020/09/17 17:05:39.776 Login ID: R121015220
[10532] 2020/09/17 17:05:39.777 Version¡G2.13.16
[10532] 2020/09/17 17:05:40.063 Login Code: 0
[12748] 2020/09/17 17:07:56.959 Login ID: R121015220
[12748] 2020/09/17 17:07:56.959 Version¡G2.13.16
[12748] 2020/09/17 17:07:57.253 Login Code: 0
[2756] 2020/09/17 17:15:32.848 Login ID: R121015220
[2756] 2020/09/17 17:15:32.849 Version¡G2.13.16
[2756] 2020/09/17 17:15:33.158 Login Code: 0
[18084] 2020/09/17 17:23:19.788 Login ID: R121015220
[18084] 2020/09/17 17:23:19.788 Version¡G2.13.16
[18084] 2020/09/17 17:23:20.127 Login Code: 0
[18084] 2020/09/17 17:23:26.634 -----------------------------------------------------------------
[15428] 2020/09/17 17:23:38.170 Login ID: R121015220
[15428] 2020/09/17 17:23:38.170 Version¡G2.13.16
[15428] 2020/09/17 17:23:38.455 Login Code: 0
[10096] 2020/09/17 17:24:27.318 Login ID: R121015220
[10096] 2020/09/17 17:24:27.318 Version¡G2.13.16
[10096] 2020/09/17 17:24:27.665 Login Code: 0
[13144] 2020/09/17 17:31:27.099 Login ID: R121015220
[13144] 2020/09/17 17:31:27.099 Version¡G2.13.16
[13144] 2020/09/17 17:31:27.395 Login Code: 0
[22360] 2020/09/17 17:48:29.948 Login ID: R121015220
[22360] 2020/09/17 17:48:29.948 Version¡G2.13.16
[22360] 2020/09/17 17:48:30.243 Login Code: 0
[16452] 2020/09/17 21:16:57.348 Login ID: R121015220
[16452] 2020/09/17 21:16:57.348 Version¡G2.13.16
[16452] 2020/09/17 21:16:57.651 Login Code: 0
[5972] 2020/09/18 08:09:13.022 Login ID: R121015220
[5972] 2020/09/18 08:09:13.022 Version¡G2.13.16
[5972] 2020/09/18 08:09:13.668 Login Code: 0
[11412] 2020/09/18 08:10:31.322 Login ID: R121015220
[11412] 2020/09/18 08:10:31.322 Version¡G2.13.16
[11412] 2020/09/18 08:10:31.630 Login Code: 0
[13196] 2020/09/18 08:12:24.513 Login ID: R121015220
[13196] 2020/09/18 08:12:24.513 Version¡G2.13.16
[13196] 2020/09/18 08:12:24.831 Login Code: 0
[13196] 2020/09/18 08:12:50.509 -----------------------------------------------------------------
[22880] 2020/09/18 08:15:37.940 Login ID: R121015220
[22880] 2020/09/18 08:15:37.940 Version¡G2.13.16
[22880] 2020/09/18 08:15:38.290 Login Code: 0
[10596] 2020/09/18 08:17:24.116 Login ID: R121015220
[10596] 2020/09/18 08:17:24.116 Version¡G2.13.16
[10596] 2020/09/18 08:17:24.392 Login Code: 0
[5068] 2020/09/18 08:19:43.469 Login ID: R121015220
[5068] 2020/09/18 08:19:43.469 Version¡G2.13.16
[5068] 2020/09/18 08:19:43.775 Login Code: 0
[5064] 2020/09/18 08:31:24.221 Login ID: R121015220
[5064] 2020/09/18 08:31:24.222 Version¡G2.13.16
[5064] 2020/09/18 08:31:24.525 Login Code: 0
[13652] 2020/09/18 08:39:46.946 Login ID: R121015220
[13652] 2020/09/18 08:39:46.946 Version¡G2.13.16
[13652] 2020/09/18 08:39:47.544 Login Code: 0
[13652] 2020/09/18 09:35:00.309 -----------------------------------------------------------------
[22756] 2020/09/18 09:43:40.712 Login ID: R121015220
[22756] 2020/09/18 09:43:40.712 Version¡G2.13.16
[22756] 2020/09/18 09:43:40.995 Login Code: 0
[22756] 2020/09/18 09:43:49.619 -----------------------------------------------------------------
[3452] 2020/09/18 09:46:59.531 Login ID: R121015220
[3452] 2020/09/18 09:46:59.532 Version¡G2.13.16
[3452] 2020/09/18 09:46:59.873 Login Code: 0
[3452] 2020/09/18 09:47:07.092 -----------------------------------------------------------------
[20540] 2020/09/18 09:48:12.474 Login ID: R121015220
[20540] 2020/09/18 09:48:12.474 Version¡G2.13.16
[20540] 2020/09/18 09:48:12.798 Login Code: 0
[20540] 2020/09/18 09:48:45.318 -----------------------------------------------------------------
[20492] 2020/09/18 09:49:05.016 Login ID: R121015220
[20492] 2020/09/18 09:49:05.016 Version¡G2.13.16
[20492] 2020/09/18 09:49:05.332 Login Code: 0
[20492] 2020/09/18 09:49:16.498 -----------------------------------------------------------------
[16212] 2020/09/18 09:52:06.820 Login ID: R121015220
[16212] 2020/09/18 09:52:06.820 Version¡G2.13.16
[16212] 2020/09/18 09:52:07.189 Login Code: 0
[16212] 2020/09/18 09:56:19.882 -----------------------------------------------------------------
[20380] 2020/09/18 09:56:23.376 Login ID: R121015220
[20380] 2020/09/18 09:56:23.376 Version¡G2.13.16
[20380] 2020/09/18 09:56:23.676 Login Code: 0
[20380] 2020/09/18 09:57:04.630 -----------------------------------------------------------------
[4328] 2020/09/18 09:59:15.444 Login ID: R121015220
[4328] 2020/09/18 09:59:15.445 Version¡G2.13.16
[4328] 2020/09/18 09:59:15.723 Login Code: 0
[4328] 2020/09/18 09:59:27.223 -----------------------------------------------------------------
[15792] 2020/09/18 09:59:43.045 Login ID: R121015220
[15792] 2020/09/18 09:59:43.046 Version¡G2.13.16
[15792] 2020/09/18 09:59:43.331 Login Code: 0
[18836] 2020/09/18 10:02:41.819 Login ID: R121015220
[18836] 2020/09/18 10:02:41.820 Version¡G2.13.16
[18836] 2020/09/18 10:02:42.289 Login Code: 0
[18836] 2020/09/18 10:02:55.353 -----------------------------------------------------------------
[21932] 2020/09/18 10:03:48.492 Login ID: R121015220
[21932] 2020/09/18 10:03:48.492 Version¡G2.13.16
[21932] 2020/09/18 10:03:48.770 Login Code: 0
[21932] 2020/09/18 10:04:01.061 -----------------------------------------------------------------
[8160] 2020/09/18 10:04:58.798 Login ID: R121015220
[8160] 2020/09/18 10:04:58.799 Version¡G2.13.16
[8160] 2020/09/18 10:04:59.132 Login Code: 0
[8160] 2020/09/18 10:05:09.838 -----------------------------------------------------------------
[18404] 2020/09/18 10:07:44.657 Login ID: R121015220
[18404] 2020/09/18 10:07:44.658 Version¡G2.13.16
[18404] 2020/09/18 10:07:44.977 Login Code: 0
[18404] 2020/09/18 10:07:59.244 -----------------------------------------------------------------
[19272] 2020/09/18 10:08:48.470 Login ID: R121015220
[19272] 2020/09/18 10:08:48.470 Version¡G2.13.16
[19272] 2020/09/18 10:08:48.742 Login Code: 0
[19272] 2020/09/18 10:09:00.025 -----------------------------------------------------------------
[8000] 2020/09/18 10:09:27.587 Login ID: R121015220
[8000] 2020/09/18 10:09:27.587 Version¡G2.13.16
[8000] 2020/09/18 10:09:27.871 Login Code: 0
[8000] 2020/09/18 10:09:40.266 -----------------------------------------------------------------
[17844] 2020/09/18 10:10:05.945 Login ID: R121015220
[17844] 2020/09/18 10:10:05.945 Version¡G2.13.16
[17844] 2020/09/18 10:10:06.320 Login Code: 0
[17844] 2020/09/18 10:10:17.344 -----------------------------------------------------------------
[6504] 2020/09/18 10:11:07.472 Login ID: R121015220
[6504] 2020/09/18 10:11:07.472 Version¡G2.13.16
[6504] 2020/09/18 10:11:10.303 Login Code: 0
[6504] 2020/09/18 10:11:18.546 -----------------------------------------------------------------
[12624] 2020/09/18 10:11:53.559 Login ID: R121015220
[12624] 2020/09/18 10:11:53.559 Version¡G2.13.16
[12624] 2020/09/18 10:11:53.861 Login Code: 0
[12624] 2020/09/18 10:11:57.497 -----------------------------------------------------------------
[21588] 2020/09/18 10:12:36.078 Login ID: R121015220
[21588] 2020/09/18 10:12:36.079 Version¡G2.13.16
[21588] 2020/09/18 10:12:36.373 Login Code: 0
[21588] 2020/09/18 10:14:31.074 -----------------------------------------------------------------
[22872] 2020/09/18 10:15:29.134 Login ID: R121015220
[22872] 2020/09/18 10:15:29.134 Version¡G2.13.16
[22872] 2020/09/18 10:15:31.648 Login Code: 0
[8840] 2020/09/18 10:22:33.718 Login ID: R121015220
[8840] 2020/09/18 10:22:33.718 Version¡G2.13.16
[8840] 2020/09/18 10:22:34.014 Login Code: 0
[8840] 2020/09/18 11:01:27.089 -----------------------------------------------------------------
[13164] 2020/09/18 11:02:25.520 Login ID: R121015220
[13164] 2020/09/18 11:02:25.520 Version¡G2.13.16
[13164] 2020/09/18 11:02:25.874 Login Code: 0
[6532] 2020/09/18 13:06:40.685 Login ID: R121015220
[6532] 2020/09/18 13:06:40.685 Version¡G2.13.16
[6532] 2020/09/18 13:06:41.034 Login Code: 0
[22060] 2020/09/18 13:07:39.621 Login ID: R121015220
[22060] 2020/09/18 13:07:39.621 Version¡G2.13.16
[22060] 2020/09/18 13:07:39.895 Login Code: 0
[22428] 2020/09/18 13:08:08.512 Login ID: R121015220
[22428] 2020/09/18 13:08:08.512 Version¡G2.13.16
[22428] 2020/09/18 13:08:08.992 Login Code: 0
[22428] 2020/09/18 14:07:19.977 -----------------------------------------------------------------
[21140] 2020/09/18 14:08:49.234 Login ID: R121015220
[21140] 2020/09/18 14:08:49.234 Version¡G2.13.16
[21140] 2020/09/18 14:08:49.550 Login Code: 0
[21140] 2020/09/18 14:25:36.941 -----------------------------------------------------------------
[9024] 2020/09/18 15:05:56.501 Login ID: R121015220
[9024] 2020/09/18 15:05:56.512 Version¡G2.13.16
[9024] 2020/09/18 15:05:57.003 Login Code: 0
[2032] 2020/09/18 15:07:19.070 Login ID: R121015220
[2032] 2020/09/18 15:07:19.070 Version¡G2.13.16
[2032] 2020/09/18 15:07:19.360 Login Code: 0
[2032] 2020/09/18 15:09:37.683 -----------------------------------------------------------------
[8532] 2020/09/18 15:23:42.789 Login ID: R121015220
[8532] 2020/09/18 15:23:42.790 Version¡G2.13.16
[8532] 2020/09/18 15:23:43.096 Login Code: 0
[5880] 2020/09/18 15:27:39.318 Login ID: R121015220
[5880] 2020/09/18 15:27:39.319 Version¡G2.13.16
[5880] 2020/09/18 15:27:39.658 Login Code: 0
[12028] 2020/09/18 15:34:40.074 Login ID: R121015220
[12028] 2020/09/18 15:34:40.074 Version¡G2.13.16
[12028] 2020/09/18 15:34:40.435 Login Code: 0
[15460] 2020/09/18 15:48:47.618 Login ID: R121015220
[15460] 2020/09/18 15:48:47.618 Version¡G2.13.16
[15460] 2020/09/18 15:48:47.964 Login Code: 0
[20440] 2020/09/18 16:00:44.146 Login ID: R121015220
[20440] 2020/09/18 16:00:44.146 Version¡G2.13.16
[20440] 2020/09/18 16:00:44.481 Login Code: 0
[4932] 2020/09/18 16:01:55.309 Login ID: R121015220
[4932] 2020/09/18 16:01:55.310 Version¡G2.13.16
[4932] 2020/09/18 16:01:55.584 Login Code: 0
[19092] 2020/09/18 16:02:29.016 Login ID: R121015220
[19092] 2020/09/18 16:02:29.017 Version¡G2.13.16
[19092] 2020/09/18 16:02:29.341 Login Code: 0
[6132] 2020/09/18 16:04:59.555 Login ID: R121015220
[6132] 2020/09/18 16:04:59.556 Version¡G2.13.16
[6132] 2020/09/18 16:04:59.855 Login Code: 0
[6112] 2020/09/18 16:05:52.644 Login ID: R121015220
[6112] 2020/09/18 16:05:52.645 Version¡G2.13.16
[6112] 2020/09/18 16:05:52.999 Login Code: 0
[6112] 2020/09/18 16:08:49.563 -----------------------------------------------------------------
[2684] 2020/09/18 16:08:56.631 Login ID: R121015220
[2684] 2020/09/18 16:08:56.631 Version¡G2.13.16
[2684] 2020/09/18 16:08:56.941 Login Code: 0
[2684] 2020/09/18 16:09:10.835 -----------------------------------------------------------------
[24196] 2020/09/18 16:09:12.063 Login ID: R121015220
[24196] 2020/09/18 16:09:12.064 Version¡G2.13.16
[24196] 2020/09/18 16:09:12.358 Login Code: 0
[24196] 2020/09/18 16:15:11.993 -----------------------------------------------------------------
[14284] 2020/09/18 16:16:53.519 Login ID: R121015220
[14284] 2020/09/18 16:16:53.519 Version¡G2.13.16
[14284] 2020/09/18 16:16:53.844 Login Code: 0
[14284] 2020/09/18 16:18:00.641 -----------------------------------------------------------------
[2132] 2020/09/18 16:25:55.035 Login ID: R121015220
[2132] 2020/09/18 16:25:55.036 Version¡G2.13.16
[2132] 2020/09/18 16:25:55.330 Login Code: 0
[2132] 2020/09/18 16:26:34.736 -----------------------------------------------------------------
[8320] 2020/09/18 16:29:41.326 Login ID: R121015220
[8320] 2020/09/18 16:29:41.326 Version¡G2.13.16
[8320] 2020/09/18 16:29:41.628 Login Code: 0
[8320] 2020/09/18 16:29:43.549 -----------------------------------------------------------------
[41000] 2020/09/18 22:54:50.930 Login ID: R121015220
[41000] 2020/09/18 22:54:50.931 Version¡G2.13.16
[41000] 2020/09/18 22:54:51.512 Login Code: 0
[41000] 2020/09/18 22:55:14.067 -----------------------------------------------------------------
[13604] 2020/09/18 23:21:54.654 Login ID: R121015220
[13604] 2020/09/18 23:21:54.655 Version¡G2.13.16
[13604] 2020/09/18 23:21:55.191 Login Code: 0
[7304] 2020/09/18 23:57:56.004 Login ID: R121015220
[7304] 2020/09/18 23:57:56.005 Version¡G2.13.16
[7304] 2020/09/18 23:57:56.576 Login Code: 0
[14460] 2020/09/19 00:05:09.013 Login ID: R121015220
[14460] 2020/09/19 00:05:09.013 Version¡G2.13.16
[14460] 2020/09/19 00:05:09.566 Login Code: 0
[24732] 2020/09/19 00:07:48.141 Login ID: R121015220
[24732] 2020/09/19 00:07:48.141 Version¡G2.13.16
[24732] 2020/09/19 00:07:48.738 Login Code: 0
[7280] 2020/09/19 00:09:56.040 Login ID: R121015220
[7280] 2020/09/19 00:09:56.041 Version¡G2.13.16
[7280] 2020/09/19 00:09:56.574 Login Code: 0
[11940] 2020/09/19 00:12:42.375 Login ID: R121015220
[11940] 2020/09/19 00:12:42.376 Version¡G2.13.16
[11940] 2020/09/19 00:12:42.872 Login Code: 0
[14020] 2020/09/19 00:15:46.948 Login ID: R121015220
[14020] 2020/09/19 00:15:46.949 Version¡G2.13.16
[14020] 2020/09/19 00:15:56.540 Login Code: 0
[14020] 2020/09/19 00:17:31.894 -----------------------------------------------------------------
[19176] 2020/09/19 00:17:36.731 Login ID: R121015220
[19176] 2020/09/19 00:17:36.731 Version¡G2.13.16
[19176] 2020/09/19 00:17:42.129 Login Code: 0
[19176] 2020/09/19 00:22:29.324 -----------------------------------------------------------------
[10916] 2020/09/21 22:40:10.941 Login ID: R121015220
[10916] 2020/09/21 22:40:10.942 Version¡G2.13.16
[10916] 2020/09/21 22:40:11.708 Login Code: 0
[10916] 2020/09/21 22:40:15.290 -----------------------------------------------------------------
[36760] 2020/09/21 22:40:37.521 Login ID: R121015220
[36760] 2020/09/21 22:40:37.522 Version¡G2.13.16
[36760] 2020/09/21 22:40:38.194 Login Code: 0
[32492] 2020/09/21 22:41:50.939 Login ID: R121015220
[32492] 2020/09/21 22:41:50.940 Version¡G2.13.16
[32492] 2020/09/21 22:41:51.463 Login Code: 0
[32492] 2020/09/21 22:41:53.785 -----------------------------------------------------------------
[28812] 2020/09/21 22:42:02.078 Login ID: R121015220
[28812] 2020/09/21 22:42:02.079 Version¡G2.13.16
[28812] 2020/09/21 22:42:03.023 Login Code: 0
[28812] 2020/09/21 22:43:07.959 -----------------------------------------------------------------
[16176] 2020/09/21 22:45:31.519 Login ID: R121015220
[16176] 2020/09/21 22:45:31.521 Version¡G2.13.16
[16176] 2020/09/21 22:45:32.238 Login Code: 0
[16176] 2020/09/21 22:49:26.748 -----------------------------------------------------------------
[10508] 2020/09/21 22:52:32.772 Login ID: R121015220
[10508] 2020/09/21 22:52:32.772 Version¡G2.13.16
[10508] 2020/09/21 22:52:33.423 Login Code: 0
[10508] 2020/09/21 22:54:33.940 -----------------------------------------------------------------
[33752] 2020/09/21 23:16:27.694 Login ID: R121015220
[33752] 2020/09/21 23:16:27.695 Version¡G2.13.16
[33752] 2020/09/21 23:16:28.464 Login Code: 0
[15384] 2020/09/21 23:19:33.860 Login ID: R121015220
[15384] 2020/09/21 23:19:33.861 Version¡G2.13.16
[15384] 2020/09/21 23:19:34.437 Login Code: 0
[15664] 2020/09/21 23:24:59.285 Login ID: R121015220
[15664] 2020/09/21 23:24:59.286 Version¡G2.13.16
[15664] 2020/09/21 23:25:00.349 Login Code: 0
[37984] 2020/09/21 23:26:44.493 Login ID: R121015220
[37984] 2020/09/21 23:26:44.494 Version¡G2.13.16
[37984] 2020/09/21 23:26:45.082 Login Code: 0
[33588] 2020/09/21 23:30:23.252 Login ID: R121015220
[33588] 2020/09/21 23:30:23.253 Version¡G2.13.16
[33588] 2020/09/21 23:30:23.947 Login Code: 0
[39056] 2020/09/21 23:31:25.784 Login ID: R121015220
[39056] 2020/09/21 23:31:25.785 Version¡G2.13.16
[39056] 2020/09/21 23:31:26.441 Login Code: 0
[14528] 2020/09/21 23:35:27.232 Login ID: R121015220
[14528] 2020/09/21 23:35:27.233 Version¡G2.13.16
[14528] 2020/09/21 23:35:27.942 Login Code: 0
[20856] 2020/09/21 23:37:13.343 Login ID: R121015220
[20856] 2020/09/21 23:37:13.343 Version¡G2.13.16
[20856] 2020/09/21 23:37:13.952 Login Code: 0
[20856] 2020/09/21 23:38:40.671 -----------------------------------------------------------------
[17716] 2020/09/22 08:28:35.763 Login ID: R121015220
[17716] 2020/09/22 08:28:35.763 Version¡G2.13.16
[17716] 2020/09/22 08:28:36.213 Login Code: 0
[15016] 2020/09/22 08:29:29.012 Login ID: R121015220
[15016] 2020/09/22 08:29:29.013 Version¡G2.13.16
[15016] 2020/09/22 08:29:29.713 Login Code: 0
[15016] 2020/09/22 08:29:58.325 -----------------------------------------------------------------
[2844] 2020/09/22 08:31:16.942 Login ID: R121015220
[2844] 2020/09/22 08:31:16.943 Version¡G2.13.16
[2844] 2020/09/22 08:31:17.249 Login Code: 0
[2844] 2020/09/22 08:31:22.105 -----------------------------------------------------------------
[3768] 2020/09/22 08:32:08.464 Login ID: R121015220
[3768] 2020/09/22 08:32:08.464 Version¡G2.13.16
[3768] 2020/09/22 08:32:08.761 Login Code: 0
[3768] 2020/09/22 08:32:14.282 -----------------------------------------------------------------
[12472] 2020/09/22 08:36:16.447 Login ID: R121015220
[12472] 2020/09/22 08:36:16.448 Version¡G2.13.16
[12472] 2020/09/22 08:36:16.745 Login Code: 0
[12472] 2020/09/22 08:36:41.059 -----------------------------------------------------------------
[976] 2020/09/22 08:36:52.393 Login ID: R121015220
[976] 2020/09/22 08:36:52.393 Version¡G2.13.16
[976] 2020/09/22 08:36:52.679 Login Code: 0
[17528] 2020/09/22 08:40:41.661 Login ID: R121015220
[17528] 2020/09/22 08:40:41.661 Version¡G2.13.16
[17528] 2020/09/22 08:40:41.977 Login Code: 0
[17528] 2020/09/22 08:46:16.604 -----------------------------------------------------------------
[8420] 2020/09/22 08:48:19.738 Login ID: R121015220
[8420] 2020/09/22 08:48:19.739 Version¡G2.13.16
[8420] 2020/09/22 08:48:20.144 Login Code: 0
[11576] 2020/09/22 08:49:45.987 Login ID: R121015220
[11576] 2020/09/22 08:49:45.987 Version¡G2.13.16
[11576] 2020/09/22 08:49:46.316 Login Code: 0
[21212] 2020/09/22 08:52:17.152 Login ID: R121015220
[21212] 2020/09/22 08:52:17.152 Version¡G2.13.16
[21212] 2020/09/22 08:52:17.473 Login Code: 0
[5196] 2020/09/22 09:10:48.318 Login ID: R121015220
[5196] 2020/09/22 09:10:48.318 Version¡G2.13.16
[5196] 2020/09/22 09:10:48.647 Login Code: 0
[20888] 2020/09/22 09:18:33.183 Login ID: R121015220
[20888] 2020/09/22 09:18:33.183 Version¡G2.13.16
[20888] 2020/09/22 09:18:33.480 Login Code: 0
[7916] 2020/09/22 09:23:05.167 Login ID: R121015220
[7916] 2020/09/22 09:23:05.168 Version¡G2.13.16
[7916] 2020/09/22 09:23:05.473 Login Code: 0
[7916] 2020/09/22 09:45:27.191 -----------------------------------------------------------------
[20056] 2020/09/22 09:50:14.915 Login ID: R121015220
[20056] 2020/09/22 09:50:14.915 Version¡G2.13.16
[20056] 2020/09/22 09:50:15.252 Login Code: 0
[20056] 2020/09/22 09:50:29.447 -----------------------------------------------------------------
[3020] 2020/09/22 09:50:42.796 Login ID: R121015220
[3020] 2020/09/22 09:50:42.797 Version¡G2.13.16
[3020] 2020/09/22 09:50:43.074 Login Code: 0
[3020] 2020/09/22 10:21:20.784 -----------------------------------------------------------------
[14040] 2020/09/22 10:21:43.231 Login ID: R121015220
[14040] 2020/09/22 10:21:43.231 Version¡G2.13.16
[14040] 2020/09/22 10:21:43.583 Login Code: 0
[14040] 2020/09/22 11:27:52.664 -----------------------------------------------------------------
[14672] 2020/09/22 12:42:52.571 Login ID: R121015220
[14672] 2020/09/22 12:42:52.571 Version¡G2.13.16
[14672] 2020/09/22 12:42:52.846 Login Code: 0
[14672] 2020/09/22 13:06:13.339 -----------------------------------------------------------------
[13288] 2020/09/22 13:06:15.139 Login ID: R121015220
[13288] 2020/09/22 13:06:15.139 Version¡G2.13.16
[13288] 2020/09/22 13:06:15.494 Login Code: 0
[13288] 2020/09/22 13:06:17.440 -----------------------------------------------------------------
[16288] 2020/09/22 13:06:20.370 Login ID: R121015220
[16288] 2020/09/22 13:06:20.370 Version¡G2.13.16
[16288] 2020/09/22 13:06:20.655 Login Code: 0
[16288] 2020/09/22 13:16:53.582 -----------------------------------------------------------------
[21372] 2020/09/22 13:19:16.416 Login ID: R121015220
[21372] 2020/09/22 13:19:16.416 Version¡G2.13.16
[21372] 2020/09/22 13:19:16.732 Login Code: 0
[14052] 2020/09/22 13:20:51.792 Login ID: R121015220
[14052] 2020/09/22 13:20:51.792 Version¡G2.13.16
[14052] 2020/09/22 13:20:52.102 Login Code: 0
[14052] 2020/09/22 13:21:55.192 -----------------------------------------------------------------
[13248] 2020/09/22 13:22:00.182 Login ID: R121015220
[13248] 2020/09/22 13:22:00.182 Version¡G2.13.16
[13248] 2020/09/22 13:22:00.472 Login Code: 0
[13248] 2020/09/22 13:32:15.251 -----------------------------------------------------------------
[432] 2020/09/22 15:04:34.127 Login ID: R121015220
[432] 2020/09/22 15:04:34.127 Version¡G2.13.16
[432] 2020/09/22 15:04:34.726 Login Code: 0
[432] 2020/09/22 15:10:16.116 -----------------------------------------------------------------
[14312] 2020/09/23 09:19:43.142 Login ID: R121015220
[14312] 2020/09/23 09:19:43.142 Version¡G2.13.16
[14312] 2020/09/23 09:19:43.709 Login Code: 0
[14312] 2020/09/23 11:11:19.651 -----------------------------------------------------------------
[2068] 2020/09/23 11:55:52.436 Login ID: R121015220
[2068] 2020/09/23 11:55:52.437 Version¡G2.13.16
[2068] 2020/09/23 11:55:52.787 Login Code: 0
[15424] 2020/09/23 13:04:56.808 Login ID: R121015220
[15424] 2020/09/23 13:04:56.809 Version¡G2.13.16
[15424] 2020/09/23 13:04:57.091 Login Code: 0
[15424] 2020/09/23 13:05:15.001 -----------------------------------------------------------------
[2068] 2020/09/23 13:05:17.717 -----------------------------------------------------------------
[11792] 2020/09/23 13:05:19.654 Login ID: R121015220
[11792] 2020/09/23 13:05:19.654 Version¡G2.13.16
[11792] 2020/09/23 13:05:19.965 Login Code: 0
[11792] 2020/09/23 13:24:58.098 -----------------------------------------------------------------
[13736] 2020/09/23 14:42:07.209 Login ID: R121015220
[13736] 2020/09/23 14:42:07.209 Version¡G2.13.16
[13736] 2020/09/23 14:42:07.552 Login Code: 0
[13736] 2020/09/23 14:43:38.628 -----------------------------------------------------------------
[10620] 2020/09/23 17:14:10.276 Login ID: R121015220
[10620] 2020/09/23 17:14:10.276 Version¡G2.13.16
[10620] 2020/09/23 17:14:10.631 Login Code: 0
[10620] 2020/09/23 17:14:19.652 -----------------------------------------------------------------
[35176] 2020/09/23 22:41:26.973 Login ID: R121015220
[35176] 2020/09/23 22:41:26.973 Version¡G2.13.16
[35176] 2020/09/23 22:41:27.775 Login Code: 0
[35176] 2020/09/23 22:48:35.304 -----------------------------------------------------------------
[33528] 2020/09/23 23:21:37.152 Login ID: R121015220
[33528] 2020/09/23 23:21:37.153 Version¡G2.13.16
[33528] 2020/09/23 23:21:38.143 Login Code: 0
[33484] 2020/09/23 23:24:29.225 Login ID: R121015220
[33484] 2020/09/23 23:24:29.226 Version¡G2.13.16
[33484] 2020/09/23 23:24:30.131 Login Code: 0
[31192] 2020/09/23 23:25:15.635 Login ID: R121015220
[31192] 2020/09/23 23:25:15.635 Version¡G2.13.16
[31192] 2020/09/23 23:25:16.484 Login Code: 0
[30648] 2020/09/23 23:29:20.989 Login ID: R121015220
[30648] 2020/09/23 23:29:20.990 Version¡G2.13.16
[30648] 2020/09/23 23:29:21.589 Login Code: 0
[30648] 2020/09/23 23:29:23.675 -----------------------------------------------------------------
[2088] 2020/09/23 23:29:40.658 Login ID: R121015220
[2088] 2020/09/23 23:29:40.658 Version¡G2.13.16
[2088] 2020/09/23 23:29:41.389 Login Code: 0
[23820] 2020/09/23 23:44:05.158 Login ID: R121015220
[23820] 2020/09/23 23:44:05.160 Version¡G2.13.16
[23820] 2020/09/23 23:44:06.711 Login Code: 0
[23820] 2020/09/23 23:48:05.337 -----------------------------------------------------------------
[21196] 2020/09/23 23:48:15.725 Login ID: R121015220
[21196] 2020/09/23 23:48:15.726 Version¡G2.13.16
[21196] 2020/09/23 23:48:16.525 Login Code: 0
[21196] 2020/09/23 23:48:21.499 -----------------------------------------------------------------
[10968] 2020/09/24 17:21:02.070 Login ID: R121015220
[10968] 2020/09/24 17:21:02.071 Version¡G2.13.16
[10968] 2020/09/24 17:21:02.407 Login Code: 0
[10968] 2020/09/24 17:21:21.273 -----------------------------------------------------------------
[2088] 2020/09/28 10:21:57.237 Login ID: R121015220
[2088] 2020/09/28 10:21:57.237 Version¡G2.13.16
[2088] 2020/09/28 10:21:57.249 Login Code: 999
[2088] 2020/09/28 10:21:57.254 Login Code: 999
[2088] 2020/09/28 10:22:14.008 -----------------------------------------------------------------
[16404] 2020/09/28 13:03:18.466 Login ID: R121015220
[16404] 2020/09/28 13:03:18.466 Version¡G2.13.16
[16404] 2020/09/28 13:03:18.750 Login Code: 0
[16404] 2020/09/28 13:04:48.332 -----------------------------------------------------------------
[10920] 2020/09/28 17:11:16.077 Login ID: R121015220
[10920] 2020/09/28 17:11:16.077 Version¡G2.13.16
[10920] 2020/09/28 17:11:16.387 Login Code: 0
[10920] 2020/09/28 17:12:15.198 -----------------------------------------------------------------
[14360] 2020/09/28 17:13:50.001 Login ID: R121015220
[14360] 2020/09/28 17:13:50.001 Version¡G2.13.16
[14360] 2020/09/28 17:13:50.552 Login Code: 0
[14360] 2020/09/28 17:14:30.433 -----------------------------------------------------------------
[22356] 2020/09/29 09:22:58.436 Login ID: R121015220
[22356] 2020/09/29 09:22:58.436 Version¡G2.13.16
[22356] 2020/09/29 09:23:00.456 Login Code: 0
[22356] 2020/09/29 09:23:23.954 -----------------------------------------------------------------
[7936] 2020/09/29 09:26:44.145 Login ID: R121015220
[7936] 2020/09/29 09:26:44.145 Version¡G2.13.16
[7936] 2020/09/29 09:26:44.502 Login Code: 0
[7936] 2020/09/29 13:48:26.505 -----------------------------------------------------------------
[1424] 2020/09/30 13:05:07.875 Login ID: R121015220
[1424] 2020/09/30 13:05:07.875 Version¡G2.13.16
[1424] 2020/09/30 13:05:08.179 Login Code: 0
[1424] 2020/09/30 13:08:27.605 -----------------------------------------------------------------
[20640] 2020/09/30 14:38:14.372 Login ID: R121015220
[20640] 2020/09/30 14:38:14.372 Version¡G2.13.16
[20640] 2020/09/30 14:38:14.637 Login Code: 0
[20640] 2020/09/30 14:40:31.459 -----------------------------------------------------------------
[12596] 2020/09/30 14:40:32.768 Login ID: R121015220
[12596] 2020/09/30 14:40:32.768 Version¡G2.13.16
[12596] 2020/09/30 14:40:33.045 Login Code: 0
[12596] 2020/09/30 14:40:48.521 -----------------------------------------------------------------
[11584] 2020/09/30 14:40:49.826 Login ID: R121015220
[11584] 2020/09/30 14:40:49.827 Version¡G2.13.16
[11584] 2020/09/30 14:40:50.114 Login Code: 0
[11584] 2020/09/30 14:42:02.892 -----------------------------------------------------------------
[8324] 2020/09/30 22:10:25.920 Login ID: R121015220
[8324] 2020/09/30 22:10:25.921 Version¡G2.13.16
[8324] 2020/09/30 22:10:26.168 Login Code: 0
[8324] 2020/09/30 22:12:01.971 -----------------------------------------------------------------
[644] 2020/10/02 01:17:47.887 Login ID: R121015220
[644] 2020/10/02 01:17:47.887 Version¡G2.13.16
[644] 2020/10/02 01:17:48.119 Login Code: 0
[644] 2020/10/02 01:21:34.458 -----------------------------------------------------------------
[20180] 2020/10/02 01:25:42.258 Login ID: R121015220
[20180] 2020/10/02 01:25:42.259 Version¡G2.13.16
[20180] 2020/10/02 01:25:42.487 Login Code: 0
[20180] 2020/10/02 01:25:45.051 -----------------------------------------------------------------
[19376] 2020/10/02 01:25:59.716 Login ID: R121015220
[19376] 2020/10/02 01:25:59.716 Version¡G2.13.16
[19376] 2020/10/02 01:25:59.927 Login Code: 0
[19376] 2020/10/02 01:32:05.083 -----------------------------------------------------------------
[12820] 2020/10/02 01:32:17.629 Login ID: R121015220
[12820] 2020/10/02 01:32:17.630 Version¡G2.13.16
[12820] 2020/10/02 01:32:17.868 Login Code: 0
[18220] 2020/10/02 01:37:47.268 Login ID: R121015220
[18220] 2020/10/02 01:37:47.268 Version¡G2.13.16
[18220] 2020/10/02 01:37:47.499 Login Code: 0
[19248] 2020/10/02 01:48:35.576 Login ID: R121015220
[19248] 2020/10/02 01:48:35.577 Version¡G2.13.16
[19248] 2020/10/02 01:48:35.801 Login Code: 0
[22072] 2020/10/02 01:49:18.105 Login ID: R121015220
[22072] 2020/10/02 01:49:18.106 Version¡G2.13.16
[22072] 2020/10/02 01:49:18.332 Login Code: 0
[22072] 2020/10/02 01:49:51.246 -----------------------------------------------------------------
[22204] 2020/10/02 01:52:12.805 Login ID: R121015220
[22204] 2020/10/02 01:52:12.805 Version¡G2.13.16
[22204] 2020/10/02 01:52:13.033 Login Code: 0
[22204] 2020/10/02 01:52:50.613 -----------------------------------------------------------------
[19956] 2020/10/02 01:52:54.953 Login ID: R121015220
[19956] 2020/10/02 01:52:54.953 Version¡G2.13.16
[19956] 2020/10/02 01:52:55.186 Login Code: 0
[19956] 2020/10/02 01:53:01.186 -----------------------------------------------------------------
[12960] 2020/10/02 01:53:02.521 Login ID: R121015220
[12960] 2020/10/02 01:53:02.521 Version¡G2.13.16
[12960] 2020/10/02 01:53:02.716 Login Code: 0
[12960] 2020/10/02 01:58:05.929 -----------------------------------------------------------------
[6252] 2020/10/02 01:58:48.555 Login ID: R121015220
[6252] 2020/10/02 01:58:48.555 Version¡G2.13.16
[6252] 2020/10/02 01:58:48.781 Login Code: 0
[6252] 2020/10/02 01:59:55.953 -----------------------------------------------------------------
[15060] 2020/10/02 02:21:57.139 Login ID: R121015220
[15060] 2020/10/02 02:21:57.140 Version¡G2.13.16
[15060] 2020/10/02 02:21:57.382 Login Code: 0
[15060] 2020/10/02 02:22:10.395 -----------------------------------------------------------------
[13616] 2020/10/02 09:40:04.516 Login ID: R121015220
[13616] 2020/10/02 09:40:04.616 Version¡G2.13.16
[13616] 2020/10/02 09:40:04.859 Login Code: 0
[15088] 2020/10/02 09:40:49.382 Login ID: R121015220
[15088] 2020/10/02 09:40:49.382 Version¡G2.13.16
[15088] 2020/10/02 09:40:49.611 Login Code: 0
[15088] 2020/10/02 09:43:40.687 -----------------------------------------------------------------
[10332] 2020/10/02 09:44:28.958 Login ID: R121015220
[10332] 2020/10/02 09:44:28.958 Version¡G2.13.16
[10332] 2020/10/02 09:44:29.171 Login Code: 0
[10332] 2020/10/02 09:44:30.987 -----------------------------------------------------------------
[12536] 2020/10/02 09:44:37.546 Login ID: R121015220
[12536] 2020/10/02 09:44:37.546 Version¡G2.13.16
[12536] 2020/10/02 09:44:37.727 Login Code: 0
[16304] 2020/10/02 10:54:48.492 Login ID: R121015220
[16304] 2020/10/02 10:54:48.492 Version¡G2.13.16
[16304] 2020/10/02 10:54:48.734 Login Code: 0
[1668] 2020/10/06 10:51:01.304 Login ID: R121015220
[1668] 2020/10/06 10:51:01.305 Version¡G2.13.16
[1668] 2020/10/06 10:51:01.742 Login Code: 0
[1668] 2020/10/06 10:52:07.269 -----------------------------------------------------------------
[13740] 2020/10/06 10:58:35.598 Login ID: R121015220
[13740] 2020/10/06 10:58:35.598 Version¡G2.13.16
[13740] 2020/10/06 10:58:36.052 Login Code: 0
[13740] 2020/10/06 10:59:42.297 -----------------------------------------------------------------
[20816] 2020/10/06 11:01:39.087 Login ID: R121015220
[20816] 2020/10/06 11:01:39.087 Version¡G2.13.16
[20816] 2020/10/06 11:01:39.556 Login Code: 0
[20816] 2020/10/06 11:02:25.673 -----------------------------------------------------------------
[11772] 2020/10/06 11:03:25.571 Login ID: R121015220
[11772] 2020/10/06 11:03:25.571 Version¡G2.13.16
[11772] 2020/10/06 11:03:26.648 Login Code: 0
[11772] 2020/10/06 11:12:08.872 -----------------------------------------------------------------
[7968] 2020/10/06 15:53:57.000 Login ID: R121015220
[7968] 2020/10/06 15:53:57.001 Version¡G2.13.16
[7968] 2020/10/06 15:53:57.400 Login Code: 0
[10580] 2020/10/07 00:18:14.800 Login ID: R121015220
[10580] 2020/10/07 00:18:14.800 Version¡G2.13.16
[10580] 2020/10/07 00:18:15.232 Login Code: 0
[10580] 2020/10/07 00:25:01.561 -----------------------------------------------------------------
[15792] 2020/10/07 00:25:02.818 Login ID: R121015220
[15792] 2020/10/07 00:25:02.818 Version¡G2.13.16
[15792] 2020/10/07 00:25:03.133 Login Code: 0
[15792] 2020/10/07 00:47:26.627 -----------------------------------------------------------------
[21012] 2020/10/07 13:13:22.291 Login ID: R121015220
[21012] 2020/10/07 13:13:22.291 Version¡G2.13.16
[21012] 2020/10/07 13:13:22.840 Login Code: 0
[21012] 2020/10/07 13:30:25.462 -----------------------------------------------------------------
[16536] 2020/10/07 13:30:57.341 Login ID: R121015220
[16536] 2020/10/07 13:30:57.341 Version¡G2.13.16
[16536] 2020/10/07 13:30:57.860 Login Code: 0
[19736] 2020/10/07 13:33:37.563 Login ID: R121015220
[19736] 2020/10/07 13:33:37.563 Version¡G2.13.16
[19736] 2020/10/07 13:33:37.940 Login Code: 0
[19736] 2020/10/07 13:37:13.774 -----------------------------------------------------------------
[13644] 2020/10/07 13:41:28.441 Login ID: R121015220
[13644] 2020/10/07 13:41:28.441 Version¡G2.13.16
[13644] 2020/10/07 13:41:28.938 Login Code: 0
[13644] 2020/10/07 13:42:03.506 -----------------------------------------------------------------
[20956] 2020/10/07 13:42:17.853 Login ID: R121015220
[20956] 2020/10/07 13:42:17.853 Version¡G2.13.16
[20956] 2020/10/07 13:42:18.339 Login Code: 0
[20956] 2020/10/07 13:43:02.810 -----------------------------------------------------------------
[3452] 2020/10/07 13:43:38.944 Login ID: R121015220
[3452] 2020/10/07 13:43:38.944 Version¡G2.13.16
[3452] 2020/10/07 13:43:39.503 Login Code: 0
[3452] 2020/10/07 13:44:13.081 -----------------------------------------------------------------
[19180] 2020/10/07 13:44:21.355 Login ID: R121015220
[19180] 2020/10/07 13:44:21.355 Version¡G2.13.16
[19180] 2020/10/07 13:44:21.834 Login Code: 0
[19180] 2020/10/07 13:44:53.825 -----------------------------------------------------------------
[12012] 2020/10/07 13:45:11.043 Login ID: R121015220
[12012] 2020/10/07 13:45:11.043 Version¡G2.13.16
[12012] 2020/10/07 13:45:11.560 Login Code: 0
[12012] 2020/10/07 13:45:58.587 -----------------------------------------------------------------
[12508] 2020/10/07 13:46:54.958 Login ID: R121015220
[12508] 2020/10/07 13:46:54.958 Version¡G2.13.16
[12508] 2020/10/07 13:46:56.563 Login Code: 0
[12508] 2020/10/07 13:47:08.102 -----------------------------------------------------------------
[7612] 2020/10/07 13:47:24.712 Login ID: R121015220
[7612] 2020/10/07 13:47:24.712 Version¡G2.13.16
[7612] 2020/10/07 13:47:26.265 Login Code: 0
[7612] 2020/10/07 13:48:09.072 -----------------------------------------------------------------
[168] 2020/10/07 15:28:43.708 Login ID: R121015220
[168] 2020/10/07 15:28:43.731 Version¡G2.13.16
[168] 2020/10/07 15:28:44.552 Login Code: 0
[168] 2020/10/07 15:29:32.600 -----------------------------------------------------------------
[13300] 2020/10/07 15:29:33.717 Login ID: R121015220
[13300] 2020/10/07 15:29:33.717 Version¡G2.13.16
[13300] 2020/10/07 15:29:34.178 Login Code: 0
[14032] 2020/10/07 16:26:04.356 Login ID: R121015220
[14032] 2020/10/07 16:26:04.356 Version¡G2.13.16
[14032] 2020/10/07 16:26:04.805 Login Code: 0
[11568] 2020/10/07 16:36:07.672 Login ID: R121015220
[11568] 2020/10/07 16:36:07.673 Version¡G2.13.16
[11568] 2020/10/07 16:36:08.117 Login Code: 0
[11568] 2020/10/07 16:36:29.753 -----------------------------------------------------------------
[18364] 2020/10/07 16:37:32.062 Login ID: R121015220
[18364] 2020/10/07 16:37:32.062 Version¡G2.13.16
[18364] 2020/10/07 16:37:32.569 Login Code: 0
[20516] 2020/10/07 16:40:10.347 Login ID: R121015220
[20516] 2020/10/07 16:40:10.348 Version¡G2.13.16
[20516] 2020/10/07 16:40:10.718 Login Code: 0
[20516] 2020/10/07 16:42:11.174 -----------------------------------------------------------------
[11560] 2020/10/08 15:34:52.571 Login ID: R121015220
[11560] 2020/10/08 15:34:52.572 Version¡G2.13.16
[11560] 2020/10/08 15:34:52.898 Login Code: 0
[11560] 2020/10/08 15:45:06.451 -----------------------------------------------------------------
[5252] 2020/10/08 17:12:13.018 Login ID: R121015220
[5252] 2020/10/08 17:12:13.018 Version¡G2.13.16
[5252] 2020/10/08 17:12:14.287 Login Code: 0
[5252] 2020/10/08 17:12:19.196 -----------------------------------------------------------------
[2888] 2020/10/12 08:04:17.294 Login ID: R121015220
[2888] 2020/10/12 08:04:17.294 Version¡G2.13.16
[2888] 2020/10/12 08:04:17.897 Login Code: 0
[2888] 2020/10/12 08:04:19.969 -----------------------------------------------------------------
[18344] 2020/10/12 15:46:35.007 Login ID: R121015220
[18344] 2020/10/12 15:46:35.017 Version¡G2.13.16
[18344] 2020/10/12 15:46:35.326 Login Code: 0
[18344] 2020/10/12 15:47:03.294 -----------------------------------------------------------------
[17840] 2020/10/12 15:47:04.391 Login ID: R121015220
[17840] 2020/10/12 15:47:04.391 Version¡G2.13.16
[17840] 2020/10/12 15:47:04.676 Login Code: 0
[17840] 2020/10/12 15:47:15.316 -----------------------------------------------------------------
[14572] 2020/10/12 15:47:16.371 Login ID: R121015220
[14572] 2020/10/12 15:47:16.371 Version¡G2.13.16
[14572] 2020/10/12 15:47:16.675 Login Code: 0
[14572] 2020/10/12 16:36:31.310 -----------------------------------------------------------------
[3704] 2020/10/13 16:49:36.180 Login ID: R121015220
[3704] 2020/10/13 16:49:36.180 Version¡G2.13.16
[3704] 2020/10/13 16:49:36.750 Login Code: 0
[15512] 2020/10/14 15:37:36.619 Login ID: R121015220
[15512] 2020/10/14 15:37:36.619 Version¡G2.13.16
[15512] 2020/10/14 15:37:37.003 Login Code: 0
[15512] 2020/10/14 16:47:59.273 -----------------------------------------------------------------
[9072] 2020/10/15 09:37:50.524 Login ID: R121015220
[9072] 2020/10/15 09:37:50.525 Version¡G2.13.16
[9072] 2020/10/15 09:37:50.837 Login Code: 0
[4432] 2020/10/15 10:57:30.055 Login ID: R121015220
[4432] 2020/10/15 10:57:30.055 Version¡G2.13.16
[4432] 2020/10/15 10:57:30.374 Login Code: 0
[14948] 2020/10/15 11:05:08.425 Login ID: R121015220
[14948] 2020/10/15 11:05:08.425 Version¡G2.13.16
[14948] 2020/10/15 11:05:08.742 Login Code: 0
[14948] 2020/10/15 11:48:41.573 -----------------------------------------------------------------
[4220] 2020/10/15 11:49:23.978 Login ID: R121015220
[4220] 2020/10/15 11:49:23.978 Version¡G2.13.16
[4220] 2020/10/15 11:49:24.268 Login Code: 0
[4220] 2020/10/15 11:49:26.348 -----------------------------------------------------------------
[4352] 2020/10/15 13:01:18.321 Login ID: R121015220
[4352] 2020/10/15 13:01:18.322 Version¡G2.13.16
[4352] 2020/10/15 13:01:18.623 Login Code: 0
[13712] 2020/10/15 15:30:50.199 Login ID: R121015220
[13712] 2020/10/15 15:30:50.200 Version¡G2.13.16
[13712] 2020/10/15 15:30:50.527 Login Code: 0
[17928] 2020/10/16 16:35:33.915 Login ID: R121015220
[17928] 2020/10/16 16:35:33.915 Version¡G2.13.16
[17928] 2020/10/16 16:35:34.857 Login Code: 0
[17928] 2020/10/16 16:36:35.308 -----------------------------------------------------------------
[16048] 2020/10/16 20:53:19.538 Login ID: R121015220
[16048] 2020/10/16 20:53:19.538 Version¡G2.13.16
[16048] 2020/10/16 20:53:20.229 Login Code: 0
[16048] 2020/10/16 20:53:21.277 -----------------------------------------------------------------
[5292] 2020/10/16 21:25:55.938 Login ID: R121015220
[5292] 2020/10/16 21:25:55.939 Version¡G2.13.16
[5292] 2020/10/16 21:25:56.450 Login Code: 0
[5292] 2020/10/16 23:06:25.004 -----------------------------------------------------------------
[4872] 2020/10/17 13:12:55.314 Login ID: R121015220
[4872] 2020/10/17 13:12:55.314 Version¡G2.13.16
[4872] 2020/10/17 13:12:55.867 Login Code: 0
[4872] 2020/10/17 13:12:58.016 -----------------------------------------------------------------
[17792] 2020/10/17 20:16:02.170 Login ID: R121015220
[17792] 2020/10/17 20:16:02.186 Version¡G2.13.16
[17792] 2020/10/17 20:16:02.648 Login Code: 0
[17792] 2020/10/17 20:16:07.822 -----------------------------------------------------------------
[16624] 2020/10/17 20:34:58.391 Login ID: R121015220
[16624] 2020/10/17 20:34:58.391 Version¡G2.13.16
[16624] 2020/10/17 20:34:58.847 Login Code: 0
[1792] 2020/10/17 20:36:54.580 Login ID: R121015220
[1792] 2020/10/17 20:36:54.580 Version¡G2.13.16
[1792] 2020/10/17 20:36:55.033 Login Code: 0
[11940] 2020/10/17 20:38:49.937 Login ID: R121015220
[11940] 2020/10/17 20:38:49.937 Version¡G2.13.16
[11940] 2020/10/17 20:38:50.440 Login Code: 0
[8620] 2020/10/18 00:34:51.159 Login ID: R121015220
[8620] 2020/10/18 00:34:51.159 Version¡G2.13.16
[8620] 2020/10/18 00:34:51.677 Login Code: 0
[8620] 2020/10/18 00:35:20.663 -----------------------------------------------------------------
[20816] 2020/10/18 00:35:58.439 Login ID: R121015220
[20816] 2020/10/18 00:35:58.439 Version¡G2.13.16
[20816] 2020/10/18 00:35:58.874 Login Code: 0
[20816] 2020/10/18 00:37:08.663 -----------------------------------------------------------------
[15888] 2020/10/18 00:37:22.697 Login ID: R121015220
[15888] 2020/10/18 00:37:22.698 Version¡G2.13.16
[15888] 2020/10/18 00:37:23.408 Login Code: 0
[15888] 2020/10/18 00:38:33.285 -----------------------------------------------------------------
[18896] 2020/10/18 00:43:36.384 Login ID: R121015220
[18896] 2020/10/18 00:43:36.384 Version¡G2.13.16
[18896] 2020/10/18 00:43:37.164 Login Code: 0
[18904] 2020/10/18 00:45:44.620 Login ID: R121015220
[18904] 2020/10/18 00:45:44.620 Version¡G2.13.16
[18904] 2020/10/18 00:45:45.055 Login Code: 0
[18904] 2020/10/18 00:48:08.804 -----------------------------------------------------------------
[13840] 2020/10/19 09:52:32.167 Login ID: R121015220
[13840] 2020/10/19 09:52:32.168 Version¡G2.13.16
[13840] 2020/10/19 09:52:32.783 Login Code: 0
[14200] 2020/10/19 09:53:57.801 Login ID: R121015220
[14200] 2020/10/19 09:53:57.801 Version¡G2.13.16
[14200] 2020/10/19 09:53:58.067 Login Code: 0
[14200] 2020/10/19 09:54:36.961 -----------------------------------------------------------------
[1816] 2020/10/19 09:55:21.937 Login ID: R121015220
[1816] 2020/10/19 09:55:21.937 Version¡G2.13.16
[1816] 2020/10/19 09:55:22.318 Login Code: 0
[8200] 2020/10/19 09:57:51.036 Login ID: R121015220
[8200] 2020/10/19 09:57:51.037 Version¡G2.13.16
[8200] 2020/10/19 09:57:51.403 Login Code: 0
[8200] 2020/10/19 09:58:43.745 -----------------------------------------------------------------
[6196] 2020/10/19 10:00:18.289 Login ID: R121015220
[6196] 2020/10/19 10:00:18.289 Version¡G2.13.16
[6196] 2020/10/19 10:00:18.618 Login Code: 0
[6196] 2020/10/19 10:00:40.013 -----------------------------------------------------------------
[17748] 2020/10/19 10:01:03.942 Login ID: R121015220
[17748] 2020/10/19 10:01:03.942 Version¡G2.13.16
[17748] 2020/10/19 10:01:04.303 Login Code: 0
[17748] 2020/10/19 10:03:02.069 -----------------------------------------------------------------
[16416] 2020/10/19 10:03:15.669 Login ID: R121015220
[16416] 2020/10/19 10:03:15.670 Version¡G2.13.16
[16416] 2020/10/19 10:03:15.978 Login Code: 0
[16416] 2020/10/19 10:04:39.303 -----------------------------------------------------------------
[2288] 2020/10/19 10:07:56.526 Login ID: R121015220
[2288] 2020/10/19 10:07:56.527 Version¡G2.13.16
[2288] 2020/10/19 10:07:56.914 Login Code: 0
[2288] 2020/10/19 10:17:53.683 -----------------------------------------------------------------
[2028] 2020/10/19 10:19:03.650 Login ID: R121015220
[2028] 2020/10/19 10:19:03.651 Version¡G2.13.16
[2028] 2020/10/19 10:19:03.983 Login Code: 0
[2028] 2020/10/19 10:19:05.565 -----------------------------------------------------------------
[18304] 2020/10/19 10:19:25.525 Login ID: R121015220
[18304] 2020/10/19 10:19:25.525 Version¡G2.13.16
[18304] 2020/10/19 10:19:25.789 Login Code: 0
[18304] 2020/10/19 10:19:27.634 -----------------------------------------------------------------
[1632] 2020/10/19 10:19:32.051 Login ID: R121015220
[1632] 2020/10/19 10:19:32.051 Version¡G2.13.16
[1632] 2020/10/19 10:19:32.543 Login Code: 0
[1632] 2020/10/19 10:20:51.792 -----------------------------------------------------------------
[21448] 2020/10/19 10:21:00.907 Login ID: R121015220
[21448] 2020/10/19 10:21:00.907 Version¡G2.13.16
[21448] 2020/10/19 10:21:01.431 Login Code: 0
[21448] 2020/10/19 10:21:03.876 -----------------------------------------------------------------
[18092] 2020/10/19 10:21:21.583 Login ID: R121015220
[18092] 2020/10/19 10:21:21.583 Version¡G2.13.16
[18092] 2020/10/19 10:21:21.911 Login Code: 0
[18092] 2020/10/19 10:21:41.635 -----------------------------------------------------------------
[1936] 2020/10/19 10:24:47.811 Login ID: R121015220
[1936] 2020/10/19 10:24:47.812 Version¡G2.13.16
[1936] 2020/10/19 10:24:48.147 Login Code: 0
[17632] 2020/10/19 10:26:27.033 Login ID: R121015220
[17632] 2020/10/19 10:26:27.033 Version¡G2.13.16
[17632] 2020/10/19 10:26:27.339 Login Code: 0
[17632] 2020/10/19 10:28:10.731 -----------------------------------------------------------------
[10424] 2020/10/19 10:30:19.325 Login ID: R121015220
[10424] 2020/10/19 10:30:19.325 Version¡G2.13.16
[10424] 2020/10/19 10:30:19.672 Login Code: 0
[10424] 2020/10/19 10:33:10.470 -----------------------------------------------------------------
[13788] 2020/10/19 10:33:57.871 Login ID: R121015220
[13788] 2020/10/19 10:33:57.872 Version¡G2.13.16
[13788] 2020/10/19 10:33:58.262 Login Code: 0
[16188] 2020/10/19 10:35:08.330 Login ID: R121015220
[16188] 2020/10/19 10:35:08.330 Version¡G2.13.16
[16188] 2020/10/19 10:35:08.618 Login Code: 0
[16188] 2020/10/19 10:35:27.049 -----------------------------------------------------------------
[17496] 2020/10/19 10:36:18.693 Login ID: R121015220
[17496] 2020/10/19 10:36:18.693 Version¡G2.13.16
[17496] 2020/10/19 10:36:19.012 Login Code: 0
[17496] 2020/10/19 10:36:37.682 -----------------------------------------------------------------
[15692] 2020/10/19 10:36:42.917 Login ID: R121015220
[15692] 2020/10/19 10:36:42.917 Version¡G2.13.16
[15692] 2020/10/19 10:36:43.230 Login Code: 0
[15692] 2020/10/19 10:38:16.408 -----------------------------------------------------------------
[4996] 2020/10/19 10:39:42.127 Login ID: R121015220
[4996] 2020/10/19 10:39:42.127 Version¡G2.13.16
[4996] 2020/10/19 10:39:42.435 Login Code: 0
[4996] 2020/10/19 10:40:27.470 -----------------------------------------------------------------
[19572] 2020/10/19 10:44:44.551 Login ID: R121015220
[19572] 2020/10/19 10:44:44.552 Version¡G2.13.16
[19572] 2020/10/19 10:44:44.901 Login Code: 0
[19148] 2020/10/19 10:52:45.667 Login ID: R121015220
[19148] 2020/10/19 10:52:45.667 Version¡G2.13.16
[19148] 2020/10/19 10:52:45.985 Login Code: 0
[11684] 2020/10/19 10:58:20.884 Login ID: R121015220
[11684] 2020/10/19 10:58:20.884 Version¡G2.13.16
[11684] 2020/10/19 10:58:21.269 Login Code: 0
[17388] 2020/10/19 11:08:54.959 Login ID: R121015220
[17388] 2020/10/19 11:08:54.960 Version¡G2.13.16
[17388] 2020/10/19 11:08:55.366 Login Code: 0
[1192] 2020/10/19 11:11:15.478 Login ID: R121015220
[1192] 2020/10/19 11:11:15.478 Version¡G2.13.16
[1192] 2020/10/19 11:11:15.762 Login Code: 0
[19400] 2020/10/19 11:16:29.077 Login ID: R121015220
[19400] 2020/10/19 11:16:29.078 Version¡G2.13.16
[19400] 2020/10/19 11:16:29.426 Login Code: 0
[19400] 2020/10/19 11:16:31.472 -----------------------------------------------------------------
[11240] 2020/10/19 11:17:07.312 Login ID: R121015220
[11240] 2020/10/19 11:17:07.312 Version¡G2.13.16
[11240] 2020/10/19 11:17:07.679 Login Code: 0
[17188] 2020/10/19 11:24:46.784 Login ID: R121015220
[17188] 2020/10/19 11:24:46.784 Version¡G2.13.16
[17188] 2020/10/19 11:24:47.139 Login Code: 0
[21868] 2020/10/19 11:52:25.682 Login ID: R121015220
[21868] 2020/10/19 11:52:25.683 Version¡G2.13.16
[21868] 2020/10/19 11:52:26.014 Login Code: 0
[21868] 2020/10/19 13:07:08.161 -----------------------------------------------------------------
[19888] 2020/10/19 13:11:25.166 Login ID: R121015220
[19888] 2020/10/19 13:11:25.166 Version¡G2.13.16
[19888] 2020/10/19 13:11:25.460 Login Code: 0
[11556] 2020/10/19 13:11:52.657 Login ID: R121015220
[11556] 2020/10/19 13:11:52.657 Version¡G2.13.16
[11556] 2020/10/19 13:11:52.983 Login Code: 0
[11556] 2020/10/19 13:38:34.948 -----------------------------------------------------------------
[15632] 2020/10/19 13:45:58.814 Login ID: R121015220
[15632] 2020/10/19 13:45:58.814 Version¡G2.13.16
[15632] 2020/10/19 13:45:59.160 Login Code: 0
[15632] 2020/10/19 14:29:25.384 -----------------------------------------------------------------
[14668] 2020/10/19 14:36:20.068 Login ID: R121015220
[14668] 2020/10/19 14:36:20.068 Version¡G2.13.16
[14668] 2020/10/19 14:36:20.432 Login Code: 0
[14668] 2020/10/19 14:36:37.671 -----------------------------------------------------------------
[5404] 2020/10/19 14:57:46.575 Login ID: R121015220
[5404] 2020/10/19 14:57:46.575 Version¡G2.13.16
[5404] 2020/10/19 14:57:46.955 Login Code: 0
[5404] 2020/10/19 15:10:01.581 -----------------------------------------------------------------
[17524] 2020/10/19 15:14:55.782 Login ID: R121015220
[17524] 2020/10/19 15:14:55.782 Version¡G2.13.16
[17524] 2020/10/19 15:14:56.117 Login Code: 0
[17524] 2020/10/19 17:21:44.405 -----------------------------------------------------------------
[6728] 2020/10/19 18:21:23.508 Login ID: R121015220
[6728] 2020/10/19 18:21:23.508 Version¡G2.13.16
[6728] 2020/10/19 18:21:23.818 Login Code: 0
[6728] 2020/10/19 18:51:29.896 -----------------------------------------------------------------
[13048] 2020/10/20 08:04:14.213 Login ID: R121015220
[13048] 2020/10/20 08:04:14.213 Version¡G2.13.16
[13048] 2020/10/20 08:04:14.224 Login Code: 999
[13048] 2020/10/20 08:04:14.229 Login Code: 999
[13048] 2020/10/20 08:04:24.943 -----------------------------------------------------------------
[1436] 2020/10/20 08:04:46.317 Login ID: R121015220
[1436] 2020/10/20 08:04:46.317 Version¡G2.13.16
[1436] 2020/10/20 08:04:46.745 Login Code: 0
[1436] 2020/10/20 08:05:42.304 -----------------------------------------------------------------
[21636] 2020/10/20 08:05:43.421 Login ID: R121015220
[21636] 2020/10/20 08:05:43.421 Version¡G2.13.16
[21636] 2020/10/20 08:05:47.113 Login Code: 0
[21636] 2020/10/20 08:54:32.123 -----------------------------------------------------------------
[17568] 2020/10/20 09:48:01.812 Login ID: R121015220
[17568] 2020/10/20 09:48:01.812 Version¡G2.13.16
[17568] 2020/10/20 09:48:02.128 Login Code: 0
[8792] 2020/10/20 12:56:11.066 Login ID: R121015220
[8792] 2020/10/20 12:56:11.067 Version¡G2.13.16
[8792] 2020/10/20 12:56:11.366 Login Code: 0
[13004] 2020/10/20 17:24:55.728 Login ID: R121015220
[13004] 2020/10/20 17:24:55.728 Version¡G2.13.16
[13004] 2020/10/20 17:24:56.057 Login Code: 0
[1652] 2020/10/21 10:14:56.670 Login ID: R121015220
[1652] 2020/10/21 10:14:56.670 Version¡G2.13.16
[1652] 2020/10/21 10:14:57.174 Login Code: 0
[13448] 2020/10/21 13:10:43.749 Login ID: R121015220
[13448] 2020/10/21 13:10:43.777 Version¡G2.13.16
[13448] 2020/10/21 13:10:44.180 Login Code: 0
[18900] 2020/10/21 14:41:03.489 Login ID: R121015220
[18900] 2020/10/21 14:41:03.490 Version¡G2.13.16
[18900] 2020/10/21 14:41:03.799 Login Code: 0
[18900] 2020/10/21 15:24:52.165 -----------------------------------------------------------------
[23076] 2020/10/21 17:05:33.125 Login ID: R121015220
[23076] 2020/10/21 17:05:33.221 Version¡G2.13.16
[23076] 2020/10/21 17:05:33.515 Login Code: 0
[21136] 2020/10/22 10:47:41.184 Login ID: R121015220
[21136] 2020/10/22 10:47:41.184 Version¡G2.13.16
[21136] 2020/10/22 10:47:41.485 Login Code: 0
[20324] 2020/10/22 14:13:42.339 Login ID: R121015220
[20324] 2020/10/22 14:13:42.340 Version¡G2.13.16
[20324] 2020/10/22 14:13:42.659 Login Code: 0
[20324] 2020/10/22 14:20:12.560 -----------------------------------------------------------------
[1940] 2020/10/22 17:05:48.129 Login ID: R121015220
[1940] 2020/10/22 17:05:48.129 Version¡G2.13.16
[1940] 2020/10/22 17:05:48.451 Login Code: 0
[15540] 2020/10/23 10:24:53.845 Login ID: R121015220
[15540] 2020/10/23 10:24:53.846 Version¡G2.13.16
[15540] 2020/10/23 10:24:54.288 Login Code: 0
[15424] 2020/10/23 16:49:39.023 Login ID: R121015220
[15424] 2020/10/23 16:49:39.023 Version¡G2.13.16
[15424] 2020/10/23 16:49:39.568 Login Code: 0
[15424] 2020/10/23 17:05:47.008 -----------------------------------------------------------------
[15840] 2020/10/26 10:04:49.674 Login ID: R121015220
[15840] 2020/10/26 10:04:49.674 Version¡G2.13.16
[15840] 2020/10/26 10:04:50.276 Login Code: 0
[15840] 2020/10/26 10:20:52.043 -----------------------------------------------------------------
[7072] 2020/10/26 10:38:22.358 Login ID: R121015220
[7072] 2020/10/26 10:38:22.358 Version¡G2.13.16
[7072] 2020/10/26 10:38:23.430 Login Code: 0
[7072] 2020/10/26 11:04:49.516 -----------------------------------------------------------------
[2852] 2020/10/26 13:39:50.793 Login ID: R121015220
[2852] 2020/10/26 13:39:50.793 Version¡G2.13.16
[2852] 2020/10/26 13:39:51.275 Login Code: 0
[2852] 2020/10/26 14:37:56.051 -----------------------------------------------------------------
[11664] 2020/10/26 14:38:47.815 Login ID: R121015220
[11664] 2020/10/26 14:38:47.815 Version¡G2.13.16
[11664] 2020/10/26 14:38:48.187 Login Code: 0
[11664] 2020/10/26 14:39:02.708 -----------------------------------------------------------------
[6584] 2020/10/26 17:08:29.412 Login ID: R121015220
[6584] 2020/10/26 17:08:29.412 Version¡G2.13.16
[6584] 2020/10/26 17:08:29.759 Login Code: 0
[6584] 2020/10/26 20:30:48.138 -----------------------------------------------------------------
[3136] 2020/10/27 08:42:45.482 Login ID: R121015220
[3136] 2020/10/27 08:42:45.482 Version¡G2.13.16
[3136] 2020/10/27 08:42:46.101 Login Code: 0
[3136] 2020/10/27 08:43:28.862 -----------------------------------------------------------------
[17516] 2020/10/27 10:01:32.731 Login ID: R121015220
[17516] 2020/10/27 10:01:32.731 Version¡G2.13.16
[17516] 2020/10/27 10:01:33.534 Login Code: 0
[17516] 2020/10/27 15:29:55.378 -----------------------------------------------------------------
[21428] 2020/10/27 15:58:27.066 Login ID: R121015220
[21428] 2020/10/27 15:58:27.123 Version¡G2.13.16
[21428] 2020/10/27 15:58:28.070 Login Code: 0
[21428] 2020/10/27 16:30:46.649 -----------------------------------------------------------------
[20800] 2020/10/27 16:46:49.230 Login ID: R121015220
[20800] 2020/10/27 16:46:49.230 Version¡G2.13.16
[20800] 2020/10/27 16:46:49.703 Login Code: 0
[12940] 2020/10/28 11:53:22.107 Login ID: R121015220
[12940] 2020/10/28 11:53:22.107 Version¡G2.13.16
[12940] 2020/10/28 11:53:23.247 Login Code: 0
[12940] 2020/10/28 11:53:59.351 -----------------------------------------------------------------
[9860] 2020/10/28 16:54:28.911 Login ID: R121015220
[9860] 2020/10/28 16:54:28.912 Version¡G2.13.16
[9860] 2020/10/28 16:54:29.234 Login Code: 0
[13364] 2020/10/29 15:22:29.199 Login ID: R121015220
[13364] 2020/10/29 15:22:29.200 Version¡G2.13.16
[13364] 2020/10/29 15:22:29.890 Login Code: 0
[13364] 2020/10/29 15:25:56.236 -----------------------------------------------------------------
[12376] 2020/10/29 17:02:53.538 Login ID: R121015220
[12376] 2020/10/29 17:02:53.539 Version¡G2.13.16
[12376] 2020/10/29 17:02:53.841 Login Code: 0
[12376] 2020/10/29 18:09:40.192 -----------------------------------------------------------------
[18184] 2020/10/29 20:33:05.749 Login ID: R121015220
[18184] 2020/10/29 20:33:05.750 Version¡G2.13.16
[18184] 2020/10/29 20:33:06.132 Login Code: 0
[18184] 2020/10/29 20:34:45.943 -----------------------------------------------------------------
[17920] 2020/10/30 10:38:56.039 Login ID: R121015220
[17920] 2020/10/30 10:38:56.039 Version¡G2.13.16
[17920] 2020/10/30 10:38:56.364 Login Code: 0
[17920] 2020/10/30 10:42:07.507 -----------------------------------------------------------------
[18216] 2020/10/30 15:13:00.662 Login ID: R121015220
[18216] 2020/10/30 15:13:00.663 Version¡G2.13.16
[18216] 2020/10/30 15:13:01.026 Login Code: 0
[18216] 2020/10/30 15:13:18.380 -----------------------------------------------------------------
[12016] 2020/10/30 15:59:43.579 Login ID: R121015220
[12016] 2020/10/30 15:59:43.579 Version¡G2.13.16
[12016] 2020/10/30 15:59:43.917 Login Code: 0
[12016] 2020/10/30 16:22:55.915 -----------------------------------------------------------------
[14104] 2020/10/30 16:26:27.023 Login ID: R121015220
[14104] 2020/10/30 16:26:27.023 Version¡G2.13.16
[14104] 2020/10/30 16:26:27.380 Login Code: 0
[14104] 2020/10/30 16:28:30.597 -----------------------------------------------------------------
[9116] 2020/10/31 11:45:19.791 Login ID: R121015220
[9116] 2020/10/31 11:45:19.791 Version¡G2.13.16
[9116] 2020/10/31 11:45:20.245 Login Code: 0
[9116] 2020/10/31 11:46:12.357 -----------------------------------------------------------------
[14492] 2020/11/02 16:24:45.376 Login ID: R121015220
[14492] 2020/11/02 16:24:45.376 Version¡G2.13.16
[14492] 2020/11/02 16:24:45.750 Login Code: 0
[14492] 2020/11/02 17:16:58.408 -----------------------------------------------------------------
[21352] 2020/11/03 09:44:41.763 Login ID: R121015220
[21352] 2020/11/03 09:44:41.763 Version¡G2.13.16
[21352] 2020/11/03 09:44:42.415 Login Code: 0
[21352] 2020/11/03 09:44:44.516 -----------------------------------------------------------------
[15628] 2020/11/03 09:44:48.632 Login ID: R121015220
[15628] 2020/11/03 09:44:48.632 Version¡G2.13.16
[15628] 2020/11/03 09:44:48.921 Login Code: 0
[15628] 2020/11/03 09:44:51.963 -----------------------------------------------------------------
[17700] 2020/11/03 15:34:08.139 Login ID: R121015220
[17700] 2020/11/03 15:34:08.140 Version¡G2.13.16
[17700] 2020/11/03 15:34:08.485 Login Code: 0
[17700] 2020/11/03 15:35:03.674 -----------------------------------------------------------------
[10992] 2020/11/03 15:35:40.961 Login ID: R121015220
[10992] 2020/11/03 15:35:40.961 Version¡G2.13.16
[10992] 2020/11/03 15:35:41.318 Login Code: 0
[10992] 2020/11/03 15:42:06.176 -----------------------------------------------------------------
[18264] 2020/11/04 15:17:39.004 Login ID: R121015220
[18264] 2020/11/04 15:17:39.005 Version¡G2.13.16
[18264] 2020/11/04 15:17:39.627 Login Code: 0
[18264] 2020/11/04 15:45:03.115 -----------------------------------------------------------------
[10996] 2020/11/04 17:03:07.389 Login ID: R121015220
[10996] 2020/11/04 17:03:07.389 Version¡G2.13.16
[10996] 2020/11/04 17:03:07.749 Login Code: 0
[10996] 2020/11/04 17:25:23.585 -----------------------------------------------------------------
[11896] 2020/11/05 10:49:15.714 Login ID: R121015220
[11896] 2020/11/05 10:49:15.714 Version¡G2.13.16
[11896] 2020/11/05 10:49:16.037 Login Code: 0
[11896] 2020/11/05 11:26:25.108 -----------------------------------------------------------------
[4936] 2020/11/05 14:02:16.256 Login ID: R121015220
[4936] 2020/11/05 14:02:16.256 Version¡G2.13.16
[4936] 2020/11/05 14:02:16.585 Login Code: 0
[4936] 2020/11/05 15:22:12.342 -----------------------------------------------------------------
[13568] 2020/11/05 15:23:10.761 Login ID: R121015220
[13568] 2020/11/05 15:23:10.761 Version¡G2.13.16
[13568] 2020/11/05 15:23:11.145 Login Code: 0
[13568] 2020/11/05 15:23:32.196 -----------------------------------------------------------------
[16108] 2020/11/05 22:31:40.953 Login ID: R121015220
[16108] 2020/11/05 22:31:40.953 Version¡G2.13.16
[16108] 2020/11/05 22:31:41.334 Login Code: 0
[10176] 2020/11/10 08:04:43.578 Login ID: R121015220
[10176] 2020/11/10 08:04:43.578 Version¡G2.13.16
[10176] 2020/11/10 08:04:43.967 Login Code: 0
[10176] 2020/11/10 09:05:18.727 -----------------------------------------------------------------
[11676] 2020/11/10 09:52:46.649 Login ID: R121015220
[11676] 2020/11/10 09:52:46.649 Version¡G2.13.16
[11676] 2020/11/10 09:52:46.980 Login Code: 0
[11676] 2020/11/10 10:48:06.888 -----------------------------------------------------------------
[16832] 2020/11/10 15:12:55.465 Login ID: R121015220
[16832] 2020/11/10 15:12:55.474 Version¡G2.13.16
[16832] 2020/11/10 15:12:56.312 Login Code: 0
[18040] 2020/11/10 16:12:28.878 Login ID: R121015220
[18040] 2020/11/10 16:12:28.878 Version¡G2.13.16
[18040] 2020/11/10 16:12:29.398 Login Code: 0
[18040] 2020/11/10 16:56:45.936 -----------------------------------------------------------------
[10980] 2020/11/10 16:57:21.428 Login ID: R121015220
[10980] 2020/11/10 16:57:21.428 Version¡G2.13.16
[10980] 2020/11/10 16:57:21.830 Login Code: 0
[10980] 2020/11/10 17:16:53.308 -----------------------------------------------------------------
[7144] 2020/11/10 21:58:42.179 Login ID: R121015220
[7144] 2020/11/10 21:58:42.180 Version¡G2.13.16
[7144] 2020/11/10 21:58:42.763 Login Code: 0
[11436] 2020/11/10 22:02:30.052 Login ID: R121015220
[11436] 2020/11/10 22:02:30.052 Version¡G2.13.16
[11436] 2020/11/10 22:02:30.431 Login Code: 0
[11436] 2020/11/10 22:05:24.010 -----------------------------------------------------------------
[3636] 2020/11/11 09:12:46.714 Login ID: R121015220
[3636] 2020/11/11 09:12:46.715 Version¡G2.13.16
[3636] 2020/11/11 09:12:48.310 Login Code: 0
[1852] 2020/11/11 09:18:11.908 Login ID: R121015220
[1852] 2020/11/11 09:18:11.908 Version¡G2.13.16
[1852] 2020/11/11 09:18:12.303 Login Code: 0
[1852] 2020/11/11 09:18:23.330 -----------------------------------------------------------------
[11364] 2020/11/11 09:19:10.826 Login ID: R121015220
[11364] 2020/11/11 09:19:10.826 Version¡G2.13.16
[11364] 2020/11/11 09:19:11.248 Login Code: 0
[11364] 2020/11/11 09:19:14.820 -----------------------------------------------------------------
[2572] 2020/11/11 09:19:40.464 Login ID: R121015220
[2572] 2020/11/11 09:19:40.464 Version¡G2.13.16
[2572] 2020/11/11 09:19:41.012 Login Code: 0
[19548] 2020/11/11 10:49:29.005 Login ID: R121015220
[19548] 2020/11/11 10:49:29.005 Version¡G2.13.16
[19548] 2020/11/11 10:49:29.543 Login Code: 0
[19548] 2020/11/11 10:49:32.439 -----------------------------------------------------------------
[20044] 2020/11/11 10:49:35.341 Login ID: R121015220
[20044] 2020/11/11 10:49:35.341 Version¡G2.13.16
[20044] 2020/11/11 10:49:35.725 Login Code: 0
